#
# A fatal error has been detected by the Java Runtime Environment:
#
#  EXCEPTION_ACCESS_VIOLATION (0xc0000005) at pc=0x00007ff84b5c4f81, pid=38716, tid=121920
#
# JRE version: Java(TM) SE Runtime Environment (19.0.2+7) (build 19.0.2+7-44)
# Java VM: Java HotSpot(TM) 64-Bit Server VM (19.0.2+7-44, mixed mode, sharing, tiered, compressed oops, compressed class ptrs, g1 gc, windows-amd64)
# Problematic frame:
# C  [freetype-jni-64.dll+0x4f81]
#
# No core dump will be written. Minidumps are not enabled by default on client versions of Windows
#
# If you would like to submit a bug report, please visit:
#   https://bugreport.java.com/bugreport/crash.jsp
# The crash happened outside the Java Virtual Machine in native code.
# See problematic frame for where to report the bug.
#

---------------  S U M M A R Y ------------

Command Line: -Djava.library.path=C:\Users\Chris Combs\eclipse-workspace\Opencraft1.0\natives -Dfile.encoding=UTF-8 -XX:+ShowCodeDetailsInExceptionMessages opencraft.Main

Host: 12th Gen Intel(R) Core(TM) i9-12900KF, 24 cores, 127G,  Windows 11 , 64 bit Build 22621 (10.0.22621.1928)
Time: Fri Aug  4 00:04:51 2023 Pacific Daylight Time elapsed time: 0.286051 seconds (0d 0h 0m 0s)

---------------  T H R E A D  ---------------

Current thread (0x000002a7c4f882a0):  JavaThread "main" [_thread_in_native, id=121920, stack(0x000000dd5f300000,0x000000dd5f400000)]

Stack: [0x000000dd5f300000,0x000000dd5f400000],  sp=0x000000dd5f3fef30,  free space=1019k
Native frames: (J=compiled Java code, j=interpreted, Vv=VM code, C=native code)
C  [freetype-jni-64.dll+0x4f81]

Java frames: (J=compiled Java code, j=interpreted, Vv=VM code)
j  com.mlomb.freetypejni.FreeType.FT_Done_Face(J)Z+0
j  opencraft.graphics.ui.Font.<init>(Ljava/lang/String;)V+302
j  opencraft.graphics.DisplayUtills.loadResources()V+20
j  opencraft.Main.runOpencraft(Ljava/lang/String;)V+29
j  opencraft.Main.main([Ljava/lang/String;)V+2
v  ~StubRoutines::call_stub 0x000002a7d434100e

siginfo: EXCEPTION_ACCESS_VIOLATION (0xc0000005), reading address 0x0000000000000060


Registers:
RAX=0x0000000000000000, RBX=0x000002a7ebd1a9a8, RCX=0x000002a7f003da10, RDX=0x000000dd5f3ff040
RSP=0x000000dd5f3fef30, RBP=0x000000dd5f3ff030, RSI=0x000002a7eb8a88f8, RDI=0x000000dd5f3fef70
R8 =0x000002a7f003da10, R9 =0x0000000000000002, R10=0x000002a7d435f92e, R11=0x000000011fec97f0
R12=0x0000000000000000, R13=0x000002a7ebd1a9a8, R14=0x000000dd5f3ff058, R15=0x000002a7c4f882a0
RIP=0x00007ff84b5c4f81, EFLAGS=0x0000000000010206


Register to memory mapping:

RIP=0x00007ff84b5c4f81 freetype-jni-64.dll
RAX=0x0 is NULL
RBX={method} {0x000002a7ebd1a9b0} 'FT_Done_Face' '(J)Z' in 'com/mlomb/freetypejni/FreeType'
RCX=0x000002a7f003da10 points into unknown readable memory: 0x000002a7f7137d30 | 30 7d 13 f7 a7 02 00 00
RDX=0x000000dd5f3ff040 is pointing into the stack for thread: 0x000002a7c4f882a0
RSP=0x000000dd5f3fef30 is pointing into the stack for thread: 0x000002a7c4f882a0
RBP=0x000000dd5f3ff030 is pointing into the stack for thread: 0x000002a7c4f882a0
RSI=0x000002a7eb8a88f8 is pointing into metadata
RDI=0x000000dd5f3fef70 is pointing into the stack for thread: 0x000002a7c4f882a0
R8 =0x000002a7f003da10 points into unknown readable memory: 0x000002a7f7137d30 | 30 7d 13 f7 a7 02 00 00
R9 =0x0000000000000002 is an unknown value
R10=0x000002a7d435f92e is at code_begin+1006 in an Interpreter codelet
method entry point (kind = native)  [0x000002a7d435f540, 0x000002a7d4360050]  2832 bytes
R11=0x000000011fec97f0 is an oop: java.lang.Class 
{0x000000011fec97f0} - klass: 'java/lang/Class'
 - ---- fields (total size 14 words):
 - private volatile transient 'classRedefinedCount' 'I' @12  0
 - abstract internal 'klass' 'J' @16  34376601544 (1014fc8 8)
 - abstract internal 'array_klass' 'J' @24  0 (0 0)
 - abstract internal 'oop_size' 'I' @32  14 (e)
 - abstract internal 'static_oop_field_count' 'I' @36  0
 - private volatile transient 'cachedConstructor' 'Ljava/lang/reflect/Constructor;' @40  NULL (0)
 - private transient 'name' 'Ljava/lang/String;' @44  "com.mlomb.freetypejni.FreeType"{0x000000011fec9870} (23fd930e)
 - private transient 'module' 'Ljava/lang/Module;' @48  a 'java/lang/Module'{0x000000011f064b80} (23e0c970)
 - private final 'classLoader' 'Ljava/lang/ClassLoader;' @52  a 'jdk/internal/loader/ClassLoaders$AppClassLoader'{0x000000011f0649c0} (23e0c938)
 - private transient 'classData' 'Ljava/lang/Object;' @56  NULL (0)
 - private transient 'packageName' 'Ljava/lang/String;' @60  "com.mlomb.freetypejni"{0x000000011fec33a8} (23fd8675)
 - private final 'componentType' 'Ljava/lang/Class;' @64  NULL (0)
 - private volatile transient 'reflectionData' 'Ljava/lang/ref/SoftReference;' @68  NULL (0)
 - private volatile transient 'genericInfo' 'Lsun/reflect/generics/repository/ClassRepository;' @72  NULL (0)
 - private volatile transient 'enumConstants' '[Ljava/lang/Object;' @76  NULL (0)
 - private volatile transient 'enumConstantDirectory' 'Ljava/util/Map;' @80  NULL (0)
 - private volatile transient 'annotationData' 'Ljava/lang/Class$AnnotationData;' @84  NULL (0)
 - private volatile transient 'annotationType' 'Lsun/reflect/annotation/AnnotationType;' @88  NULL (0)
 - transient 'classValueMap' 'Ljava/lang/ClassValue$ClassValueMap;' @92  NULL (0)
 - abstract internal 'protection_domain' 'Ljava/lang/Object;' @96  a 'java/security/ProtectionDomain'{0x000000011fec9518} (23fd92a3)
 - abstract internal 'signers_name' 'Ljava/lang/Object;' @100  NULL (0)
 - abstract internal 'source_file' 'Ljava/lang/Object;' @104  NULL (0)
 - signature: Lcom/mlomb/freetypejni/FreeType;
 - ---- static fields (0):
R12=0x0 is NULL
R13={method} {0x000002a7ebd1a9b0} 'FT_Done_Face' '(J)Z' in 'com/mlomb/freetypejni/FreeType'
R14=0x000000dd5f3ff058 is pointing into the stack for thread: 0x000002a7c4f882a0
R15=0x000002a7c4f882a0 is a thread


Top of Stack: (sp=0x000000dd5f3fef30)
0x000000dd5f3fef30:   cccccccccccccccc cccccccccccccccc
0x000000dd5f3fef40:   cccccccccccccccc cccccccccccccccc
0x000000dd5f3fef50:   cccccccc00000023 cccccccccccccccc
0x000000dd5f3fef60:   cccccccccccccccc cccccccccccccccc
0x000000dd5f3fef70:   000000dd5f3fefa0 00007ff84b5c2822
0x000000dd5f3fef80:   000002a7f003da10 cccccccccccccccc
0x000000dd5f3fef90:   cccccccccccccccc cccccccccccccccc
0x000000dd5f3fefa0:   00000000000020ac 000002a7d435f95d
0x000000dd5f3fefb0:   000002a7c4f88580 000000dd5f3ff040
0x000000dd5f3fefc0:   000002a7f003da10 000002a7eb8a88f8
0x000000dd5f3fefd0:   0000000000000000 000000dd5f3ff0a8
0x000000dd5f3fefe0:   000002a7d435f5f6 000000dd5f3fefe8
0x000000dd5f3feff0:   000002a7ebd1a9a8 000000dd5f3ff058
0x000000dd5f3ff000:   000002a7ebd1cd38 0000000000000000
0x000000dd5f3ff010:   000000011fec97f0 000002a7ebd1a9a8
0x000000dd5f3ff020:   0000000000000000 000000dd5f3ff050 

Instructions: (pc=0x00007ff84b5c4f81)
0x00007ff84b5c4e81:   ff 90 88 00 00 00 89 44 24 34 48 8b 44 24 68 48
0x00007ff84b5c4e91:   83 78 20 00 74 15 48 8b 44 24 68 8b 00 83 e0 02
0x00007ff84b5c4ea1:   85 c0 74 07 c6 44 24 48 01 eb 05 c6 44 24 48 00
0x00007ff84b5c4eb1:   0f b6 44 24 48 8b d0 48 8b 4c 24 28 e8 5a c8 ff
0x00007ff84b5c4ec1:   ff 8b 44 24 34 48 8b f8 48 8b cc 48 8d 15 a5 c4
0x00007ff84b5c4ed1:   0f 00 e8 f8 c3 ff ff 48 8b c7 48 83 c4 50 5f c3
0x00007ff84b5c4ee1:   cc cc cc cc cc cc cc cc cc cc cc cc cc cc cc 48
0x00007ff84b5c4ef1:   89 4c 24 08 57 48 83 7c 24 10 00 75 07 b8 23 00
0x00007ff84b5c4f01:   00 00 eb 22 48 8b 44 24 10 48 8b 80 d0 00 00 00
0x00007ff84b5c4f11:   8b 40 60 ff c0 48 8b 4c 24 10 48 8b 89 d0 00 00
0x00007ff84b5c4f21:   00 89 41 60 33 c0 5f c3 cc cc cc cc cc cc cc 48
0x00007ff84b5c4f31:   89 4c 24 08 57 48 83 ec 40 48 8b fc b9 10 00 00
0x00007ff84b5c4f41:   00 b8 cc cc cc cc f3 ab 48 8b 4c 24 50 c7 44 24
0x00007ff84b5c4f51:   20 23 00 00 00 48 83 7c 24 50 00 0f 84 e4 00 00
0x00007ff84b5c4f61:   00 48 8b 44 24 50 48 83 b8 90 00 00 00 00 0f 84
0x00007ff84b5c4f71:   d1 00 00 00 48 8b 44 24 50 48 8b 80 d0 00 00 00
0x00007ff84b5c4f81:   8b 40 60 ff c8 48 8b 4c 24 50 48 8b 89 d0 00 00
0x00007ff84b5c4f91:   00 89 41 60 48 8b 44 24 50 48 8b 80 d0 00 00 00
0x00007ff84b5c4fa1:   83 78 60 00 7e 0d c7 44 24 20 00 00 00 00 e9 92
0x00007ff84b5c4fb1:   00 00 00 48 8b 44 24 50 48 8b 80 90 00 00 00 48
0x00007ff84b5c4fc1:   89 44 24 28 48 8b 44 24 28 48 8b 40 10 48 89 44
0x00007ff84b5c4fd1:   24 30 48 8b 44 24 28 48 83 c0 20 48 8b 54 24 50
0x00007ff84b5c4fe1:   48 8b c8 e8 c1 c0 ff ff 48 89 44 24 38 48 83 7c
0x00007ff84b5c4ff1:   24 38 00 74 50 48 8b 44 24 28 48 83 c0 20 48 8b
0x00007ff84b5c5001:   54 24 38 48 8b c8 e8 e5 c4 ff ff 48 8b 54 24 38
0x00007ff84b5c5011:   48 8b 4c 24 30 e8 0b c2 ff ff 48 c7 44 24 38 00
0x00007ff84b5c5021:   00 00 00 33 c0 85 c0 75 e2 4c 8b 44 24 28 48 8b
0x00007ff84b5c5031:   54 24 50 48 8b 4c 24 30 e8 62 f8 00 00 c7 44 24
0x00007ff84b5c5041:   20 00 00 00 00 8b 44 24 20 48 83 c4 40 5f c3 cc
0x00007ff84b5c5051:   cc cc cc cc cc cc cc cc cc cc cc cc cc cc cc 89
0x00007ff84b5c5061:   54 24 10 48 89 4c 24 08 57 48 83 ec 30 48 8b fc
0x00007ff84b5c5071:   b9 0c 00 00 00 b8 cc cc cc cc f3 ab 48 8b 4c 24 


Stack slot to memory mapping:
stack at sp + 0 slots: 0xcccccccccccccccc is an unknown value
stack at sp + 1 slots: 0xcccccccccccccccc is an unknown value
stack at sp + 2 slots: 0xcccccccccccccccc is an unknown value
stack at sp + 3 slots: 0xcccccccccccccccc is an unknown value
stack at sp + 4 slots: 0xcccccccc00000023 is an unknown value
stack at sp + 5 slots: 0xcccccccccccccccc is an unknown value
stack at sp + 6 slots: 0xcccccccccccccccc is an unknown value
stack at sp + 7 slots: 0xcccccccccccccccc is an unknown value


---------------  P R O C E S S  ---------------

Threads class SMR info:
_java_thread_list=0x000002a7f70c6230, length=16, elements={
0x000002a7c4f882a0, 0x000002a7eb546200, 0x000002a7eb548c40, 0x000002a7eb54f840,
0x000002a7eb550170, 0x000002a7eb552250, 0x000002a7eb555330, 0x000002a7eb55a3d0,
0x000002a7eb55b8d0, 0x000002a7eb56edd0, 0x000002a7eb632080, 0x000002a7eb6e8ff0,
0x000002a7eb6e8000, 0x000002a7eb630a40, 0x000002a7eb630fd0, 0x000002a7eb6304b0
}

Java Threads: ( => current thread )
=>0x000002a7c4f882a0 JavaThread "main" [_thread_in_native, id=121920, stack(0x000000dd5f300000,0x000000dd5f400000)]
  0x000002a7eb546200 JavaThread "Reference Handler" daemon [_thread_blocked, id=121924, stack(0x000000dd5fa00000,0x000000dd5fb00000)]
  0x000002a7eb548c40 JavaThread "Finalizer" daemon [_thread_blocked, id=244264, stack(0x000000dd5fb00000,0x000000dd5fc00000)]
  0x000002a7eb54f840 JavaThread "Signal Dispatcher" daemon [_thread_blocked, id=121900, stack(0x000000dd5fc00000,0x000000dd5fd00000)]
  0x000002a7eb550170 JavaThread "Attach Listener" daemon [_thread_blocked, id=121932, stack(0x000000dd5fd00000,0x000000dd5fe00000)]
  0x000002a7eb552250 JavaThread "Service Thread" daemon [_thread_blocked, id=37636, stack(0x000000dd5fe00000,0x000000dd5ff00000)]
  0x000002a7eb555330 JavaThread "Monitor Deflation Thread" daemon [_thread_blocked, id=37632, stack(0x000000dd5ff00000,0x000000dd60000000)]
  0x000002a7eb55a3d0 JavaThread "C2 CompilerThread0" daemon [_thread_blocked, id=106720, stack(0x000000dd60000000,0x000000dd60100000)]
  0x000002a7eb55b8d0 JavaThread "C1 CompilerThread0" daemon [_thread_blocked, id=121944, stack(0x000000dd60100000,0x000000dd60200000)]
  0x000002a7eb56edd0 JavaThread "Sweeper thread" daemon [_thread_blocked, id=121976, stack(0x000000dd60200000,0x000000dd60300000)]
  0x000002a7eb632080 JavaThread "C1 CompilerThread1" daemon [_thread_blocked, id=121968, stack(0x000000dd60300000,0x000000dd60400000)]
  0x000002a7eb6e8ff0 JavaThread "Notification Thread" daemon [_thread_blocked, id=116756, stack(0x000000dd60400000,0x000000dd60500000)]
  0x000002a7eb6e8000 JavaThread "Common-Cleaner" daemon [_thread_blocked, id=121904, stack(0x000000dd60600000,0x000000dd60700000)]
  0x000002a7eb630a40 JavaThread "C1 CompilerThread2" daemon [_thread_blocked, id=37404, stack(0x000000dd60d00000,0x000000dd60e00000)]
  0x000002a7eb630fd0 JavaThread "C1 CompilerThread3" daemon [_thread_blocked, id=118908, stack(0x000000dd60e00000,0x000000dd60f00000)]
  0x000002a7eb6304b0 JavaThread "C2 CompilerThread1" daemon [_thread_blocked, id=238828, stack(0x000000dd60f00000,0x000000dd61000000)]

Other Threads:
  0x000002a7c4facab0 VMThread "VM Thread" [stack: 0x000000dd5f900000,0x000000dd5fa00000] [id=121964]
  0x000002a7eb6f5970 WatcherThread "VM Periodic Task Thread" [stack: 0x000000dd60500000,0x000000dd60600000] [id=121908]
  0x000002a7c4fac510 WorkerThread "GC Thread#0" [stack: 0x000000dd5f400000,0x000000dd5f500000] [id=36432]
  0x000002a7c5049680 ConcurrentGCThread "G1 Main Marker" [stack: 0x000000dd5f500000,0x000000dd5f600000] [id=117540]
  0x000002a7c4fad320 WorkerThread "G1 Conc#0" [stack: 0x000000dd5f600000,0x000000dd5f700000] [id=115024]
  0x000002a7dceb7780 ConcurrentGCThread "G1 Refine#0" [stack: 0x000000dd5f700000,0x000000dd5f800000] [id=121912]
  0x000002a7dceb9170 ConcurrentGCThread "G1 Service" [stack: 0x000000dd5f800000,0x000000dd5f900000] [id=121876]

Threads with active compile tasks:

VM state: not at safepoint (normal execution)

VM Mutex/Monitor currently owned by a thread: None

Heap address: 0x00000000a0000000, size: 30208 MB, Compressed Oops mode: Zero based, Oop shift amount: 3

CDS archive(s) mapped at: [0x0000000800000000-0x0000000800c40000-0x0000000800c40000), size 12845056, SharedBaseAddress: 0x0000000800000000, ArchiveRelocationMode: 0.
Compressed class space mapped at: 0x0000000801000000-0x0000000841000000, reserved size: 1073741824
Narrow klass base: 0x0000000800000000, Narrow klass shift: 0, Narrow klass range: 0x100000000

GC Precious Log:
 CardTable entry size: 512
 Card Set container configuration: InlinePtr #cards 3 size 8 Array Of Cards #cards 128 size 272 Howl #buckets 8 coarsen threshold 29491 Howl Bitmap #cards 4096 size 528 coarsen threshold 3686 Card regions per heap region 1 cards per card region 32768
 CPUs: 24 total, 24 available
 Memory: 127G
 Large Page Support: Disabled
 NUMA Support: Disabled
 Compressed Oops: Enabled (Zero based)
 Heap Region Size: 16M
 Heap Min Capacity: 16M
 Heap Initial Capacity: 2G
 Heap Max Capacity: 30208M
 Pre-touch: Disabled
 Parallel Workers: 18
 Concurrent Workers: 5
 Concurrent Refinement Workers: 18
 Periodic GC: Disabled

Heap:
 garbage-first heap   total 2097152K, used 16384K [0x00000000a0000000, 0x0000000800000000)
  region size 16384K, 2 young (32768K), 0 survivors (0K)
 Metaspace       used 2840K, committed 3008K, reserved 1114112K
  class space    used 171K, committed 256K, reserved 1048576K

Heap Regions: E=young(eden), S=young(survivor), O=old, HS=humongous(starts), HC=humongous(continues), CS=collection set, F=free, OA=open archive, CA=closed archive, TAMS=top-at-mark-start (previous, next)
|   0|0x00000000a0000000, 0x00000000a0000000, 0x00000000a1000000|  0%| F|  |TAMS 0x00000000a0000000, 0x00000000a0000000| Untracked 
|   1|0x00000000a1000000, 0x00000000a1000000, 0x00000000a2000000|  0%| F|  |TAMS 0x00000000a1000000, 0x00000000a1000000| Untracked 
|   2|0x00000000a2000000, 0x00000000a2000000, 0x00000000a3000000|  0%| F|  |TAMS 0x00000000a2000000, 0x00000000a2000000| Untracked 
|   3|0x00000000a3000000, 0x00000000a3000000, 0x00000000a4000000|  0%| F|  |TAMS 0x00000000a3000000, 0x00000000a3000000| Untracked 
|   4|0x00000000a4000000, 0x00000000a4000000, 0x00000000a5000000|  0%| F|  |TAMS 0x00000000a4000000, 0x00000000a4000000| Untracked 
|   5|0x00000000a5000000, 0x00000000a5000000, 0x00000000a6000000|  0%| F|  |TAMS 0x00000000a5000000, 0x00000000a5000000| Untracked 
|   6|0x00000000a6000000, 0x00000000a6000000, 0x00000000a7000000|  0%| F|  |TAMS 0x00000000a6000000, 0x00000000a6000000| Untracked 
|   7|0x00000000a7000000, 0x00000000a7000000, 0x00000000a8000000|  0%| F|  |TAMS 0x00000000a7000000, 0x00000000a7000000| Untracked 
|   8|0x00000000a8000000, 0x00000000a8000000, 0x00000000a9000000|  0%| F|  |TAMS 0x00000000a8000000, 0x00000000a8000000| Untracked 
|   9|0x00000000a9000000, 0x00000000a9000000, 0x00000000aa000000|  0%| F|  |TAMS 0x00000000a9000000, 0x00000000a9000000| Untracked 
|  10|0x00000000aa000000, 0x00000000aa000000, 0x00000000ab000000|  0%| F|  |TAMS 0x00000000aa000000, 0x00000000aa000000| Untracked 
|  11|0x00000000ab000000, 0x00000000ab000000, 0x00000000ac000000|  0%| F|  |TAMS 0x00000000ab000000, 0x00000000ab000000| Untracked 
|  12|0x00000000ac000000, 0x00000000ac000000, 0x00000000ad000000|  0%| F|  |TAMS 0x00000000ac000000, 0x00000000ac000000| Untracked 
|  13|0x00000000ad000000, 0x00000000ad000000, 0x00000000ae000000|  0%| F|  |TAMS 0x00000000ad000000, 0x00000000ad000000| Untracked 
|  14|0x00000000ae000000, 0x00000000ae000000, 0x00000000af000000|  0%| F|  |TAMS 0x00000000ae000000, 0x00000000ae000000| Untracked 
|  15|0x00000000af000000, 0x00000000af000000, 0x00000000b0000000|  0%| F|  |TAMS 0x00000000af000000, 0x00000000af000000| Untracked 
|  16|0x00000000b0000000, 0x00000000b0000000, 0x00000000b1000000|  0%| F|  |TAMS 0x00000000b0000000, 0x00000000b0000000| Untracked 
|  17|0x00000000b1000000, 0x00000000b1000000, 0x00000000b2000000|  0%| F|  |TAMS 0x00000000b1000000, 0x00000000b1000000| Untracked 
|  18|0x00000000b2000000, 0x00000000b2000000, 0x00000000b3000000|  0%| F|  |TAMS 0x00000000b2000000, 0x00000000b2000000| Untracked 
|  19|0x00000000b3000000, 0x00000000b3000000, 0x00000000b4000000|  0%| F|  |TAMS 0x00000000b3000000, 0x00000000b3000000| Untracked 
|  20|0x00000000b4000000, 0x00000000b4000000, 0x00000000b5000000|  0%| F|  |TAMS 0x00000000b4000000, 0x00000000b4000000| Untracked 
|  21|0x00000000b5000000, 0x00000000b5000000, 0x00000000b6000000|  0%| F|  |TAMS 0x00000000b5000000, 0x00000000b5000000| Untracked 
|  22|0x00000000b6000000, 0x00000000b6000000, 0x00000000b7000000|  0%| F|  |TAMS 0x00000000b6000000, 0x00000000b6000000| Untracked 
|  23|0x00000000b7000000, 0x00000000b7000000, 0x00000000b8000000|  0%| F|  |TAMS 0x00000000b7000000, 0x00000000b7000000| Untracked 
|  24|0x00000000b8000000, 0x00000000b8000000, 0x00000000b9000000|  0%| F|  |TAMS 0x00000000b8000000, 0x00000000b8000000| Untracked 
|  25|0x00000000b9000000, 0x00000000b9000000, 0x00000000ba000000|  0%| F|  |TAMS 0x00000000b9000000, 0x00000000b9000000| Untracked 
|  26|0x00000000ba000000, 0x00000000ba000000, 0x00000000bb000000|  0%| F|  |TAMS 0x00000000ba000000, 0x00000000ba000000| Untracked 
|  27|0x00000000bb000000, 0x00000000bb000000, 0x00000000bc000000|  0%| F|  |TAMS 0x00000000bb000000, 0x00000000bb000000| Untracked 
|  28|0x00000000bc000000, 0x00000000bc000000, 0x00000000bd000000|  0%| F|  |TAMS 0x00000000bc000000, 0x00000000bc000000| Untracked 
|  29|0x00000000bd000000, 0x00000000bd000000, 0x00000000be000000|  0%| F|  |TAMS 0x00000000bd000000, 0x00000000bd000000| Untracked 
|  30|0x00000000be000000, 0x00000000be000000, 0x00000000bf000000|  0%| F|  |TAMS 0x00000000be000000, 0x00000000be000000| Untracked 
|  31|0x00000000bf000000, 0x00000000bf000000, 0x00000000c0000000|  0%| F|  |TAMS 0x00000000bf000000, 0x00000000bf000000| Untracked 
|  32|0x00000000c0000000, 0x00000000c0000000, 0x00000000c1000000|  0%| F|  |TAMS 0x00000000c0000000, 0x00000000c0000000| Untracked 
|  33|0x00000000c1000000, 0x00000000c1000000, 0x00000000c2000000|  0%| F|  |TAMS 0x00000000c1000000, 0x00000000c1000000| Untracked 
|  34|0x00000000c2000000, 0x00000000c2000000, 0x00000000c3000000|  0%| F|  |TAMS 0x00000000c2000000, 0x00000000c2000000| Untracked 
|  35|0x00000000c3000000, 0x00000000c3000000, 0x00000000c4000000|  0%| F|  |TAMS 0x00000000c3000000, 0x00000000c3000000| Untracked 
|  36|0x00000000c4000000, 0x00000000c4000000, 0x00000000c5000000|  0%| F|  |TAMS 0x00000000c4000000, 0x00000000c4000000| Untracked 
|  37|0x00000000c5000000, 0x00000000c5000000, 0x00000000c6000000|  0%| F|  |TAMS 0x00000000c5000000, 0x00000000c5000000| Untracked 
|  38|0x00000000c6000000, 0x00000000c6000000, 0x00000000c7000000|  0%| F|  |TAMS 0x00000000c6000000, 0x00000000c6000000| Untracked 
|  39|0x00000000c7000000, 0x00000000c7000000, 0x00000000c8000000|  0%| F|  |TAMS 0x00000000c7000000, 0x00000000c7000000| Untracked 
|  40|0x00000000c8000000, 0x00000000c8000000, 0x00000000c9000000|  0%| F|  |TAMS 0x00000000c8000000, 0x00000000c8000000| Untracked 
|  41|0x00000000c9000000, 0x00000000c9000000, 0x00000000ca000000|  0%| F|  |TAMS 0x00000000c9000000, 0x00000000c9000000| Untracked 
|  42|0x00000000ca000000, 0x00000000ca000000, 0x00000000cb000000|  0%| F|  |TAMS 0x00000000ca000000, 0x00000000ca000000| Untracked 
|  43|0x00000000cb000000, 0x00000000cb000000, 0x00000000cc000000|  0%| F|  |TAMS 0x00000000cb000000, 0x00000000cb000000| Untracked 
|  44|0x00000000cc000000, 0x00000000cc000000, 0x00000000cd000000|  0%| F|  |TAMS 0x00000000cc000000, 0x00000000cc000000| Untracked 
|  45|0x00000000cd000000, 0x00000000cd000000, 0x00000000ce000000|  0%| F|  |TAMS 0x00000000cd000000, 0x00000000cd000000| Untracked 
|  46|0x00000000ce000000, 0x00000000ce000000, 0x00000000cf000000|  0%| F|  |TAMS 0x00000000ce000000, 0x00000000ce000000| Untracked 
|  47|0x00000000cf000000, 0x00000000cf000000, 0x00000000d0000000|  0%| F|  |TAMS 0x00000000cf000000, 0x00000000cf000000| Untracked 
|  48|0x00000000d0000000, 0x00000000d0000000, 0x00000000d1000000|  0%| F|  |TAMS 0x00000000d0000000, 0x00000000d0000000| Untracked 
|  49|0x00000000d1000000, 0x00000000d1000000, 0x00000000d2000000|  0%| F|  |TAMS 0x00000000d1000000, 0x00000000d1000000| Untracked 
|  50|0x00000000d2000000, 0x00000000d2000000, 0x00000000d3000000|  0%| F|  |TAMS 0x00000000d2000000, 0x00000000d2000000| Untracked 
|  51|0x00000000d3000000, 0x00000000d3000000, 0x00000000d4000000|  0%| F|  |TAMS 0x00000000d3000000, 0x00000000d3000000| Untracked 
|  52|0x00000000d4000000, 0x00000000d4000000, 0x00000000d5000000|  0%| F|  |TAMS 0x00000000d4000000, 0x00000000d4000000| Untracked 
|  53|0x00000000d5000000, 0x00000000d5000000, 0x00000000d6000000|  0%| F|  |TAMS 0x00000000d5000000, 0x00000000d5000000| Untracked 
|  54|0x00000000d6000000, 0x00000000d6000000, 0x00000000d7000000|  0%| F|  |TAMS 0x00000000d6000000, 0x00000000d6000000| Untracked 
|  55|0x00000000d7000000, 0x00000000d7000000, 0x00000000d8000000|  0%| F|  |TAMS 0x00000000d7000000, 0x00000000d7000000| Untracked 
|  56|0x00000000d8000000, 0x00000000d8000000, 0x00000000d9000000|  0%| F|  |TAMS 0x00000000d8000000, 0x00000000d8000000| Untracked 
|  57|0x00000000d9000000, 0x00000000d9000000, 0x00000000da000000|  0%| F|  |TAMS 0x00000000d9000000, 0x00000000d9000000| Untracked 
|  58|0x00000000da000000, 0x00000000da000000, 0x00000000db000000|  0%| F|  |TAMS 0x00000000da000000, 0x00000000da000000| Untracked 
|  59|0x00000000db000000, 0x00000000db000000, 0x00000000dc000000|  0%| F|  |TAMS 0x00000000db000000, 0x00000000db000000| Untracked 
|  60|0x00000000dc000000, 0x00000000dc000000, 0x00000000dd000000|  0%| F|  |TAMS 0x00000000dc000000, 0x00000000dc000000| Untracked 
|  61|0x00000000dd000000, 0x00000000dd000000, 0x00000000de000000|  0%| F|  |TAMS 0x00000000dd000000, 0x00000000dd000000| Untracked 
|  62|0x00000000de000000, 0x00000000de000000, 0x00000000df000000|  0%| F|  |TAMS 0x00000000de000000, 0x00000000de000000| Untracked 
|  63|0x00000000df000000, 0x00000000df000000, 0x00000000e0000000|  0%| F|  |TAMS 0x00000000df000000, 0x00000000df000000| Untracked 
|  64|0x00000000e0000000, 0x00000000e0000000, 0x00000000e1000000|  0%| F|  |TAMS 0x00000000e0000000, 0x00000000e0000000| Untracked 
|  65|0x00000000e1000000, 0x00000000e1000000, 0x00000000e2000000|  0%| F|  |TAMS 0x00000000e1000000, 0x00000000e1000000| Untracked 
|  66|0x00000000e2000000, 0x00000000e2000000, 0x00000000e3000000|  0%| F|  |TAMS 0x00000000e2000000, 0x00000000e2000000| Untracked 
|  67|0x00000000e3000000, 0x00000000e3000000, 0x00000000e4000000|  0%| F|  |TAMS 0x00000000e3000000, 0x00000000e3000000| Untracked 
|  68|0x00000000e4000000, 0x00000000e4000000, 0x00000000e5000000|  0%| F|  |TAMS 0x00000000e4000000, 0x00000000e4000000| Untracked 
|  69|0x00000000e5000000, 0x00000000e5000000, 0x00000000e6000000|  0%| F|  |TAMS 0x00000000e5000000, 0x00000000e5000000| Untracked 
|  70|0x00000000e6000000, 0x00000000e6000000, 0x00000000e7000000|  0%| F|  |TAMS 0x00000000e6000000, 0x00000000e6000000| Untracked 
|  71|0x00000000e7000000, 0x00000000e7000000, 0x00000000e8000000|  0%| F|  |TAMS 0x00000000e7000000, 0x00000000e7000000| Untracked 
|  72|0x00000000e8000000, 0x00000000e8000000, 0x00000000e9000000|  0%| F|  |TAMS 0x00000000e8000000, 0x00000000e8000000| Untracked 
|  73|0x00000000e9000000, 0x00000000e9000000, 0x00000000ea000000|  0%| F|  |TAMS 0x00000000e9000000, 0x00000000e9000000| Untracked 
|  74|0x00000000ea000000, 0x00000000ea000000, 0x00000000eb000000|  0%| F|  |TAMS 0x00000000ea000000, 0x00000000ea000000| Untracked 
|  75|0x00000000eb000000, 0x00000000eb000000, 0x00000000ec000000|  0%| F|  |TAMS 0x00000000eb000000, 0x00000000eb000000| Untracked 
|  76|0x00000000ec000000, 0x00000000ec000000, 0x00000000ed000000|  0%| F|  |TAMS 0x00000000ec000000, 0x00000000ec000000| Untracked 
|  77|0x00000000ed000000, 0x00000000ed000000, 0x00000000ee000000|  0%| F|  |TAMS 0x00000000ed000000, 0x00000000ed000000| Untracked 
|  78|0x00000000ee000000, 0x00000000ee000000, 0x00000000ef000000|  0%| F|  |TAMS 0x00000000ee000000, 0x00000000ee000000| Untracked 
|  79|0x00000000ef000000, 0x00000000ef000000, 0x00000000f0000000|  0%| F|  |TAMS 0x00000000ef000000, 0x00000000ef000000| Untracked 
|  80|0x00000000f0000000, 0x00000000f0000000, 0x00000000f1000000|  0%| F|  |TAMS 0x00000000f0000000, 0x00000000f0000000| Untracked 
|  81|0x00000000f1000000, 0x00000000f1000000, 0x00000000f2000000|  0%| F|  |TAMS 0x00000000f1000000, 0x00000000f1000000| Untracked 
|  82|0x00000000f2000000, 0x00000000f2000000, 0x00000000f3000000|  0%| F|  |TAMS 0x00000000f2000000, 0x00000000f2000000| Untracked 
|  83|0x00000000f3000000, 0x00000000f3000000, 0x00000000f4000000|  0%| F|  |TAMS 0x00000000f3000000, 0x00000000f3000000| Untracked 
|  84|0x00000000f4000000, 0x00000000f4000000, 0x00000000f5000000|  0%| F|  |TAMS 0x00000000f4000000, 0x00000000f4000000| Untracked 
|  85|0x00000000f5000000, 0x00000000f5000000, 0x00000000f6000000|  0%| F|  |TAMS 0x00000000f5000000, 0x00000000f5000000| Untracked 
|  86|0x00000000f6000000, 0x00000000f6000000, 0x00000000f7000000|  0%| F|  |TAMS 0x00000000f6000000, 0x00000000f6000000| Untracked 
|  87|0x00000000f7000000, 0x00000000f7000000, 0x00000000f8000000|  0%| F|  |TAMS 0x00000000f7000000, 0x00000000f7000000| Untracked 
|  88|0x00000000f8000000, 0x00000000f8000000, 0x00000000f9000000|  0%| F|  |TAMS 0x00000000f8000000, 0x00000000f8000000| Untracked 
|  89|0x00000000f9000000, 0x00000000f9000000, 0x00000000fa000000|  0%| F|  |TAMS 0x00000000f9000000, 0x00000000f9000000| Untracked 
|  90|0x00000000fa000000, 0x00000000fa000000, 0x00000000fb000000|  0%| F|  |TAMS 0x00000000fa000000, 0x00000000fa000000| Untracked 
|  91|0x00000000fb000000, 0x00000000fb000000, 0x00000000fc000000|  0%| F|  |TAMS 0x00000000fb000000, 0x00000000fb000000| Untracked 
|  92|0x00000000fc000000, 0x00000000fc000000, 0x00000000fd000000|  0%| F|  |TAMS 0x00000000fc000000, 0x00000000fc000000| Untracked 
|  93|0x00000000fd000000, 0x00000000fd000000, 0x00000000fe000000|  0%| F|  |TAMS 0x00000000fd000000, 0x00000000fd000000| Untracked 
|  94|0x00000000fe000000, 0x00000000fe000000, 0x00000000ff000000|  0%| F|  |TAMS 0x00000000fe000000, 0x00000000fe000000| Untracked 
|  95|0x00000000ff000000, 0x00000000ff000000, 0x0000000100000000|  0%| F|  |TAMS 0x00000000ff000000, 0x00000000ff000000| Untracked 
|  96|0x0000000100000000, 0x0000000100000000, 0x0000000101000000|  0%| F|  |TAMS 0x0000000100000000, 0x0000000100000000| Untracked 
|  97|0x0000000101000000, 0x0000000101000000, 0x0000000102000000|  0%| F|  |TAMS 0x0000000101000000, 0x0000000101000000| Untracked 
|  98|0x0000000102000000, 0x0000000102000000, 0x0000000103000000|  0%| F|  |TAMS 0x0000000102000000, 0x0000000102000000| Untracked 
|  99|0x0000000103000000, 0x0000000103000000, 0x0000000104000000|  0%| F|  |TAMS 0x0000000103000000, 0x0000000103000000| Untracked 
| 100|0x0000000104000000, 0x0000000104000000, 0x0000000105000000|  0%| F|  |TAMS 0x0000000104000000, 0x0000000104000000| Untracked 
| 101|0x0000000105000000, 0x0000000105000000, 0x0000000106000000|  0%| F|  |TAMS 0x0000000105000000, 0x0000000105000000| Untracked 
| 102|0x0000000106000000, 0x0000000106000000, 0x0000000107000000|  0%| F|  |TAMS 0x0000000106000000, 0x0000000106000000| Untracked 
| 103|0x0000000107000000, 0x0000000107000000, 0x0000000108000000|  0%| F|  |TAMS 0x0000000107000000, 0x0000000107000000| Untracked 
| 104|0x0000000108000000, 0x0000000108000000, 0x0000000109000000|  0%| F|  |TAMS 0x0000000108000000, 0x0000000108000000| Untracked 
| 105|0x0000000109000000, 0x0000000109000000, 0x000000010a000000|  0%| F|  |TAMS 0x0000000109000000, 0x0000000109000000| Untracked 
| 106|0x000000010a000000, 0x000000010a000000, 0x000000010b000000|  0%| F|  |TAMS 0x000000010a000000, 0x000000010a000000| Untracked 
| 107|0x000000010b000000, 0x000000010b000000, 0x000000010c000000|  0%| F|  |TAMS 0x000000010b000000, 0x000000010b000000| Untracked 
| 108|0x000000010c000000, 0x000000010c000000, 0x000000010d000000|  0%| F|  |TAMS 0x000000010c000000, 0x000000010c000000| Untracked 
| 109|0x000000010d000000, 0x000000010d000000, 0x000000010e000000|  0%| F|  |TAMS 0x000000010d000000, 0x000000010d000000| Untracked 
| 110|0x000000010e000000, 0x000000010e000000, 0x000000010f000000|  0%| F|  |TAMS 0x000000010e000000, 0x000000010e000000| Untracked 
| 111|0x000000010f000000, 0x000000010f000000, 0x0000000110000000|  0%| F|  |TAMS 0x000000010f000000, 0x000000010f000000| Untracked 
| 112|0x0000000110000000, 0x0000000110000000, 0x0000000111000000|  0%| F|  |TAMS 0x0000000110000000, 0x0000000110000000| Untracked 
| 113|0x0000000111000000, 0x0000000111000000, 0x0000000112000000|  0%| F|  |TAMS 0x0000000111000000, 0x0000000111000000| Untracked 
| 114|0x0000000112000000, 0x0000000112000000, 0x0000000113000000|  0%| F|  |TAMS 0x0000000112000000, 0x0000000112000000| Untracked 
| 115|0x0000000113000000, 0x0000000113000000, 0x0000000114000000|  0%| F|  |TAMS 0x0000000113000000, 0x0000000113000000| Untracked 
| 116|0x0000000114000000, 0x0000000114000000, 0x0000000115000000|  0%| F|  |TAMS 0x0000000114000000, 0x0000000114000000| Untracked 
| 117|0x0000000115000000, 0x0000000115000000, 0x0000000116000000|  0%| F|  |TAMS 0x0000000115000000, 0x0000000115000000| Untracked 
| 118|0x0000000116000000, 0x0000000116000000, 0x0000000117000000|  0%| F|  |TAMS 0x0000000116000000, 0x0000000116000000| Untracked 
| 119|0x0000000117000000, 0x0000000117000000, 0x0000000118000000|  0%| F|  |TAMS 0x0000000117000000, 0x0000000117000000| Untracked 
| 120|0x0000000118000000, 0x0000000118000000, 0x0000000119000000|  0%| F|  |TAMS 0x0000000118000000, 0x0000000118000000| Untracked 
| 121|0x0000000119000000, 0x0000000119000000, 0x000000011a000000|  0%| F|  |TAMS 0x0000000119000000, 0x0000000119000000| Untracked 
| 122|0x000000011a000000, 0x000000011a000000, 0x000000011b000000|  0%| F|  |TAMS 0x000000011a000000, 0x000000011a000000| Untracked 
| 123|0x000000011b000000, 0x000000011b000000, 0x000000011c000000|  0%| F|  |TAMS 0x000000011b000000, 0x000000011b000000| Untracked 
| 124|0x000000011c000000, 0x000000011c000000, 0x000000011d000000|  0%| F|  |TAMS 0x000000011c000000, 0x000000011c000000| Untracked 
| 125|0x000000011d000000, 0x000000011d000000, 0x000000011e000000|  0%| F|  |TAMS 0x000000011d000000, 0x000000011d000000| Untracked 
| 126|0x000000011e000000, 0x000000011e000800, 0x000000011f000000|  0%| E|  |TAMS 0x000000011e000000, 0x000000011e000000| Complete 
| 127|0x000000011f000000, 0x0000000120000000, 0x0000000120000000|100%| E|CS|TAMS 0x000000011f000000, 0x000000011f000000| Complete 

Card table byte_map: [0x000002a7e09d0000,0x000002a7e44d0000] _byte_map_base: 0x000002a7e04d0000

Marking Bits (Prev, Next): (CMBitMap*) 0x000002a7c503a0b0, (CMBitMap*) 0x000002a7c503a0f0
 Prev Bits: [0x000002a780000000, 0x000002a79d800000)
 Next Bits: [0x000002a79d800000, 0x000002a7bb000000)

Polling page: 0x000002a7c2f30000

Metaspace:

Usage:
  Non-class:      2.61 MB used.
      Class:    171.21 KB used.
       Both:      2.77 MB used.

Virtual space:
  Non-class space:       64.00 MB reserved,       2.69 MB (  4%) committed,  1 nodes.
      Class space:        1.00 GB reserved,     256.00 KB ( <1%) committed,  1 nodes.
             Both:        1.06 GB reserved,       2.94 MB ( <1%) committed. 

Chunk freelists:
   Non-Class:  2.84 MB
       Class:  3.67 MB
        Both:  6.51 MB

MaxMetaspaceSize: unlimited
CompressedClassSpaceSize: 1.00 GB
Initial GC threshold: 21.00 MB
Current GC threshold: 21.00 MB
CDS: on
MetaspaceReclaimPolicy: balanced
 - commit_granule_bytes: 65536.
 - commit_granule_words: 8192.
 - virtual_space_node_default_size: 8388608.
 - enlarge_chunks_in_place: 1.
 - new_chunks_are_fully_committed: 0.
 - uncommit_free_chunks: 1.
 - use_allocation_guard: 0.


Internal statistics:

num_allocs_failed_limit: 0.
num_arena_births: 16.
num_arena_deaths: 0.
num_vsnodes_births: 2.
num_vsnodes_deaths: 0.
num_space_committed: 45.
num_space_uncommitted: 0.
num_chunks_returned_to_freelist: 0.
num_chunks_taken_from_freelist: 64.
num_chunk_merges: 0.
num_chunk_splits: 37.
num_chunks_enlarged: 33.
num_inconsistent_stats: 0.

CodeHeap 'non-profiled nmethods': size=119168Kb used=152Kb max_used=152Kb free=119016Kb
 bounds [0x000002a7d4a90000, 0x000002a7d4d00000, 0x000002a7dbef0000]
CodeHeap 'profiled nmethods': size=119104Kb used=1001Kb max_used=1001Kb free=118102Kb
 bounds [0x000002a7ccef0000, 0x000002a7cd160000, 0x000002a7d4340000]
CodeHeap 'non-nmethods': size=7488Kb used=2976Kb max_used=2990Kb free=4511Kb
 bounds [0x000002a7d4340000, 0x000002a7d4630000, 0x000002a7d4a90000]
 total_blobs=1160 nmethods=647 adapters=421
 compilation: enabled
              stopped_count=0, restarted_count=0
 full_count=0

Compilation events (20 events):
Event: 0.282 Thread 0x000002a7eb632080  624       1       java.nio.DirectByteBuffer::isDirect (2 bytes)
Event: 0.282 Thread 0x000002a7eb630fd0  625       3       sun.nio.cs.StreamEncoder::ensureOpen (18 bytes)
Event: 0.282 Thread 0x000002a7eb55b8d0  626       3       sun.nio.cs.StreamEncoder::implWrite (15 bytes)
Event: 0.282 Thread 0x000002a7eb630a40  627   !   3       java.nio.CharBuffer::wrap (21 bytes)
Event: 0.282 Thread 0x000002a7eb632080 nmethod 624 0x000002a7d4ab5a10 code [0x000002a7d4ab5ba0, 0x000002a7d4ab5c78]
Event: 0.282 Thread 0x000002a7eb632080  628       3       java.nio.HeapCharBuffer::<init> (23 bytes)
Event: 0.282 Thread 0x000002a7eb630fd0 nmethod 625 0x000002a7ccfdb010 code [0x000002a7ccfdb1c0, 0x000002a7ccfdb3c8]
Event: 0.282 Thread 0x000002a7eb55b8d0 nmethod 626 0x000002a7ccfdb490 code [0x000002a7ccfdb640, 0x000002a7ccfdb7b8]
Event: 0.282 Thread 0x000002a7eb630fd0  629       3       sun.nio.cs.StreamEncoder::implWrite (145 bytes)
Event: 0.282 Thread 0x000002a7eb632080 nmethod 628 0x000002a7ccfdb890 code [0x000002a7ccfdba40, 0x000002a7ccfdbbc8]
Event: 0.282 Thread 0x000002a7eb55b8d0  630       3       sun.nio.cs.StreamEncoder::growByteBufferIfNeeded (59 bytes)
Event: 0.282 Thread 0x000002a7eb630a40 nmethod 627 0x000002a7ccfdbc90 code [0x000002a7ccfdbe60, 0x000002a7ccfdc098]
Event: 0.282 Thread 0x000002a7eb632080  631       3       java.lang.Math::round (56 bytes)
Event: 0.282 Thread 0x000002a7eb630a40  632       3       sun.nio.cs.SingleByte$Encoder::encodeLoop (28 bytes)
Event: 0.282 Thread 0x000002a7eb632080 nmethod 631 0x000002a7ccfdc210 code [0x000002a7ccfdc3c0, 0x000002a7ccfdc5b8]
Event: 0.282 Thread 0x000002a7eb632080  633       3       sun.nio.cs.SingleByte$Encoder::encodeArrayLoop (280 bytes)
Event: 0.282 Thread 0x000002a7eb630a40 nmethod 632 0x000002a7ccfdc690 code [0x000002a7ccfdc880, 0x000002a7ccfdcc98]
Event: 0.282 Thread 0x000002a7eb55b8d0 nmethod 630 0x000002a7ccfdce10 code [0x000002a7ccfdd000, 0x000002a7ccfdd448]
Event: 0.282 Thread 0x000002a7eb630a40  634       3       java.lang.System$2::encodeASCII (11 bytes)
Event: 0.282 Thread 0x000002a7eb55b8d0  635       3       sun.nio.cs.SingleByte::withResult (25 bytes)

GC Heap History (0 events):
No events

Dll operation events (10 events):
Event: 0.004 Loaded shared library C:\Program Files\Java\jdk-19\bin\java.dll
Event: 0.012 Loaded shared library C:\Program Files\Java\jdk-19\bin\jsvml.dll
Event: 0.033 Loaded shared library C:\Program Files\Java\jdk-19\bin\net.dll
Event: 0.033 Loaded shared library C:\Program Files\Java\jdk-19\bin\nio.dll
Event: 0.035 Loaded shared library C:\Program Files\Java\jdk-19\bin\zip.dll
Event: 0.040 Loaded shared library C:\Program Files\Java\jdk-19\bin\verify.dll
Event: 0.054 Loaded shared library C:\Users\Chris Combs\eclipse-workspace\Opencraft1.0\natives\lwjgl64.dll
Event: 0.237 Loaded shared library C:\Program Files\Java\jdk-19\bin\jimage.dll
Event: 0.254 Loaded shared library C:\Program Files\Java\jdk-19\bin\awt.dll
Event: 0.272 Loaded shared library C:\Users\Chris Combs\eclipse-workspace\Opencraft1.0\natives\freetype-jni-64.dll

Deoptimization events (20 events):
Event: 0.267 Thread 0x000002a7c4f882a0 DEOPT PACKING pc=0x000002a7ccfb22ca sp=0x000000dd5f3fe9d0
Event: 0.267 Thread 0x000002a7c4f882a0 DEOPT UNPACKING pc=0x000002a7d43a7543 sp=0x000000dd5f3fde60 mode 0
Event: 0.267 Thread 0x000002a7c4f882a0 DEOPT PACKING pc=0x000002a7ccfb22ca sp=0x000000dd5f3fe9d0
Event: 0.267 Thread 0x000002a7c4f882a0 DEOPT UNPACKING pc=0x000002a7d43a7543 sp=0x000000dd5f3fde60 mode 0
Event: 0.267 Thread 0x000002a7c4f882a0 DEOPT PACKING pc=0x000002a7ccfb22ca sp=0x000000dd5f3fe9d0
Event: 0.267 Thread 0x000002a7c4f882a0 DEOPT UNPACKING pc=0x000002a7d43a7543 sp=0x000000dd5f3fde60 mode 0
Event: 0.267 Thread 0x000002a7c4f882a0 DEOPT PACKING pc=0x000002a7ccfb22ca sp=0x000000dd5f3fe9d0
Event: 0.267 Thread 0x000002a7c4f882a0 DEOPT UNPACKING pc=0x000002a7d43a7543 sp=0x000000dd5f3fde60 mode 0
Event: 0.267 Thread 0x000002a7c4f882a0 DEOPT PACKING pc=0x000002a7ccfb22ca sp=0x000000dd5f3fe9d0
Event: 0.267 Thread 0x000002a7c4f882a0 DEOPT UNPACKING pc=0x000002a7d43a7543 sp=0x000000dd5f3fde60 mode 0
Event: 0.267 Thread 0x000002a7c4f882a0 DEOPT PACKING pc=0x000002a7ccfb22ca sp=0x000000dd5f3fe9d0
Event: 0.267 Thread 0x000002a7c4f882a0 DEOPT UNPACKING pc=0x000002a7d43a7543 sp=0x000000dd5f3fde60 mode 0
Event: 0.267 Thread 0x000002a7c4f882a0 DEOPT PACKING pc=0x000002a7ccfb22ca sp=0x000000dd5f3fe9d0
Event: 0.267 Thread 0x000002a7c4f882a0 DEOPT UNPACKING pc=0x000002a7d43a7543 sp=0x000000dd5f3fde60 mode 0
Event: 0.267 Thread 0x000002a7c4f882a0 DEOPT PACKING pc=0x000002a7ccfb22ca sp=0x000000dd5f3fe9d0
Event: 0.267 Thread 0x000002a7c4f882a0 DEOPT UNPACKING pc=0x000002a7d43a7543 sp=0x000000dd5f3fde60 mode 0
Event: 0.267 Thread 0x000002a7c4f882a0 DEOPT PACKING pc=0x000002a7ccfb22ca sp=0x000000dd5f3fe9d0
Event: 0.267 Thread 0x000002a7c4f882a0 DEOPT UNPACKING pc=0x000002a7d43a7543 sp=0x000000dd5f3fde60 mode 0
Event: 0.273 Thread 0x000002a7c4f882a0 DEOPT PACKING pc=0x000002a7ccef8351 sp=0x000000dd5f3fe130
Event: 0.273 Thread 0x000002a7c4f882a0 DEOPT UNPACKING pc=0x000002a7d43a7543 sp=0x000000dd5f3fd5a8 mode 0

Classes loaded (20 events):
Event: 0.275 Loading class java/nio/channels/NetworkChannel
Event: 0.275 Loading class java/nio/channels/NetworkChannel done
Event: 0.275 Loading class java/nio/channels/spi/AbstractSelectableChannel
Event: 0.275 Loading class java/nio/channels/SelectableChannel
Event: 0.275 Loading class java/nio/channels/SelectableChannel done
Event: 0.275 Loading class java/nio/channels/spi/AbstractSelectableChannel done
Event: 0.275 Loading class java/nio/channels/SocketChannel done
Event: 0.275 Loading class sun/nio/ch/SocketChannelImpl done
Event: 0.275 Loading class sun/nio/ch/ChannelInputStream
Event: 0.275 Loading class sun/nio/ch/ChannelInputStream done
Event: 0.275 Loading class sun/nio/ch/NativeThread
Event: 0.275 Loading class sun/nio/ch/NativeThread done
Event: 0.275 Loading class sun/nio/ch/IOStatus
Event: 0.275 Loading class sun/nio/ch/IOStatus done
Event: 0.275 Loading class sun/nio/ch/Util
Event: 0.275 Loading class sun/nio/ch/Util done
Event: 0.275 Loading class sun/nio/ch/Util$1
Event: 0.275 Loading class sun/nio/ch/Util$1 done
Event: 0.275 Loading class sun/nio/ch/Util$BufferCache
Event: 0.275 Loading class sun/nio/ch/Util$BufferCache done

Classes unloaded (0 events):
No events

Classes redefined (0 events):
No events

Internal exceptions (1 events):
Event: 0.159 Thread 0x000002a7c4f882a0 Exception <a 'java/lang/NoSuchMethodError'{0x000000011f1d79e8}: 'int java.lang.invoke.Invokers$Holder.invokeExact_MT(java.lang.Object, java.lang.Object)'> (0x000000011f1d79e8) 
thrown [s\open\src\hotspot\share\interpreter\linkResolver.cpp, line 774]

VM Operations (4 events):
Event: 0.038 Executing VM operation: HandshakeAllThreads
Event: 0.038 Executing VM operation: HandshakeAllThreads done
Event: 0.249 Executing VM operation: HandshakeAllThreads
Event: 0.249 Executing VM operation: HandshakeAllThreads done

Events (16 events):
Event: 0.012 Thread 0x000002a7c4f882a0 Thread added: 0x000002a7c4f882a0
Event: 0.018 Thread 0x000002a7eb546200 Thread added: 0x000002a7eb546200
Event: 0.018 Thread 0x000002a7eb548c40 Thread added: 0x000002a7eb548c40
Event: 0.019 Thread 0x000002a7eb54f840 Thread added: 0x000002a7eb54f840
Event: 0.019 Thread 0x000002a7eb550170 Thread added: 0x000002a7eb550170
Event: 0.019 Thread 0x000002a7eb552250 Thread added: 0x000002a7eb552250
Event: 0.019 Thread 0x000002a7eb555330 Thread added: 0x000002a7eb555330
Event: 0.019 Thread 0x000002a7eb55a3d0 Thread added: 0x000002a7eb55a3d0
Event: 0.019 Thread 0x000002a7eb55b8d0 Thread added: 0x000002a7eb55b8d0
Event: 0.019 Thread 0x000002a7eb56edd0 Thread added: 0x000002a7eb56edd0
Event: 0.026 Thread 0x000002a7eb632080 Thread added: 0x000002a7eb632080
Event: 0.028 Thread 0x000002a7eb6e8ff0 Thread added: 0x000002a7eb6e8ff0
Event: 0.030 Thread 0x000002a7eb6e8000 Thread added: 0x000002a7eb6e8000
Event: 0.202 Thread 0x000002a7eb630a40 Thread added: 0x000002a7eb630a40
Event: 0.202 Thread 0x000002a7eb630fd0 Thread added: 0x000002a7eb630fd0
Event: 0.211 Thread 0x000002a7eb6304b0 Thread added: 0x000002a7eb6304b0


Dynamic libraries:
0x00007ff65f210000 - 0x00007ff65f220000 	C:\Program Files\Java\jdk-19\bin\javaw.exe
0x00007ff8a3bb0000 - 0x00007ff8a3dc4000 	C:\WINDOWS\SYSTEM32\ntdll.dll
0x00007ff8a2960000 - 0x00007ff8a2a22000 	C:\WINDOWS\System32\KERNEL32.DLL
0x00007ff8a1240000 - 0x00007ff8a15e3000 	C:\WINDOWS\System32\KERNELBASE.dll
0x00007ff8a15f0000 - 0x00007ff8a1701000 	C:\WINDOWS\System32\ucrtbase.dll
0x00007ff89c510000 - 0x00007ff89c528000 	C:\Program Files\Java\jdk-19\bin\jli.dll
0x00007ff87afe0000 - 0x00007ff87affb000 	C:\Program Files\Java\jdk-19\bin\VCRUNTIME140.dll
0x00007ff8a33e0000 - 0x00007ff8a348e000 	C:\WINDOWS\System32\ADVAPI32.dll
0x00007ff8a2700000 - 0x00007ff8a27a7000 	C:\WINDOWS\System32\msvcrt.dll
0x00007ff8a1be0000 - 0x00007ff8a1c84000 	C:\WINDOWS\System32\sechost.dll
0x00007ff8a1ce0000 - 0x00007ff8a1df7000 	C:\WINDOWS\System32\RPCRT4.dll
0x00007ff8a27b0000 - 0x00007ff8a295a000 	C:\WINDOWS\System32\USER32.dll
0x00007ff8a0fb0000 - 0x00007ff8a0fd6000 	C:\WINDOWS\System32\win32u.dll
0x00007ff8a1990000 - 0x00007ff8a19b9000 	C:\WINDOWS\System32\GDI32.dll
0x00007ff8a1870000 - 0x00007ff8a1989000 	C:\WINDOWS\System32\gdi32full.dll
0x00007ff892870000 - 0x00007ff892afe000 	C:\WINDOWS\WinSxS\amd64_microsoft.windows.common-controls_6595b64144ccf1df_6.0.22621.1635_none_270f70857386168e\COMCTL32.dll
0x00007ff8a17d0000 - 0x00007ff8a186a000 	C:\WINDOWS\System32\msvcp_win.dll
0x00007ff899d10000 - 0x00007ff899d1a000 	C:\WINDOWS\SYSTEM32\VERSION.dll
0x00007ff8a2ee0000 - 0x00007ff8a2f11000 	C:\WINDOWS\System32\IMM32.DLL
0x00007ff89c4d0000 - 0x00007ff89c4dc000 	C:\Program Files\Java\jdk-19\bin\vcruntime140_1.dll
0x00007ff84b8b0000 - 0x00007ff84b93e000 	C:\Program Files\Java\jdk-19\bin\msvcp140.dll
0x00007ff879360000 - 0x00007ff87a020000 	C:\Program Files\Java\jdk-19\bin\server\jvm.dll
0x00007ff84cb50000 - 0x00007ff84cb59000 	C:\WINDOWS\SYSTEM32\WSOCK32.dll
0x00007ff894e40000 - 0x00007ff894e74000 	C:\WINDOWS\SYSTEM32\WINMM.dll
0x00007ff8a2a50000 - 0x00007ff8a2ac1000 	C:\WINDOWS\System32\WS2_32.dll
0x00007ff89fff0000 - 0x00007ff8a0008000 	C:\WINDOWS\SYSTEM32\kernel.appcore.dll
0x00007ff89b0a0000 - 0x00007ff89b0aa000 	C:\Program Files\Java\jdk-19\bin\jimage.dll
0x00007ff89e420000 - 0x00007ff89e64e000 	C:\WINDOWS\SYSTEM32\DBGHELP.DLL
0x00007ff8a2f20000 - 0x00007ff8a32a9000 	C:\WINDOWS\System32\combase.dll
0x00007ff8a1a20000 - 0x00007ff8a1af7000 	C:\WINDOWS\System32\OLEAUT32.dll
0x00007ff888300000 - 0x00007ff888332000 	C:\WINDOWS\SYSTEM32\dbgcore.DLL
0x00007ff8a1150000 - 0x00007ff8a11ca000 	C:\WINDOWS\System32\bcryptPrimitives.dll
0x00007ff87bd90000 - 0x00007ff87bdb6000 	C:\Program Files\Java\jdk-19\bin\java.dll
0x00007ff879280000 - 0x00007ff879357000 	C:\Program Files\Java\jdk-19\bin\jsvml.dll
0x00007ff8a1e00000 - 0x00007ff8a25f9000 	C:\WINDOWS\System32\SHELL32.dll
0x00007ff89efa0000 - 0x00007ff89f86e000 	C:\WINDOWS\SYSTEM32\windows.storage.dll
0x00007ff89ee60000 - 0x00007ff89ef9e000 	C:\WINDOWS\SYSTEM32\wintypes.dll
0x00007ff8a2600000 - 0x00007ff8a26f1000 	C:\WINDOWS\System32\SHCORE.dll
0x00007ff8a19c0000 - 0x00007ff8a1a1e000 	C:\WINDOWS\System32\shlwapi.dll
0x00007ff8a0ee0000 - 0x00007ff8a0f06000 	C:\WINDOWS\SYSTEM32\profapi.dll
0x00007ff89b080000 - 0x00007ff89b093000 	C:\Program Files\Java\jdk-19\bin\net.dll
0x00007ff899910000 - 0x00007ff899a47000 	C:\WINDOWS\SYSTEM32\WINHTTP.dll
0x00007ff8a0510000 - 0x00007ff8a0579000 	C:\WINDOWS\system32\mswsock.dll
0x00007ff87acd0000 - 0x00007ff87ace6000 	C:\Program Files\Java\jdk-19\bin\nio.dll
0x00007ff87ab40000 - 0x00007ff87ab58000 	C:\Program Files\Java\jdk-19\bin\zip.dll
0x00007ff8859c0000 - 0x00007ff8859d0000 	C:\Program Files\Java\jdk-19\bin\verify.dll
0x000002a7c4e80000 - 0x000002a7c4ed3000 	C:\Users\Chris Combs\eclipse-workspace\Opencraft1.0\natives\lwjgl64.dll
0x00007ff826560000 - 0x00007ff826660000 	C:\WINDOWS\SYSTEM32\OPENGL32.dll
0x00007ff826530000 - 0x00007ff82655d000 	C:\WINDOWS\SYSTEM32\GLU32.dll
0x00007ff89e2d0000 - 0x00007ff89e308000 	C:\WINDOWS\SYSTEM32\dxcore.dll
0x00007ff896d50000 - 0x00007ff896e0c000 	C:\WINDOWS\SYSTEM32\mscms.dll
0x00007ff8a3510000 - 0x00007ff8a35c0000 	C:\WINDOWS\System32\clbcatq.dll
0x00007ff878eb0000 - 0x00007ff878efe000 	C:\Windows\System32\Windows.Internal.Graphics.Display.DisplayColorManagement.dll
0x00007ff8a0ca0000 - 0x00007ff8a0cee000 	C:\WINDOWS\SYSTEM32\cfgmgr32.dll
0x00007ff89e120000 - 0x00007ff89e1cb000 	C:\WINDOWS\system32\uxtheme.dll
0x00007ff8a32b0000 - 0x00007ff8a33d7000 	C:\WINDOWS\System32\MSCTF.dll
0x00007ff89a520000 - 0x00007ff89a655000 	C:\Windows\System32\AppXDeploymentClient.dll
0x00007ff821c80000 - 0x00007ff8255b4000 	C:\WINDOWS\System32\DriverStore\FileRepository\nvdd.inf_amd64_ad96858edfdf0915\nvoglv64.dll
0x00007ff8a36f0000 - 0x00007ff8a3b64000 	C:\WINDOWS\System32\SETUPAPI.dll
0x00007ff8a2d40000 - 0x00007ff8a2edc000 	C:\WINDOWS\System32\ole32.dll
0x00007ff8a0960000 - 0x00007ff8a0988000 	C:\WINDOWS\SYSTEM32\bcrypt.dll
0x00007ff89df30000 - 0x00007ff89df44000 	C:\WINDOWS\SYSTEM32\WTSAPI32.dll
0x00007ff8a0c50000 - 0x00007ff8a0c62000 	C:\WINDOWS\SYSTEM32\msasn1.dll
0x00007ff8983f0000 - 0x00007ff898422000 	C:\WINDOWS\SYSTEM32\cryptnet.dll
0x00007ff8a0fe0000 - 0x00007ff8a1147000 	C:\WINDOWS\System32\CRYPT32.dll
0x00007ff8981b0000 - 0x00007ff898310000 	C:\WINDOWS\SYSTEM32\drvstore.dll
0x00007ff8a0c70000 - 0x00007ff8a0c9c000 	C:\WINDOWS\SYSTEM32\devobj.dll
0x00007ff8a0870000 - 0x00007ff8a08b6000 	C:\WINDOWS\SYSTEM32\wldp.dll
0x00007ff8a07e0000 - 0x00007ff8a07ec000 	C:\WINDOWS\SYSTEM32\cryptbase.dll
0x00007ff8a11d0000 - 0x00007ff8a123b000 	C:\WINDOWS\System32\WINTRUST.dll
0x00007ff8a0010000 - 0x00007ff8a0044000 	C:\WINDOWS\SYSTEM32\ntmarta.dll
0x00007ff89e830000 - 0x00007ff89e85b000 	C:\WINDOWS\SYSTEM32\dwmapi.dll
0x00007ff8a0580000 - 0x00007ff8a05cd000 	C:\WINDOWS\SYSTEM32\powrprof.dll
0x00007ff8a04f0000 - 0x00007ff8a0503000 	C:\WINDOWS\SYSTEM32\UMPDC.dll
0x00007ff8a0140000 - 0x00007ff8a01a6000 	C:\WINDOWS\SYSTEM32\WINSTA.dll
0x00007ff884070000 - 0x00007ff88419d000 	C:\WINDOWS\SYSTEM32\textinputframework.dll
0x00007ff89db40000 - 0x00007ff89dc73000 	C:\WINDOWS\SYSTEM32\CoreMessaging.dll
0x00007ff899090000 - 0x00007ff8993fc000 	C:\WINDOWS\SYSTEM32\CoreUIComponents.dll
0x00007ff8155a0000 - 0x00007ff8155e9000 	C:\WINDOWS\SYSTEM32\icm32.dll
0x00007ff84b710000 - 0x00007ff84b8a1000 	C:\Program Files\Java\jdk-19\bin\awt.dll
0x00007ff89df50000 - 0x00007ff89dfe7000 	C:\WINDOWS\SYSTEM32\apphelp.dll
0x00007ff84b5c0000 - 0x00007ff84b70e000 	C:\Users\Chris Combs\eclipse-workspace\Opencraft1.0\natives\freetype-jni-64.dll
0x00007ff878f70000 - 0x00007ff878f9b000 	C:\WINDOWS\SYSTEM32\VCRUNTIME140D.dll
0x00007fffd8c60000 - 0x00007fffd8e7f000 	C:\WINDOWS\SYSTEM32\ucrtbased.dll

dbghelp: loaded successfully - version: 4.0.5 - missing functions: none
symbol engine: initialized successfully - sym options: 0x614 - pdb path: .;C:\Program Files\Java\jdk-19\bin;C:\WINDOWS\SYSTEM32;C:\WINDOWS\WinSxS\amd64_microsoft.windows.common-controls_6595b64144ccf1df_6.0.22621.1635_none_270f70857386168e;C:\Program Files\Java\jdk-19\bin\server;C:\Users\Chris Combs\eclipse-workspace\Opencraft1.0\natives;C:\WINDOWS\System32\DriverStore\FileRepository\nvdd.inf_amd64_ad96858edfdf0915

VM Arguments:
jvm_args: -Djava.library.path=C:\Users\Chris Combs\eclipse-workspace\Opencraft1.0\natives -Dfile.encoding=UTF-8 -XX:+ShowCodeDetailsInExceptionMessages 
java_command: opencraft.Main
java_class_path (initial): C:\Users\Chris Combs\eclipse-workspace\Opencraft1.0\bin;C:\Users\Chris Combs\eclipse-workspace\Opencraft1.0\libs\AppleJavaExtensions.jar;C:\Users\Chris Combs\eclipse-workspace\Opencraft1.0\libs\asm-debug-all.jar;C:\Users\Chris Combs\eclipse-workspace\Opencraft1.0\libs\jinput.jar;C:\Users\Chris Combs\eclipse-workspace\Opencraft1.0\libs\laf-plugin-7.2.1.jar;C:\Users\Chris Combs\eclipse-workspace\Opencraft1.0\libs\laf-widget-7.2.1.jar;C:\Users\Chris Combs\eclipse-workspace\Opencraft1.0\libs\log4j-api-2.0-beta9.jar;C:\Users\Chris Combs\eclipse-workspace\Opencraft1.0\libs\lwjgl_test.jar;C:\Users\Chris Combs\eclipse-workspace\Opencraft1.0\libs\lwjgl_util_applet.jar;C:\Users\Chris Combs\eclipse-workspace\Opencraft1.0\libs\lwjgl_util.jar;C:\Users\Chris Combs\eclipse-workspace\Opencraft1.0\libs\lwjgl.jar;C:\Users\Chris Combs\eclipse-workspace\Opencraft1.0\libs\lwjgl-debug.jar;C:\Users\Chris Combs\eclipse-workspace\Opencraft1.0\libs\lzma.jar;C:\Users\Chris Combs\eclipse-workspace\Opencraft1.0\libs\substance-7.2.1.jar;C:\Users\Chris Combs\eclipse-workspace\Opencraft1.0\libs\trident-7.2.1.jar;C:\Users\Chris Combs\eclipse-workspace\Opencraft1.0\libs\slick-util.jar;C:\Users\Chris Combs\eclipse-workspace\Opencraft1.0\libs\TWL-LWJGL2.jar;C:\Users\Chris Combs\eclipse-workspace\Opencraft1.0\libs\freetype-jni.jar
Launcher Type: SUN_STANDARD

[Global flags]
     intx CICompilerCount                          = 12                                        {product} {ergonomic}
     uint ConcGCThreads                            = 5                                         {product} {ergonomic}
     uint G1ConcRefinementThreads                  = 18                                        {product} {ergonomic}
   size_t G1HeapRegionSize                         = 16777216                                  {product} {ergonomic}
    uintx GCDrainStackTargetSize                   = 64                                        {product} {ergonomic}
   size_t InitialHeapSize                          = 2147483648                                {product} {ergonomic}
   size_t MarkStackSize                            = 4194304                                   {product} {ergonomic}
   size_t MaxHeapSize                              = 31675383808                               {product} {ergonomic}
   size_t MaxNewSize                               = 18991808512                               {product} {ergonomic}
   size_t MinHeapDeltaBytes                        = 16777216                                  {product} {ergonomic}
   size_t MinHeapSize                              = 16777216                                  {product} {ergonomic}
    uintx NonNMethodCodeHeapSize                   = 7602480                                {pd product} {ergonomic}
    uintx NonProfiledCodeHeapSize                  = 122027880                              {pd product} {ergonomic}
    uintx ProfiledCodeHeapSize                     = 122027880                              {pd product} {ergonomic}
    uintx ReservedCodeCacheSize                    = 251658240                              {pd product} {ergonomic}
     bool SegmentedCodeCache                       = true                                      {product} {ergonomic}
     bool ShowCodeDetailsInExceptionMessages       = true                                   {manageable} {command line}
   size_t SoftMaxHeapSize                          = 31675383808                            {manageable} {ergonomic}
     bool UseCompressedClassPointers               = true                           {product lp64_product} {ergonomic}
     bool UseCompressedOops                        = true                           {product lp64_product} {ergonomic}
     bool UseG1GC                                  = true                                      {product} {ergonomic}
     bool UseLargePagesIndividualAllocation        = false                                  {pd product} {ergonomic}

Logging:
Log output configuration:
 #0: stdout all=warning uptime,level,tags foldmultilines=false
 #1: stderr all=off uptime,level,tags foldmultilines=false

Environment Variables:
PATH=C:/Program Files/Java/jdk-19/bin/server;C:/Program Files/Java/jdk-19/bin;C:\Ruby32-x64\bin;C:\Program Files (x86)\Razer Chroma SDK\bin;C:\Program Files\Razer Chroma SDK\bin;C:\Program Files\Oculus\Support\oculus-runtime;C:\Program Files\Common Files\Oracle\Java\javapath;C:\Program Files (x86)\Razer\ChromaBroadcast\bin;C:\Program Files\Razer\ChromaBroadcast\bin;C:\WINDOWS\system32;C:\WINDOWS;C:\WINDOWS\System32\Wbem;C:\WINDOWS\System32\WindowsPowerShell\v1.0\;C:\WINDOWS\System32\OpenSSH\;C:\WINDOWS\system32\config\systemprofile\AppData\Local\Microsoft\WindowsApps;C:\Program Files\nodejs\;C:\Program Files\Microsoft SQL Server\130\Tools\Binn\;C:\Program Files\Microsoft SQL Server\Client SDK\ODBC\170\Tools\Binn\;C:\Program Files\dotnet\;C:\Program Files\WorldPainter;C:\Users\Chris Combs\AppData\Local\Microsoft\WindowsApps;C:\Users\Chris Combs\AppData\Roaming\npm;C:\Users\Chris Combs\AppData\Local\atom\bin;C:\Users\Chris Combs\.dotnet\tools;C:\Users\Chris Combs\AppData\Local\GitHubDesktop\bin;C:\WINDOWS\system32;
USERNAME=Chris Combs
OS=Windows_NT
PROCESSOR_IDENTIFIER=Intel64 Family 6 Model 151 Stepping 2, GenuineIntel
TMP=C:\Users\CHRISC~1\AppData\Local\Temp
TEMP=C:\Users\CHRISC~1\AppData\Local\Temp



---------------  S Y S T E M  ---------------

OS:
 Windows 11 , 64 bit Build 22621 (10.0.22621.1928)
OS uptime: 0 days 2:35 hours

CPU: total 24 (initial active 24) (12 cores per cpu, 2 threads per core) family 6 model 151 stepping 2 microcode 0x23, cx8, cmov, fxsr, ht, mmx, 3dnowpref, sse, sse2, sse3, ssse3, sse4.1, sse4.2, popcnt, lzcnt, tsc, tscinvbit, avx, avx2, aes, erms, clmul, bmi1, bmi2, adx, sha, fma, vzeroupper, clflush, clflushopt, clwb, serialize, rdtscp, rdpid, fsrm

Memory: 4k page, system-wide physical 130863M (111379M free)
TotalPageFile size 150319M (AvailPageFile size 124181M)
current process WorkingSet (physical memory assigned to process): 95M, peak: 95M
current process commit charge ("private bytes"): 2311M, peak: 2311M

vm_info: Java HotSpot(TM) 64-Bit Server VM (19.0.2+7-44) for windows-amd64 JRE (19.0.2+7-44), built on 2022-11-30T18:02:09Z by "mach5one" with MS VC++ 17.1 (VS2022)

END.
