#
# A fatal error has been detected by the Java Runtime Environment:
#
#  EXCEPTION_ACCESS_VIOLATION (0xc0000005) at pc=0x00007ff84b8ffe60, pid=248580, tid=37412
#
# JRE version: Java(TM) SE Runtime Environment (19.0.2+7) (build 19.0.2+7-44)
# Java VM: Java HotSpot(TM) 64-Bit Server VM (19.0.2+7-44, mixed mode, sharing, tiered, compressed oops, compressed class ptrs, g1 gc, windows-amd64)
# Problematic frame:
# C  [freetype-jni-64.dll+0x13fe60]
#
# No core dump will be written. Minidumps are not enabled by default on client versions of Windows
#
# If you would like to submit a bug report, please visit:
#   https://bugreport.java.com/bugreport/crash.jsp
# The crash happened outside the Java Virtual Machine in native code.
# See problematic frame for where to report the bug.
#

---------------  S U M M A R Y ------------

Command Line: -Djava.library.path=C:\Users\Chris Combs\eclipse-workspace\Opencraft1.0\natives -Dfile.encoding=UTF-8 -XX:+ShowCodeDetailsInExceptionMessages opencraft.Main

Host: 12th Gen Intel(R) Core(TM) i9-12900KF, 24 cores, 127G,  Windows 11 , 64 bit Build 22621 (10.0.22621.1928)
Time: Fri Aug  4 00:02:51 2023 Pacific Daylight Time elapsed time: 0.277017 seconds (0d 0h 0m 0s)

---------------  T H R E A D  ---------------

Current thread (0x000001e71231c820):  JavaThread "main" [_thread_in_native, id=37412, stack(0x00000037bdb00000,0x00000037bdc00000)]

Stack: [0x00000037bdb00000,0x00000037bdc00000],  sp=0x00000037bdbfed78,  free space=1019k
Native frames: (J=compiled Java code, j=interpreted, Vv=VM code, C=native code)
C  [freetype-jni-64.dll+0x13fe60]

Java frames: (J=compiled Java code, j=interpreted, Vv=VM code)
j  com.mlomb.freetypejni.FreeType.FT_Load_Char(JCI)Z+0
j  opencraft.graphics.ui.Font.<init>(Ljava/lang/String;)V+60
j  opencraft.graphics.DisplayUtills.loadResources()V+20
j  opencraft.Main.runOpencraft(Ljava/lang/String;)V+29
j  opencraft.Main.main([Ljava/lang/String;)V+2
v  ~StubRoutines::call_stub 0x000001e7216d100e

siginfo: EXCEPTION_ACCESS_VIOLATION (0xc0000005), data execution prevention violation at address 0x00007ff84b8ffe60


Registers:
RAX=0x00007ff84b8f0470, RBX=0x000001e77411b320, RCX=0x000001e72a256ae0, RDX=0x000001e7000f9f70
RSP=0x00000037bdbfed78, RBP=0x00000037bdbfef50, RSI=0x0000000000000001, RDI=0x00000037bdbfee40
R8 =0x0000000000000000, R9 =0x0000000000000004, R10=0x00007ff878770000, R11=0x00007ff878771b94
R12=0x0000000000000000, R13=0x000001e77411b320, R14=0x00000037bdbfef88, R15=0x000001e71231c820
RIP=0x00007ff84b8ffe60, EFLAGS=0x0000000000010246


Register to memory mapping:

RIP=0x00007ff84b8ffe60 freetype-jni-64.dll
RAX=0x00007ff84b8f0470 freetype-jni-64.dll
RBX={method} {0x000001e77411b328} 'FT_Load_Char' '(JCI)Z' in 'com/mlomb/freetypejni/FreeType'
RCX=0x000001e72a256ae0 points into unknown readable memory: 0x00007ff84b8ed4d0 | d0 d4 8e 4b f8 7f 00 00
RDX=0x000001e7000f9f70 points into unknown readable memory: 0x00007ff84b8edd28 | 28 dd 8e 4b f8 7f 00 00
RSP=0x00000037bdbfed78 is pointing into the stack for thread: 0x000001e71231c820
RBP=0x00000037bdbfef50 is pointing into the stack for thread: 0x000001e71231c820
RSI=0x0000000000000001 is an unknown value
RDI=0x00000037bdbfee40 is pointing into the stack for thread: 0x000001e71231c820
R8 =0x0 is NULL
R9 =0x0000000000000004 is an unknown value
R10=0x00007ff878770000 VCRUNTIME140D.dll
R11=0x00007ff878771b94 VCRUNTIME140D.dll
R12=0x0 is NULL
R13={method} {0x000001e77411b328} 'FT_Load_Char' '(JCI)Z' in 'com/mlomb/freetypejni/FreeType'
R14=0x00000037bdbfef88 is pointing into the stack for thread: 0x000001e71231c820
R15=0x000001e71231c820 is a thread


Top of Stack: (sp=0x00000037bdbfed78)
0x00000037bdbfed78:   00007ff84b7c5986 000001e72a256ae0
0x00000037bdbfed88:   cccccccccccccccc cccccccccccccccc
0x00000037bdbfed98:   cccccccccccccccc cccccccccccccccc
0x00000037bdbfeda8:   cccccccccccccccc cccccccccccccccc
0x00000037bdbfedb8:   000001e72a257260 000001e72a256ae0
0x00000037bdbfedc8:   000001e778380fa0 cccccccccccccc00
0x00000037bdbfedd8:   000001e778095c40 000001e778380fa0
0x00000037bdbfede8:   cccccccccccccccc cccccccccccccccc
0x00000037bdbfedf8:   cccccccccccccccc cccccccccccccccc
0x00000037bdbfee08:   cccccccccccccccc cccccccccccccccc
0x00000037bdbfee18:   cccccccccccccccc cccccccccccccccc
0x00000037bdbfee28:   cccccccccccccccc cccccccccccccccc
0x00000037bdbfee38:   cccccccccccccccc 00000037bdbfee80
0x00000037bdbfee48:   00007ff84b7c5d32 000001e778380fa0
0x00000037bdbfee58:   cccccccc00000000 cccccccc00000004
0x00000037bdbfee68:   cccccccccccccccc cccccccc00000000 

Instructions: (pc=0x00007ff84b8ffe60)
0x00007ff84b8ffd60:   67 6c 79 70 68 2d 64 69 63 74 00 00 62 64 66 00
0x00007ff84b8ffd70:   74 74 2d 63 6d 61 70 73 00 00 00 00 73 66 6e 74
0x00007ff84b8ffd80:   00 00 00 00 00 00 00 00 43 48 41 52 53 45 54 5f
0x00007ff84b8ffd90:   52 45 47 49 53 54 52 59 00 00 00 00 00 00 00 00
0x00007ff84b8ffda0:   43 48 41 52 53 45 54 5f 45 4e 43 4f 44 49 4e 47
0x00007ff84b8ffdb0:   00 00 00 00 73 66 6e 74 00 00 00 00 00 00 00 00
0x00007ff84b8ffdc0:   70 6f 73 74 73 63 72 69 70 74 2d 63 6d 61 70 73
0x00007ff84b8ffdd0:   00 00 00 00 00 00 00 00 74 72 75 65 74 79 70 65
0x00007ff84b8ffde0:   00 00 00 00 00 00 00 00 6d 75 6c 74 69 2d 6d 61
0x00007ff84b8ffdf0:   73 74 65 72 73 00 00 00 74 72 75 65 74 79 70 65
0x00007ff84b8ffe00:   00 00 00 00 00 00 00 00 6d 65 74 72 69 63 73 2d
0x00007ff84b8ffe10:   76 61 72 69 61 74 69 6f 6e 73 00 00 00 00 00 00
0x00007ff84b8ffe20:   00 00 00 00 00 00 00 00 00 00 00 00 00 00 00 00
0x00007ff84b8ffe30:   00 00 00 00 00 00 00 00 00 00 00 00 00 00 00 00
0x00007ff84b8ffe40:   00 00 00 00 00 00 00 00 73 6d 6f 6f 74 68 00 00
0x00007ff84b8ffe50:   73 6d 6f 6f 74 68 2d 6c 63 64 00 00 00 00 00 00
0x00007ff84b8ffe60:   73 6d 6f 6f 74 68 2d 6c 63 64 76 00 00 00 00 00
0x00007ff84b8ffe70:   00 00 00 00 00 00 00 00 41 44 44 5f 53 54 59 4c
0x00007ff84b8ffe80:   45 5f 4e 41 4d 45 00 00 41 56 45 52 41 47 45 5f
0x00007ff84b8ffe90:   57 49 44 54 48 00 00 00 41 56 47 5f 43 41 50 49
0x00007ff84b8ffea0:   54 41 4c 5f 57 49 44 54 48 00 00 00 4e 4f 54 49
0x00007ff84b8ffeb0:   43 45 00 00 62 64 66 00 41 56 47 5f 4c 4f 57 45
0x00007ff84b8ffec0:   52 43 41 53 45 5f 57 49 44 54 48 00 42 44 46 00
0x00007ff84b8ffed0:   43 41 50 5f 48 45 49 47 48 54 00 00 62 64 66 00
0x00007ff84b8ffee0:   43 48 41 52 53 45 54 5f 43 4f 4c 4c 45 43 54 49
0x00007ff84b8ffef0:   4f 4e 53 00 00 00 00 00 43 48 41 52 53 45 54 5f
0x00007ff84b8fff00:   45 4e 43 4f 44 49 4e 47 00 00 00 00 00 00 00 00
0x00007ff84b8fff10:   43 48 41 52 53 45 54 5f 52 45 47 49 53 54 52 59
0x00007ff84b8fff20:   00 00 00 00 00 00 00 00 43 4f 4d 4d 45 4e 54 00
0x00007ff84b8fff30:   43 4f 50 59 52 49 47 48 54 00 00 00 00 00 00 00
0x00007ff84b8fff40:   44 45 46 41 55 4c 54 5f 43 48 41 52 00 00 00 00
0x00007ff84b8fff50:   44 45 53 54 49 4e 41 54 49 4f 4e 00 00 00 00 00 


Stack slot to memory mapping:
stack at sp + 0 slots: 0x00007ff84b7c5986 freetype-jni-64.dll
stack at sp + 1 slots: 0x000001e72a256ae0 points into unknown readable memory: 0x00007ff84b8ed4d0 | d0 d4 8e 4b f8 7f 00 00
stack at sp + 2 slots: 0xcccccccccccccccc is an unknown value
stack at sp + 3 slots: 0xcccccccccccccccc is an unknown value
stack at sp + 4 slots: 0xcccccccccccccccc is an unknown value
stack at sp + 5 slots: 0xcccccccccccccccc is an unknown value
stack at sp + 6 slots: 0xcccccccccccccccc is an unknown value
stack at sp + 7 slots: 0xcccccccccccccccc is an unknown value


---------------  P R O C E S S  ---------------

Threads class SMR info:
_java_thread_list=0x000001e77846a980, length=16, elements={
0x000001e71231c820, 0x000001e7738ca340, 0x000001e7738cac70, 0x000001e7738d0a20,
0x000001e7738d16b0, 0x000001e7738d33f0, 0x000001e7738dfd90, 0x000001e7738ecae0,
0x000001e77390de90, 0x000001e7739173e0, 0x000001e773a1b430, 0x000001e773a4ffe0,
0x000001e773a5caa0, 0x000001e773a616c0, 0x000001e7784599a0, 0x000001e77846c670
}

Java Threads: ( => current thread )
=>0x000001e71231c820 JavaThread "main" [_thread_in_native, id=37412, stack(0x00000037bdb00000,0x00000037bdc00000)]
  0x000001e7738ca340 JavaThread "Reference Handler" daemon [_thread_blocked, id=248632, stack(0x00000037be200000,0x00000037be300000)]
  0x000001e7738cac70 JavaThread "Finalizer" daemon [_thread_blocked, id=37400, stack(0x00000037be300000,0x00000037be400000)]
  0x000001e7738d0a20 JavaThread "Signal Dispatcher" daemon [_thread_blocked, id=37312, stack(0x00000037be400000,0x00000037be500000)]
  0x000001e7738d16b0 JavaThread "Attach Listener" daemon [_thread_blocked, id=37372, stack(0x00000037be500000,0x00000037be600000)]
  0x000001e7738d33f0 JavaThread "Service Thread" daemon [_thread_blocked, id=37320, stack(0x00000037be600000,0x00000037be700000)]
  0x000001e7738dfd90 JavaThread "Monitor Deflation Thread" daemon [_thread_blocked, id=37324, stack(0x00000037be700000,0x00000037be800000)]
  0x000001e7738ecae0 JavaThread "C2 CompilerThread0" daemon [_thread_blocked, id=37364, stack(0x00000037be800000,0x00000037be900000)]
  0x000001e77390de90 JavaThread "C1 CompilerThread0" daemon [_thread_blocked, id=37316, stack(0x00000037be900000,0x00000037bea00000)]
  0x000001e7739173e0 JavaThread "Sweeper thread" daemon [_thread_blocked, id=37332, stack(0x00000037bea00000,0x00000037beb00000)]
  0x000001e773a1b430 JavaThread "C1 CompilerThread1" daemon [_thread_blocked, id=37472, stack(0x00000037beb00000,0x00000037bec00000)]
  0x000001e773a4ffe0 JavaThread "C1 CompilerThread2" daemon [_thread_blocked, id=37464, stack(0x00000037bec00000,0x00000037bed00000)]
  0x000001e773a5caa0 JavaThread "Notification Thread" daemon [_thread_blocked, id=37516, stack(0x00000037bed00000,0x00000037bee00000)]
  0x000001e773a616c0 JavaThread "Common-Cleaner" daemon [_thread_blocked, id=248148, stack(0x00000037bef00000,0x00000037bf000000)]
  0x000001e7784599a0 JavaThread "C2 CompilerThread1" daemon [_thread_blocked, id=37552, stack(0x00000037bf600000,0x00000037bf700000)]
  0x000001e77846c670 JavaThread "C1 CompilerThread3" daemon [_thread_blocked, id=37556, stack(0x00000037bf700000,0x00000037bf800000)]

Other Threads:
  0x000001e71233cc60 VMThread "VM Thread" [stack: 0x00000037be100000,0x00000037be200000] [id=37432]
  0x000001e773a5f400 WatcherThread "VM Periodic Task Thread" [stack: 0x00000037bee00000,0x00000037bef00000] [id=118464]
  0x000001e71233e2e0 WorkerThread "GC Thread#0" [stack: 0x00000037bdc00000,0x00000037bdd00000] [id=37376]
  0x000001e7123da460 ConcurrentGCThread "G1 Main Marker" [stack: 0x00000037bdd00000,0x00000037bde00000] [id=37388]
  0x000001e71233dd40 WorkerThread "G1 Conc#0" [stack: 0x00000037bde00000,0x00000037bdf00000] [id=36636]
  0x000001e72a25a7c0 ConcurrentGCThread "G1 Refine#0" [stack: 0x00000037bdf00000,0x00000037be000000] [id=248816]
  0x000001e72a25c0c0 ConcurrentGCThread "G1 Service" [stack: 0x00000037be000000,0x00000037be100000] [id=248804]

Threads with active compile tasks:

VM state: not at safepoint (normal execution)

VM Mutex/Monitor currently owned by a thread: None

Heap address: 0x00000000a0000000, size: 30208 MB, Compressed Oops mode: Zero based, Oop shift amount: 3

CDS archive(s) mapped at: [0x0000000800000000-0x0000000800c40000-0x0000000800c40000), size 12845056, SharedBaseAddress: 0x0000000800000000, ArchiveRelocationMode: 0.
Compressed class space mapped at: 0x0000000801000000-0x0000000841000000, reserved size: 1073741824
Narrow klass base: 0x0000000800000000, Narrow klass shift: 0, Narrow klass range: 0x100000000

GC Precious Log:
 CardTable entry size: 512
 Card Set container configuration: InlinePtr #cards 3 size 8 Array Of Cards #cards 128 size 272 Howl #buckets 8 coarsen threshold 29491 Howl Bitmap #cards 4096 size 528 coarsen threshold 3686 Card regions per heap region 1 cards per card region 32768
 CPUs: 24 total, 24 available
 Memory: 127G
 Large Page Support: Disabled
 NUMA Support: Disabled
 Compressed Oops: Enabled (Zero based)
 Heap Region Size: 16M
 Heap Min Capacity: 16M
 Heap Initial Capacity: 2G
 Heap Max Capacity: 30208M
 Pre-touch: Disabled
 Parallel Workers: 18
 Concurrent Workers: 5
 Concurrent Refinement Workers: 18
 Periodic GC: Disabled

Heap:
 garbage-first heap   total 2097152K, used 16384K [0x00000000a0000000, 0x0000000800000000)
  region size 16384K, 2 young (32768K), 0 survivors (0K)
 Metaspace       used 2784K, committed 2944K, reserved 1114112K
  class space    used 168K, committed 256K, reserved 1048576K

Heap Regions: E=young(eden), S=young(survivor), O=old, HS=humongous(starts), HC=humongous(continues), CS=collection set, F=free, OA=open archive, CA=closed archive, TAMS=top-at-mark-start (previous, next)
|   0|0x00000000a0000000, 0x00000000a0000000, 0x00000000a1000000|  0%| F|  |TAMS 0x00000000a0000000, 0x00000000a0000000| Untracked 
|   1|0x00000000a1000000, 0x00000000a1000000, 0x00000000a2000000|  0%| F|  |TAMS 0x00000000a1000000, 0x00000000a1000000| Untracked 
|   2|0x00000000a2000000, 0x00000000a2000000, 0x00000000a3000000|  0%| F|  |TAMS 0x00000000a2000000, 0x00000000a2000000| Untracked 
|   3|0x00000000a3000000, 0x00000000a3000000, 0x00000000a4000000|  0%| F|  |TAMS 0x00000000a3000000, 0x00000000a3000000| Untracked 
|   4|0x00000000a4000000, 0x00000000a4000000, 0x00000000a5000000|  0%| F|  |TAMS 0x00000000a4000000, 0x00000000a4000000| Untracked 
|   5|0x00000000a5000000, 0x00000000a5000000, 0x00000000a6000000|  0%| F|  |TAMS 0x00000000a5000000, 0x00000000a5000000| Untracked 
|   6|0x00000000a6000000, 0x00000000a6000000, 0x00000000a7000000|  0%| F|  |TAMS 0x00000000a6000000, 0x00000000a6000000| Untracked 
|   7|0x00000000a7000000, 0x00000000a7000000, 0x00000000a8000000|  0%| F|  |TAMS 0x00000000a7000000, 0x00000000a7000000| Untracked 
|   8|0x00000000a8000000, 0x00000000a8000000, 0x00000000a9000000|  0%| F|  |TAMS 0x00000000a8000000, 0x00000000a8000000| Untracked 
|   9|0x00000000a9000000, 0x00000000a9000000, 0x00000000aa000000|  0%| F|  |TAMS 0x00000000a9000000, 0x00000000a9000000| Untracked 
|  10|0x00000000aa000000, 0x00000000aa000000, 0x00000000ab000000|  0%| F|  |TAMS 0x00000000aa000000, 0x00000000aa000000| Untracked 
|  11|0x00000000ab000000, 0x00000000ab000000, 0x00000000ac000000|  0%| F|  |TAMS 0x00000000ab000000, 0x00000000ab000000| Untracked 
|  12|0x00000000ac000000, 0x00000000ac000000, 0x00000000ad000000|  0%| F|  |TAMS 0x00000000ac000000, 0x00000000ac000000| Untracked 
|  13|0x00000000ad000000, 0x00000000ad000000, 0x00000000ae000000|  0%| F|  |TAMS 0x00000000ad000000, 0x00000000ad000000| Untracked 
|  14|0x00000000ae000000, 0x00000000ae000000, 0x00000000af000000|  0%| F|  |TAMS 0x00000000ae000000, 0x00000000ae000000| Untracked 
|  15|0x00000000af000000, 0x00000000af000000, 0x00000000b0000000|  0%| F|  |TAMS 0x00000000af000000, 0x00000000af000000| Untracked 
|  16|0x00000000b0000000, 0x00000000b0000000, 0x00000000b1000000|  0%| F|  |TAMS 0x00000000b0000000, 0x00000000b0000000| Untracked 
|  17|0x00000000b1000000, 0x00000000b1000000, 0x00000000b2000000|  0%| F|  |TAMS 0x00000000b1000000, 0x00000000b1000000| Untracked 
|  18|0x00000000b2000000, 0x00000000b2000000, 0x00000000b3000000|  0%| F|  |TAMS 0x00000000b2000000, 0x00000000b2000000| Untracked 
|  19|0x00000000b3000000, 0x00000000b3000000, 0x00000000b4000000|  0%| F|  |TAMS 0x00000000b3000000, 0x00000000b3000000| Untracked 
|  20|0x00000000b4000000, 0x00000000b4000000, 0x00000000b5000000|  0%| F|  |TAMS 0x00000000b4000000, 0x00000000b4000000| Untracked 
|  21|0x00000000b5000000, 0x00000000b5000000, 0x00000000b6000000|  0%| F|  |TAMS 0x00000000b5000000, 0x00000000b5000000| Untracked 
|  22|0x00000000b6000000, 0x00000000b6000000, 0x00000000b7000000|  0%| F|  |TAMS 0x00000000b6000000, 0x00000000b6000000| Untracked 
|  23|0x00000000b7000000, 0x00000000b7000000, 0x00000000b8000000|  0%| F|  |TAMS 0x00000000b7000000, 0x00000000b7000000| Untracked 
|  24|0x00000000b8000000, 0x00000000b8000000, 0x00000000b9000000|  0%| F|  |TAMS 0x00000000b8000000, 0x00000000b8000000| Untracked 
|  25|0x00000000b9000000, 0x00000000b9000000, 0x00000000ba000000|  0%| F|  |TAMS 0x00000000b9000000, 0x00000000b9000000| Untracked 
|  26|0x00000000ba000000, 0x00000000ba000000, 0x00000000bb000000|  0%| F|  |TAMS 0x00000000ba000000, 0x00000000ba000000| Untracked 
|  27|0x00000000bb000000, 0x00000000bb000000, 0x00000000bc000000|  0%| F|  |TAMS 0x00000000bb000000, 0x00000000bb000000| Untracked 
|  28|0x00000000bc000000, 0x00000000bc000000, 0x00000000bd000000|  0%| F|  |TAMS 0x00000000bc000000, 0x00000000bc000000| Untracked 
|  29|0x00000000bd000000, 0x00000000bd000000, 0x00000000be000000|  0%| F|  |TAMS 0x00000000bd000000, 0x00000000bd000000| Untracked 
|  30|0x00000000be000000, 0x00000000be000000, 0x00000000bf000000|  0%| F|  |TAMS 0x00000000be000000, 0x00000000be000000| Untracked 
|  31|0x00000000bf000000, 0x00000000bf000000, 0x00000000c0000000|  0%| F|  |TAMS 0x00000000bf000000, 0x00000000bf000000| Untracked 
|  32|0x00000000c0000000, 0x00000000c0000000, 0x00000000c1000000|  0%| F|  |TAMS 0x00000000c0000000, 0x00000000c0000000| Untracked 
|  33|0x00000000c1000000, 0x00000000c1000000, 0x00000000c2000000|  0%| F|  |TAMS 0x00000000c1000000, 0x00000000c1000000| Untracked 
|  34|0x00000000c2000000, 0x00000000c2000000, 0x00000000c3000000|  0%| F|  |TAMS 0x00000000c2000000, 0x00000000c2000000| Untracked 
|  35|0x00000000c3000000, 0x00000000c3000000, 0x00000000c4000000|  0%| F|  |TAMS 0x00000000c3000000, 0x00000000c3000000| Untracked 
|  36|0x00000000c4000000, 0x00000000c4000000, 0x00000000c5000000|  0%| F|  |TAMS 0x00000000c4000000, 0x00000000c4000000| Untracked 
|  37|0x00000000c5000000, 0x00000000c5000000, 0x00000000c6000000|  0%| F|  |TAMS 0x00000000c5000000, 0x00000000c5000000| Untracked 
|  38|0x00000000c6000000, 0x00000000c6000000, 0x00000000c7000000|  0%| F|  |TAMS 0x00000000c6000000, 0x00000000c6000000| Untracked 
|  39|0x00000000c7000000, 0x00000000c7000000, 0x00000000c8000000|  0%| F|  |TAMS 0x00000000c7000000, 0x00000000c7000000| Untracked 
|  40|0x00000000c8000000, 0x00000000c8000000, 0x00000000c9000000|  0%| F|  |TAMS 0x00000000c8000000, 0x00000000c8000000| Untracked 
|  41|0x00000000c9000000, 0x00000000c9000000, 0x00000000ca000000|  0%| F|  |TAMS 0x00000000c9000000, 0x00000000c9000000| Untracked 
|  42|0x00000000ca000000, 0x00000000ca000000, 0x00000000cb000000|  0%| F|  |TAMS 0x00000000ca000000, 0x00000000ca000000| Untracked 
|  43|0x00000000cb000000, 0x00000000cb000000, 0x00000000cc000000|  0%| F|  |TAMS 0x00000000cb000000, 0x00000000cb000000| Untracked 
|  44|0x00000000cc000000, 0x00000000cc000000, 0x00000000cd000000|  0%| F|  |TAMS 0x00000000cc000000, 0x00000000cc000000| Untracked 
|  45|0x00000000cd000000, 0x00000000cd000000, 0x00000000ce000000|  0%| F|  |TAMS 0x00000000cd000000, 0x00000000cd000000| Untracked 
|  46|0x00000000ce000000, 0x00000000ce000000, 0x00000000cf000000|  0%| F|  |TAMS 0x00000000ce000000, 0x00000000ce000000| Untracked 
|  47|0x00000000cf000000, 0x00000000cf000000, 0x00000000d0000000|  0%| F|  |TAMS 0x00000000cf000000, 0x00000000cf000000| Untracked 
|  48|0x00000000d0000000, 0x00000000d0000000, 0x00000000d1000000|  0%| F|  |TAMS 0x00000000d0000000, 0x00000000d0000000| Untracked 
|  49|0x00000000d1000000, 0x00000000d1000000, 0x00000000d2000000|  0%| F|  |TAMS 0x00000000d1000000, 0x00000000d1000000| Untracked 
|  50|0x00000000d2000000, 0x00000000d2000000, 0x00000000d3000000|  0%| F|  |TAMS 0x00000000d2000000, 0x00000000d2000000| Untracked 
|  51|0x00000000d3000000, 0x00000000d3000000, 0x00000000d4000000|  0%| F|  |TAMS 0x00000000d3000000, 0x00000000d3000000| Untracked 
|  52|0x00000000d4000000, 0x00000000d4000000, 0x00000000d5000000|  0%| F|  |TAMS 0x00000000d4000000, 0x00000000d4000000| Untracked 
|  53|0x00000000d5000000, 0x00000000d5000000, 0x00000000d6000000|  0%| F|  |TAMS 0x00000000d5000000, 0x00000000d5000000| Untracked 
|  54|0x00000000d6000000, 0x00000000d6000000, 0x00000000d7000000|  0%| F|  |TAMS 0x00000000d6000000, 0x00000000d6000000| Untracked 
|  55|0x00000000d7000000, 0x00000000d7000000, 0x00000000d8000000|  0%| F|  |TAMS 0x00000000d7000000, 0x00000000d7000000| Untracked 
|  56|0x00000000d8000000, 0x00000000d8000000, 0x00000000d9000000|  0%| F|  |TAMS 0x00000000d8000000, 0x00000000d8000000| Untracked 
|  57|0x00000000d9000000, 0x00000000d9000000, 0x00000000da000000|  0%| F|  |TAMS 0x00000000d9000000, 0x00000000d9000000| Untracked 
|  58|0x00000000da000000, 0x00000000da000000, 0x00000000db000000|  0%| F|  |TAMS 0x00000000da000000, 0x00000000da000000| Untracked 
|  59|0x00000000db000000, 0x00000000db000000, 0x00000000dc000000|  0%| F|  |TAMS 0x00000000db000000, 0x00000000db000000| Untracked 
|  60|0x00000000dc000000, 0x00000000dc000000, 0x00000000dd000000|  0%| F|  |TAMS 0x00000000dc000000, 0x00000000dc000000| Untracked 
|  61|0x00000000dd000000, 0x00000000dd000000, 0x00000000de000000|  0%| F|  |TAMS 0x00000000dd000000, 0x00000000dd000000| Untracked 
|  62|0x00000000de000000, 0x00000000de000000, 0x00000000df000000|  0%| F|  |TAMS 0x00000000de000000, 0x00000000de000000| Untracked 
|  63|0x00000000df000000, 0x00000000df000000, 0x00000000e0000000|  0%| F|  |TAMS 0x00000000df000000, 0x00000000df000000| Untracked 
|  64|0x00000000e0000000, 0x00000000e0000000, 0x00000000e1000000|  0%| F|  |TAMS 0x00000000e0000000, 0x00000000e0000000| Untracked 
|  65|0x00000000e1000000, 0x00000000e1000000, 0x00000000e2000000|  0%| F|  |TAMS 0x00000000e1000000, 0x00000000e1000000| Untracked 
|  66|0x00000000e2000000, 0x00000000e2000000, 0x00000000e3000000|  0%| F|  |TAMS 0x00000000e2000000, 0x00000000e2000000| Untracked 
|  67|0x00000000e3000000, 0x00000000e3000000, 0x00000000e4000000|  0%| F|  |TAMS 0x00000000e3000000, 0x00000000e3000000| Untracked 
|  68|0x00000000e4000000, 0x00000000e4000000, 0x00000000e5000000|  0%| F|  |TAMS 0x00000000e4000000, 0x00000000e4000000| Untracked 
|  69|0x00000000e5000000, 0x00000000e5000000, 0x00000000e6000000|  0%| F|  |TAMS 0x00000000e5000000, 0x00000000e5000000| Untracked 
|  70|0x00000000e6000000, 0x00000000e6000000, 0x00000000e7000000|  0%| F|  |TAMS 0x00000000e6000000, 0x00000000e6000000| Untracked 
|  71|0x00000000e7000000, 0x00000000e7000000, 0x00000000e8000000|  0%| F|  |TAMS 0x00000000e7000000, 0x00000000e7000000| Untracked 
|  72|0x00000000e8000000, 0x00000000e8000000, 0x00000000e9000000|  0%| F|  |TAMS 0x00000000e8000000, 0x00000000e8000000| Untracked 
|  73|0x00000000e9000000, 0x00000000e9000000, 0x00000000ea000000|  0%| F|  |TAMS 0x00000000e9000000, 0x00000000e9000000| Untracked 
|  74|0x00000000ea000000, 0x00000000ea000000, 0x00000000eb000000|  0%| F|  |TAMS 0x00000000ea000000, 0x00000000ea000000| Untracked 
|  75|0x00000000eb000000, 0x00000000eb000000, 0x00000000ec000000|  0%| F|  |TAMS 0x00000000eb000000, 0x00000000eb000000| Untracked 
|  76|0x00000000ec000000, 0x00000000ec000000, 0x00000000ed000000|  0%| F|  |TAMS 0x00000000ec000000, 0x00000000ec000000| Untracked 
|  77|0x00000000ed000000, 0x00000000ed000000, 0x00000000ee000000|  0%| F|  |TAMS 0x00000000ed000000, 0x00000000ed000000| Untracked 
|  78|0x00000000ee000000, 0x00000000ee000000, 0x00000000ef000000|  0%| F|  |TAMS 0x00000000ee000000, 0x00000000ee000000| Untracked 
|  79|0x00000000ef000000, 0x00000000ef000000, 0x00000000f0000000|  0%| F|  |TAMS 0x00000000ef000000, 0x00000000ef000000| Untracked 
|  80|0x00000000f0000000, 0x00000000f0000000, 0x00000000f1000000|  0%| F|  |TAMS 0x00000000f0000000, 0x00000000f0000000| Untracked 
|  81|0x00000000f1000000, 0x00000000f1000000, 0x00000000f2000000|  0%| F|  |TAMS 0x00000000f1000000, 0x00000000f1000000| Untracked 
|  82|0x00000000f2000000, 0x00000000f2000000, 0x00000000f3000000|  0%| F|  |TAMS 0x00000000f2000000, 0x00000000f2000000| Untracked 
|  83|0x00000000f3000000, 0x00000000f3000000, 0x00000000f4000000|  0%| F|  |TAMS 0x00000000f3000000, 0x00000000f3000000| Untracked 
|  84|0x00000000f4000000, 0x00000000f4000000, 0x00000000f5000000|  0%| F|  |TAMS 0x00000000f4000000, 0x00000000f4000000| Untracked 
|  85|0x00000000f5000000, 0x00000000f5000000, 0x00000000f6000000|  0%| F|  |TAMS 0x00000000f5000000, 0x00000000f5000000| Untracked 
|  86|0x00000000f6000000, 0x00000000f6000000, 0x00000000f7000000|  0%| F|  |TAMS 0x00000000f6000000, 0x00000000f6000000| Untracked 
|  87|0x00000000f7000000, 0x00000000f7000000, 0x00000000f8000000|  0%| F|  |TAMS 0x00000000f7000000, 0x00000000f7000000| Untracked 
|  88|0x00000000f8000000, 0x00000000f8000000, 0x00000000f9000000|  0%| F|  |TAMS 0x00000000f8000000, 0x00000000f8000000| Untracked 
|  89|0x00000000f9000000, 0x00000000f9000000, 0x00000000fa000000|  0%| F|  |TAMS 0x00000000f9000000, 0x00000000f9000000| Untracked 
|  90|0x00000000fa000000, 0x00000000fa000000, 0x00000000fb000000|  0%| F|  |TAMS 0x00000000fa000000, 0x00000000fa000000| Untracked 
|  91|0x00000000fb000000, 0x00000000fb000000, 0x00000000fc000000|  0%| F|  |TAMS 0x00000000fb000000, 0x00000000fb000000| Untracked 
|  92|0x00000000fc000000, 0x00000000fc000000, 0x00000000fd000000|  0%| F|  |TAMS 0x00000000fc000000, 0x00000000fc000000| Untracked 
|  93|0x00000000fd000000, 0x00000000fd000000, 0x00000000fe000000|  0%| F|  |TAMS 0x00000000fd000000, 0x00000000fd000000| Untracked 
|  94|0x00000000fe000000, 0x00000000fe000000, 0x00000000ff000000|  0%| F|  |TAMS 0x00000000fe000000, 0x00000000fe000000| Untracked 
|  95|0x00000000ff000000, 0x00000000ff000000, 0x0000000100000000|  0%| F|  |TAMS 0x00000000ff000000, 0x00000000ff000000| Untracked 
|  96|0x0000000100000000, 0x0000000100000000, 0x0000000101000000|  0%| F|  |TAMS 0x0000000100000000, 0x0000000100000000| Untracked 
|  97|0x0000000101000000, 0x0000000101000000, 0x0000000102000000|  0%| F|  |TAMS 0x0000000101000000, 0x0000000101000000| Untracked 
|  98|0x0000000102000000, 0x0000000102000000, 0x0000000103000000|  0%| F|  |TAMS 0x0000000102000000, 0x0000000102000000| Untracked 
|  99|0x0000000103000000, 0x0000000103000000, 0x0000000104000000|  0%| F|  |TAMS 0x0000000103000000, 0x0000000103000000| Untracked 
| 100|0x0000000104000000, 0x0000000104000000, 0x0000000105000000|  0%| F|  |TAMS 0x0000000104000000, 0x0000000104000000| Untracked 
| 101|0x0000000105000000, 0x0000000105000000, 0x0000000106000000|  0%| F|  |TAMS 0x0000000105000000, 0x0000000105000000| Untracked 
| 102|0x0000000106000000, 0x0000000106000000, 0x0000000107000000|  0%| F|  |TAMS 0x0000000106000000, 0x0000000106000000| Untracked 
| 103|0x0000000107000000, 0x0000000107000000, 0x0000000108000000|  0%| F|  |TAMS 0x0000000107000000, 0x0000000107000000| Untracked 
| 104|0x0000000108000000, 0x0000000108000000, 0x0000000109000000|  0%| F|  |TAMS 0x0000000108000000, 0x0000000108000000| Untracked 
| 105|0x0000000109000000, 0x0000000109000000, 0x000000010a000000|  0%| F|  |TAMS 0x0000000109000000, 0x0000000109000000| Untracked 
| 106|0x000000010a000000, 0x000000010a000000, 0x000000010b000000|  0%| F|  |TAMS 0x000000010a000000, 0x000000010a000000| Untracked 
| 107|0x000000010b000000, 0x000000010b000000, 0x000000010c000000|  0%| F|  |TAMS 0x000000010b000000, 0x000000010b000000| Untracked 
| 108|0x000000010c000000, 0x000000010c000000, 0x000000010d000000|  0%| F|  |TAMS 0x000000010c000000, 0x000000010c000000| Untracked 
| 109|0x000000010d000000, 0x000000010d000000, 0x000000010e000000|  0%| F|  |TAMS 0x000000010d000000, 0x000000010d000000| Untracked 
| 110|0x000000010e000000, 0x000000010e000000, 0x000000010f000000|  0%| F|  |TAMS 0x000000010e000000, 0x000000010e000000| Untracked 
| 111|0x000000010f000000, 0x000000010f000000, 0x0000000110000000|  0%| F|  |TAMS 0x000000010f000000, 0x000000010f000000| Untracked 
| 112|0x0000000110000000, 0x0000000110000000, 0x0000000111000000|  0%| F|  |TAMS 0x0000000110000000, 0x0000000110000000| Untracked 
| 113|0x0000000111000000, 0x0000000111000000, 0x0000000112000000|  0%| F|  |TAMS 0x0000000111000000, 0x0000000111000000| Untracked 
| 114|0x0000000112000000, 0x0000000112000000, 0x0000000113000000|  0%| F|  |TAMS 0x0000000112000000, 0x0000000112000000| Untracked 
| 115|0x0000000113000000, 0x0000000113000000, 0x0000000114000000|  0%| F|  |TAMS 0x0000000113000000, 0x0000000113000000| Untracked 
| 116|0x0000000114000000, 0x0000000114000000, 0x0000000115000000|  0%| F|  |TAMS 0x0000000114000000, 0x0000000114000000| Untracked 
| 117|0x0000000115000000, 0x0000000115000000, 0x0000000116000000|  0%| F|  |TAMS 0x0000000115000000, 0x0000000115000000| Untracked 
| 118|0x0000000116000000, 0x0000000116000000, 0x0000000117000000|  0%| F|  |TAMS 0x0000000116000000, 0x0000000116000000| Untracked 
| 119|0x0000000117000000, 0x0000000117000000, 0x0000000118000000|  0%| F|  |TAMS 0x0000000117000000, 0x0000000117000000| Untracked 
|   0|0x0000000000000000, 0x0000000000000000, 0x0000000000000000|-2147483648%| F|  
[error occurred during error reporting (printing heap information), id 0xc0000005, EXCEPTION_ACCESS_VIOLATION (0xc0000005) at pc=0x00007ff879713edf]

Metaspace:

Usage:
  Non-class:      2.55 MB used.
      Class:    168.12 KB used.
       Both:      2.72 MB used.

Virtual space:
  Non-class space:       64.00 MB reserved,       2.62 MB (  4%) committed,  1 nodes.
      Class space:        1.00 GB reserved,     256.00 KB ( <1%) committed,  1 nodes.
             Both:        1.06 GB reserved,       2.88 MB ( <1%) committed. 

Chunk freelists:
   Non-Class:  2.86 MB
       Class:  3.67 MB
        Both:  6.53 MB

MaxMetaspaceSize: unlimited
CompressedClassSpaceSize: 1.00 GB
Initial GC threshold: 21.00 MB
Current GC threshold: 21.00 MB
CDS: on
MetaspaceReclaimPolicy: balanced
 - commit_granule_bytes: 65536.
 - commit_granule_words: 8192.
 - virtual_space_node_default_size: 8388608.
 - enlarge_chunks_in_place: 1.
 - new_chunks_are_fully_committed: 0.
 - uncommit_free_chunks: 1.
 - use_allocation_guard: 0.


Internal statistics:

num_allocs_failed_limit: 0.
num_arena_births: 16.
num_arena_deaths: 0.
num_vsnodes_births: 2.
num_vsnodes_deaths: 0.
num_space_committed: 44.
num_space_uncommitted: 0.
num_chunks_returned_to_freelist: 0.
num_chunks_taken_from_freelist: 64.
num_chunk_merges: 0.
num_chunk_splits: 37.
num_chunks_enlarged: 32.
num_inconsistent_stats: 0.

CodeHeap 'non-profiled nmethods': size=119168Kb used=142Kb max_used=142Kb free=119025Kb
 bounds [0x000001e721e20000, 0x000001e722090000, 0x000001e729280000]
CodeHeap 'profiled nmethods': size=119104Kb used=849Kb max_used=849Kb free=118254Kb
 bounds [0x000001e71a280000, 0x000001e71a4f0000, 0x000001e7216d0000]
CodeHeap 'non-nmethods': size=7488Kb used=2976Kb max_used=2984Kb free=4511Kb
 bounds [0x000001e7216d0000, 0x000001e7219c0000, 0x000001e721e20000]
 total_blobs=1085 nmethods=572 adapters=421
 compilation: enabled
              stopped_count=0, restarted_count=0
 full_count=0

Compilation events (20 events):
Event: 0.270 Thread 0x000001e773a4ffe0  566       1       java.nio.HeapByteBuffer::isDirect (2 bytes)
Event: 0.270 Thread 0x000001e773a4ffe0 nmethod 566 0x000001e721e43390 code [0x000001e721e43520, 0x000001e721e435f8]
Event: 0.271 Thread 0x000001e773a4ffe0  569       3       java.util.WeakHashMap::remove (131 bytes)
Event: 0.271 Thread 0x000001e77390de90 nmethod 561 0x000001e71a34da90 code [0x000001e71a34dce0, 0x000001e71a34e578]
Event: 0.271 Thread 0x000001e77390de90  567   !   3       java.util.zip.ZipFile$ZipFileInputStream::close (59 bytes)
Event: 0.271 Thread 0x000001e773a1b430 nmethod 564 0x000001e71a34e890 code [0x000001e71a34eb00, 0x000001e71a34f678]
Event: 0.271 Thread 0x000001e773a1b430  568       3       java.util.Collections$SetFromMap::remove (19 bytes)
Event: 0.271 Thread 0x000001e77846c670 nmethod 563 0x000001e71a34fb90 code [0x000001e71a34fe20, 0x000001e71a3508f8]
Event: 0.271 Thread 0x000001e77390de90 nmethod 567 0x000001e71a350d90 code [0x000001e71a350f60, 0x000001e71a3512e8]
Event: 0.271 Thread 0x000001e77846c670  570       3       java.io.WinNTFileSystem::isLetter (30 bytes)
Event: 0.271 Thread 0x000001e773a1b430 nmethod 568 0x000001e71a351510 code [0x000001e71a3516c0, 0x000001e71a3518e8]
Event: 0.271 Thread 0x000001e77846c670 nmethod 570 0x000001e71a351990 code [0x000001e71a351b40, 0x000001e71a351d58]
Event: 0.271 Thread 0x000001e773a4ffe0 nmethod 569 0x000001e71a351e10 code [0x000001e71a352060, 0x000001e71a352bf8]
Event: 0.271 Thread 0x000001e7738ecae0 nmethod 565 0x000001e721e43690 code [0x000001e721e43820, 0x000001e721e43998]
Event: 0.272 Thread 0x000001e773a4ffe0  571       3       java.lang.String::getChars (54 bytes)
Event: 0.272 Thread 0x000001e77846c670  572       3       java.lang.StringLatin1::getChars (12 bytes)
Event: 0.272 Thread 0x000001e77846c670 nmethod 572 0x000001e71a353010 code [0x000001e71a3531c0, 0x000001e71a3532e8]
Event: 0.272 Thread 0x000001e773a4ffe0 nmethod 571 0x000001e71a353390 code [0x000001e71a3535c0, 0x000001e71a353cf8]
Event: 0.273 Thread 0x000001e773a4ffe0  573       3       java.util.zip.ZipUtils::CENSIZ (9 bytes)
Event: 0.273 Thread 0x000001e773a4ffe0 nmethod 573 0x000001e71a354010 code [0x000001e71a3541c0, 0x000001e71a354498]

GC Heap History (0 events):
No events

Dll operation events (10 events):
Event: 0.004 Loaded shared library C:\Program Files\Java\jdk-19\bin\java.dll
Event: 0.012 Loaded shared library C:\Program Files\Java\jdk-19\bin\jsvml.dll
Event: 0.034 Loaded shared library C:\Program Files\Java\jdk-19\bin\net.dll
Event: 0.035 Loaded shared library C:\Program Files\Java\jdk-19\bin\nio.dll
Event: 0.036 Loaded shared library C:\Program Files\Java\jdk-19\bin\zip.dll
Event: 0.041 Loaded shared library C:\Program Files\Java\jdk-19\bin\verify.dll
Event: 0.050 Loaded shared library C:\Users\Chris Combs\eclipse-workspace\Opencraft1.0\natives\lwjgl64.dll
Event: 0.236 Loaded shared library C:\Program Files\Java\jdk-19\bin\jimage.dll
Event: 0.252 Loaded shared library C:\Program Files\Java\jdk-19\bin\awt.dll
Event: 0.270 Loaded shared library C:\Users\Chris Combs\eclipse-workspace\Opencraft1.0\natives\freetype-jni-64.dll

Deoptimization events (20 events):
Event: 0.266 Thread 0x000001e71231c820 DEOPT PACKING pc=0x000001e71a3425ca sp=0x00000037bdbfe900
Event: 0.266 Thread 0x000001e71231c820 DEOPT UNPACKING pc=0x000001e721737543 sp=0x00000037bdbfdd90 mode 0
Event: 0.266 Thread 0x000001e71231c820 DEOPT PACKING pc=0x000001e71a3425ca sp=0x00000037bdbfe900
Event: 0.266 Thread 0x000001e71231c820 DEOPT UNPACKING pc=0x000001e721737543 sp=0x00000037bdbfdd90 mode 0
Event: 0.266 Thread 0x000001e71231c820 DEOPT PACKING pc=0x000001e71a3425ca sp=0x00000037bdbfe900
Event: 0.266 Thread 0x000001e71231c820 DEOPT UNPACKING pc=0x000001e721737543 sp=0x00000037bdbfdd90 mode 0
Event: 0.266 Thread 0x000001e71231c820 DEOPT PACKING pc=0x000001e71a3425ca sp=0x00000037bdbfe900
Event: 0.266 Thread 0x000001e71231c820 DEOPT UNPACKING pc=0x000001e721737543 sp=0x00000037bdbfdd90 mode 0
Event: 0.266 Thread 0x000001e71231c820 DEOPT PACKING pc=0x000001e71a3425ca sp=0x00000037bdbfe900
Event: 0.266 Thread 0x000001e71231c820 DEOPT UNPACKING pc=0x000001e721737543 sp=0x00000037bdbfdd90 mode 0
Event: 0.266 Thread 0x000001e71231c820 DEOPT PACKING pc=0x000001e71a3425ca sp=0x00000037bdbfe900
Event: 0.266 Thread 0x000001e71231c820 DEOPT UNPACKING pc=0x000001e721737543 sp=0x00000037bdbfdd90 mode 0
Event: 0.266 Thread 0x000001e71231c820 DEOPT PACKING pc=0x000001e71a3425ca sp=0x00000037bdbfe900
Event: 0.266 Thread 0x000001e71231c820 DEOPT UNPACKING pc=0x000001e721737543 sp=0x00000037bdbfdd90 mode 0
Event: 0.266 Thread 0x000001e71231c820 DEOPT PACKING pc=0x000001e71a3425ca sp=0x00000037bdbfe900
Event: 0.266 Thread 0x000001e71231c820 DEOPT UNPACKING pc=0x000001e721737543 sp=0x00000037bdbfdd90 mode 0
Event: 0.266 Thread 0x000001e71231c820 DEOPT PACKING pc=0x000001e71a3425ca sp=0x00000037bdbfe900
Event: 0.266 Thread 0x000001e71231c820 DEOPT UNPACKING pc=0x000001e721737543 sp=0x00000037bdbfdd90 mode 0
Event: 0.270 Thread 0x000001e71231c820 DEOPT PACKING pc=0x000001e71a2886d1 sp=0x00000037bdbfe060
Event: 0.270 Thread 0x000001e71231c820 DEOPT UNPACKING pc=0x000001e721737543 sp=0x00000037bdbfd4d8 mode 0

Classes loaded (20 events):
Event: 0.272 Loading class java/nio/channels/NetworkChannel
Event: 0.273 Loading class java/nio/channels/NetworkChannel done
Event: 0.273 Loading class java/nio/channels/spi/AbstractSelectableChannel
Event: 0.273 Loading class java/nio/channels/SelectableChannel
Event: 0.273 Loading class java/nio/channels/SelectableChannel done
Event: 0.273 Loading class java/nio/channels/spi/AbstractSelectableChannel done
Event: 0.273 Loading class java/nio/channels/SocketChannel done
Event: 0.273 Loading class sun/nio/ch/SocketChannelImpl done
Event: 0.273 Loading class sun/nio/ch/ChannelInputStream
Event: 0.273 Loading class sun/nio/ch/ChannelInputStream done
Event: 0.273 Loading class sun/nio/ch/NativeThread
Event: 0.273 Loading class sun/nio/ch/NativeThread done
Event: 0.273 Loading class sun/nio/ch/IOStatus
Event: 0.273 Loading class sun/nio/ch/IOStatus done
Event: 0.273 Loading class sun/nio/ch/Util
Event: 0.273 Loading class sun/nio/ch/Util done
Event: 0.273 Loading class sun/nio/ch/Util$1
Event: 0.273 Loading class sun/nio/ch/Util$1 done
Event: 0.273 Loading class sun/nio/ch/Util$BufferCache
Event: 0.273 Loading class sun/nio/ch/Util$BufferCache done

Classes unloaded (0 events):
No events

Classes redefined (0 events):
No events

Internal exceptions (1 events):
Event: 0.163 Thread 0x000001e71231c820 Exception <a 'java/lang/NoSuchMethodError'{0x000000011f1d79c8}: 'int java.lang.invoke.Invokers$Holder.invokeExact_MT(java.lang.Object, java.lang.Object)'> (0x000000011f1d79c8) 
thrown [s\open\src\hotspot\share\interpreter\linkResolver.cpp, line 774]

VM Operations (4 events):
Event: 0.040 Executing VM operation: HandshakeAllThreads
Event: 0.040 Executing VM operation: HandshakeAllThreads done
Event: 0.248 Executing VM operation: HandshakeAllThreads
Event: 0.248 Executing VM operation: HandshakeAllThreads done

Events (16 events):
Event: 0.013 Thread 0x000001e71231c820 Thread added: 0x000001e71231c820
Event: 0.019 Thread 0x000001e7738ca340 Thread added: 0x000001e7738ca340
Event: 0.019 Thread 0x000001e7738cac70 Thread added: 0x000001e7738cac70
Event: 0.019 Thread 0x000001e7738d0a20 Thread added: 0x000001e7738d0a20
Event: 0.019 Thread 0x000001e7738d16b0 Thread added: 0x000001e7738d16b0
Event: 0.019 Thread 0x000001e7738d33f0 Thread added: 0x000001e7738d33f0
Event: 0.019 Thread 0x000001e7738dfd90 Thread added: 0x000001e7738dfd90
Event: 0.019 Thread 0x000001e7738ecae0 Thread added: 0x000001e7738ecae0
Event: 0.019 Thread 0x000001e77390de90 Thread added: 0x000001e77390de90
Event: 0.019 Thread 0x000001e7739173e0 Thread added: 0x000001e7739173e0
Event: 0.027 Thread 0x000001e773a1b430 Thread added: 0x000001e773a1b430
Event: 0.028 Thread 0x000001e773a4ffe0 Thread added: 0x000001e773a4ffe0
Event: 0.029 Thread 0x000001e773a5caa0 Thread added: 0x000001e773a5caa0
Event: 0.030 Thread 0x000001e773a616c0 Thread added: 0x000001e773a616c0
Event: 0.201 Thread 0x000001e7784599a0 Thread added: 0x000001e7784599a0
Event: 0.201 Thread 0x000001e77846c670 Thread added: 0x000001e77846c670


Dynamic libraries:
0x00007ff65f210000 - 0x00007ff65f220000 	C:\Program Files\Java\jdk-19\bin\javaw.exe
0x00007ff8a3bb0000 - 0x00007ff8a3dc4000 	C:\WINDOWS\SYSTEM32\ntdll.dll
0x00007ff8a2960000 - 0x00007ff8a2a22000 	C:\WINDOWS\System32\KERNEL32.DLL
0x00007ff8a1240000 - 0x00007ff8a15e3000 	C:\WINDOWS\System32\KERNELBASE.dll
0x00007ff8a15f0000 - 0x00007ff8a1701000 	C:\WINDOWS\System32\ucrtbase.dll
0x00007ff89c510000 - 0x00007ff89c528000 	C:\Program Files\Java\jdk-19\bin\jli.dll
0x00007ff87afe0000 - 0x00007ff87affb000 	C:\Program Files\Java\jdk-19\bin\VCRUNTIME140.dll
0x00007ff8a33e0000 - 0x00007ff8a348e000 	C:\WINDOWS\System32\ADVAPI32.dll
0x00007ff8a2700000 - 0x00007ff8a27a7000 	C:\WINDOWS\System32\msvcrt.dll
0x00007ff8a1be0000 - 0x00007ff8a1c84000 	C:\WINDOWS\System32\sechost.dll
0x00007ff8a1ce0000 - 0x00007ff8a1df7000 	C:\WINDOWS\System32\RPCRT4.dll
0x00007ff8a27b0000 - 0x00007ff8a295a000 	C:\WINDOWS\System32\USER32.dll
0x00007ff8a0fb0000 - 0x00007ff8a0fd6000 	C:\WINDOWS\System32\win32u.dll
0x00007ff892870000 - 0x00007ff892afe000 	C:\WINDOWS\WinSxS\amd64_microsoft.windows.common-controls_6595b64144ccf1df_6.0.22621.1635_none_270f70857386168e\COMCTL32.dll
0x00007ff8a1990000 - 0x00007ff8a19b9000 	C:\WINDOWS\System32\GDI32.dll
0x00007ff8a1870000 - 0x00007ff8a1989000 	C:\WINDOWS\System32\gdi32full.dll
0x00007ff8a17d0000 - 0x00007ff8a186a000 	C:\WINDOWS\System32\msvcp_win.dll
0x00007ff899d10000 - 0x00007ff899d1a000 	C:\WINDOWS\SYSTEM32\VERSION.dll
0x00007ff8a2ee0000 - 0x00007ff8a2f11000 	C:\WINDOWS\System32\IMM32.DLL
0x00007ff89c4d0000 - 0x00007ff89c4dc000 	C:\Program Files\Java\jdk-19\bin\vcruntime140_1.dll
0x00007ff84bab0000 - 0x00007ff84bb3e000 	C:\Program Files\Java\jdk-19\bin\msvcp140.dll
0x00007ff879360000 - 0x00007ff87a020000 	C:\Program Files\Java\jdk-19\bin\server\jvm.dll
0x00007ff84cb50000 - 0x00007ff84cb59000 	C:\WINDOWS\SYSTEM32\WSOCK32.dll
0x00007ff8a2a50000 - 0x00007ff8a2ac1000 	C:\WINDOWS\System32\WS2_32.dll
0x00007ff894e40000 - 0x00007ff894e74000 	C:\WINDOWS\SYSTEM32\WINMM.dll
0x00007ff89fff0000 - 0x00007ff8a0008000 	C:\WINDOWS\SYSTEM32\kernel.appcore.dll
0x00007ff89b0a0000 - 0x00007ff89b0aa000 	C:\Program Files\Java\jdk-19\bin\jimage.dll
0x00007ff89e420000 - 0x00007ff89e64e000 	C:\WINDOWS\SYSTEM32\DBGHELP.DLL
0x00007ff8a2f20000 - 0x00007ff8a32a9000 	C:\WINDOWS\System32\combase.dll
0x00007ff8a1a20000 - 0x00007ff8a1af7000 	C:\WINDOWS\System32\OLEAUT32.dll
0x00007ff888300000 - 0x00007ff888332000 	C:\WINDOWS\SYSTEM32\dbgcore.DLL
0x00007ff8a1150000 - 0x00007ff8a11ca000 	C:\WINDOWS\System32\bcryptPrimitives.dll
0x00007ff87bd90000 - 0x00007ff87bdb6000 	C:\Program Files\Java\jdk-19\bin\java.dll
0x00007ff879280000 - 0x00007ff879357000 	C:\Program Files\Java\jdk-19\bin\jsvml.dll
0x00007ff8a1e00000 - 0x00007ff8a25f9000 	C:\WINDOWS\System32\SHELL32.dll
0x00007ff89efa0000 - 0x00007ff89f86e000 	C:\WINDOWS\SYSTEM32\windows.storage.dll
0x00007ff89ee60000 - 0x00007ff89ef9e000 	C:\WINDOWS\SYSTEM32\wintypes.dll
0x00007ff8a2600000 - 0x00007ff8a26f1000 	C:\WINDOWS\System32\SHCORE.dll
0x00007ff8a19c0000 - 0x00007ff8a1a1e000 	C:\WINDOWS\System32\shlwapi.dll
0x00007ff8a0ee0000 - 0x00007ff8a0f06000 	C:\WINDOWS\SYSTEM32\profapi.dll
0x00007ff89b080000 - 0x00007ff89b093000 	C:\Program Files\Java\jdk-19\bin\net.dll
0x00007ff899910000 - 0x00007ff899a47000 	C:\WINDOWS\SYSTEM32\WINHTTP.dll
0x00007ff8a0510000 - 0x00007ff8a0579000 	C:\WINDOWS\system32\mswsock.dll
0x00007ff87acd0000 - 0x00007ff87ace6000 	C:\Program Files\Java\jdk-19\bin\nio.dll
0x00007ff87ab40000 - 0x00007ff87ab58000 	C:\Program Files\Java\jdk-19\bin\zip.dll
0x00007ff8859c0000 - 0x00007ff8859d0000 	C:\Program Files\Java\jdk-19\bin\verify.dll
0x000001e710280000 - 0x000001e7102d3000 	C:\Users\Chris Combs\eclipse-workspace\Opencraft1.0\natives\lwjgl64.dll
0x00007ff826560000 - 0x00007ff826660000 	C:\WINDOWS\SYSTEM32\OPENGL32.dll
0x00007ff826530000 - 0x00007ff82655d000 	C:\WINDOWS\SYSTEM32\GLU32.dll
0x00007ff89e2d0000 - 0x00007ff89e308000 	C:\WINDOWS\SYSTEM32\dxcore.dll
0x00007ff896d50000 - 0x00007ff896e0c000 	C:\WINDOWS\SYSTEM32\mscms.dll
0x00007ff8a3510000 - 0x00007ff8a35c0000 	C:\WINDOWS\System32\clbcatq.dll
0x00007ff878eb0000 - 0x00007ff878efe000 	C:\Windows\System32\Windows.Internal.Graphics.Display.DisplayColorManagement.dll
0x00007ff8a0ca0000 - 0x00007ff8a0cee000 	C:\WINDOWS\SYSTEM32\cfgmgr32.dll
0x00007ff89e120000 - 0x00007ff89e1cb000 	C:\WINDOWS\system32\uxtheme.dll
0x00007ff8a32b0000 - 0x00007ff8a33d7000 	C:\WINDOWS\System32\MSCTF.dll
0x00007ff89a520000 - 0x00007ff89a655000 	C:\Windows\System32\AppXDeploymentClient.dll
0x00007ff821c80000 - 0x00007ff8255b4000 	C:\WINDOWS\System32\DriverStore\FileRepository\nvdd.inf_amd64_ad96858edfdf0915\nvoglv64.dll
0x00007ff8a36f0000 - 0x00007ff8a3b64000 	C:\WINDOWS\System32\SETUPAPI.dll
0x00007ff8a2d40000 - 0x00007ff8a2edc000 	C:\WINDOWS\System32\ole32.dll
0x00007ff89df30000 - 0x00007ff89df44000 	C:\WINDOWS\SYSTEM32\WTSAPI32.dll
0x00007ff8a0960000 - 0x00007ff8a0988000 	C:\WINDOWS\SYSTEM32\bcrypt.dll
0x00007ff8a0c50000 - 0x00007ff8a0c62000 	C:\WINDOWS\SYSTEM32\msasn1.dll
0x00007ff8983f0000 - 0x00007ff898422000 	C:\WINDOWS\SYSTEM32\cryptnet.dll
0x00007ff8a0fe0000 - 0x00007ff8a1147000 	C:\WINDOWS\System32\CRYPT32.dll
0x00007ff8981b0000 - 0x00007ff898310000 	C:\WINDOWS\SYSTEM32\drvstore.dll
0x00007ff8a0c70000 - 0x00007ff8a0c9c000 	C:\WINDOWS\SYSTEM32\devobj.dll
0x00007ff8a0870000 - 0x00007ff8a08b6000 	C:\WINDOWS\SYSTEM32\wldp.dll
0x00007ff8a07e0000 - 0x00007ff8a07ec000 	C:\WINDOWS\SYSTEM32\cryptbase.dll
0x00007ff8a11d0000 - 0x00007ff8a123b000 	C:\WINDOWS\System32\WINTRUST.dll
0x00007ff8a0010000 - 0x00007ff8a0044000 	C:\WINDOWS\SYSTEM32\ntmarta.dll
0x00007ff89e830000 - 0x00007ff89e85b000 	C:\WINDOWS\SYSTEM32\dwmapi.dll
0x00007ff8a0580000 - 0x00007ff8a05cd000 	C:\WINDOWS\SYSTEM32\powrprof.dll
0x00007ff8a04f0000 - 0x00007ff8a0503000 	C:\WINDOWS\SYSTEM32\UMPDC.dll
0x00007ff8a0140000 - 0x00007ff8a01a6000 	C:\WINDOWS\SYSTEM32\WINSTA.dll
0x00007ff884070000 - 0x00007ff88419d000 	C:\WINDOWS\SYSTEM32\textinputframework.dll
0x00007ff89db40000 - 0x00007ff89dc73000 	C:\WINDOWS\SYSTEM32\CoreMessaging.dll
0x00007ff899090000 - 0x00007ff8993fc000 	C:\WINDOWS\SYSTEM32\CoreUIComponents.dll
0x00007ff8155a0000 - 0x00007ff8155e9000 	C:\WINDOWS\SYSTEM32\icm32.dll
0x00007ff84b910000 - 0x00007ff84baa1000 	C:\Program Files\Java\jdk-19\bin\awt.dll
0x00007ff89df50000 - 0x00007ff89dfe7000 	C:\WINDOWS\SYSTEM32\apphelp.dll
0x00007ff84b7c0000 - 0x00007ff84b90e000 	C:\Users\Chris Combs\eclipse-workspace\Opencraft1.0\natives\freetype-jni-64.dll
0x00007ff878770000 - 0x00007ff87879b000 	C:\WINDOWS\SYSTEM32\VCRUNTIME140D.dll
0x00007ff84b5a0000 - 0x00007ff84b7bf000 	C:\WINDOWS\SYSTEM32\ucrtbased.dll

dbghelp: loaded successfully - version: 4.0.5 - missing functions: none
symbol engine: initialized successfully - sym options: 0x614 - pdb path: .;C:\Program Files\Java\jdk-19\bin;C:\WINDOWS\SYSTEM32;C:\WINDOWS\WinSxS\amd64_microsoft.windows.common-controls_6595b64144ccf1df_6.0.22621.1635_none_270f70857386168e;C:\Program Files\Java\jdk-19\bin\server;C:\Users\Chris Combs\eclipse-workspace\Opencraft1.0\natives;C:\WINDOWS\System32\DriverStore\FileRepository\nvdd.inf_amd64_ad96858edfdf0915

VM Arguments:
jvm_args: -Djava.library.path=C:\Users\Chris Combs\eclipse-workspace\Opencraft1.0\natives -Dfile.encoding=UTF-8 -XX:+ShowCodeDetailsInExceptionMessages 
java_command: opencraft.Main
java_class_path (initial): C:\Users\Chris Combs\eclipse-workspace\Opencraft1.0\bin;C:\Users\Chris Combs\eclipse-workspace\Opencraft1.0\libs\AppleJavaExtensions.jar;C:\Users\Chris Combs\eclipse-workspace\Opencraft1.0\libs\asm-debug-all.jar;C:\Users\Chris Combs\eclipse-workspace\Opencraft1.0\libs\jinput.jar;C:\Users\Chris Combs\eclipse-workspace\Opencraft1.0\libs\laf-plugin-7.2.1.jar;C:\Users\Chris Combs\eclipse-workspace\Opencraft1.0\libs\laf-widget-7.2.1.jar;C:\Users\Chris Combs\eclipse-workspace\Opencraft1.0\libs\log4j-api-2.0-beta9.jar;C:\Users\Chris Combs\eclipse-workspace\Opencraft1.0\libs\lwjgl_test.jar;C:\Users\Chris Combs\eclipse-workspace\Opencraft1.0\libs\lwjgl_util_applet.jar;C:\Users\Chris Combs\eclipse-workspace\Opencraft1.0\libs\lwjgl_util.jar;C:\Users\Chris Combs\eclipse-workspace\Opencraft1.0\libs\lwjgl.jar;C:\Users\Chris Combs\eclipse-workspace\Opencraft1.0\libs\lwjgl-debug.jar;C:\Users\Chris Combs\eclipse-workspace\Opencraft1.0\libs\lzma.jar;C:\Users\Chris Combs\eclipse-workspace\Opencraft1.0\libs\substance-7.2.1.jar;C:\Users\Chris Combs\eclipse-workspace\Opencraft1.0\libs\trident-7.2.1.jar;C:\Users\Chris Combs\eclipse-workspace\Opencraft1.0\libs\slick-util.jar;C:\Users\Chris Combs\eclipse-workspace\Opencraft1.0\libs\TWL-LWJGL2.jar;C:\Users\Chris Combs\eclipse-workspace\Opencraft1.0\libs\freetype-jni.jar
Launcher Type: SUN_STANDARD

[Global flags]
     intx CICompilerCount                          = 12                                        {product} {ergonomic}
     uint ConcGCThreads                            = 5                                         {product} {ergonomic}
     uint G1ConcRefinementThreads                  = 18                                        {product} {ergonomic}
   size_t G1HeapRegionSize                         = 16777216                                  {product} {ergonomic}
    uintx GCDrainStackTargetSize                   = 64                                        {product} {ergonomic}
   size_t InitialHeapSize                          = 2147483648                                {product} {ergonomic}
   size_t MarkStackSize                            = 4194304                                   {product} {ergonomic}
   size_t MaxHeapSize                              = 31675383808                               {product} {ergonomic}
   size_t MaxNewSize                               = 18991808512                               {product} {ergonomic}
   size_t MinHeapDeltaBytes                        = 16777216                                  {product} {ergonomic}
   size_t MinHeapSize                              = 16777216                                  {product} {ergonomic}
    uintx NonNMethodCodeHeapSize                   = 7602480                                {pd product} {ergonomic}
    uintx NonProfiledCodeHeapSize                  = 122027880                              {pd product} {ergonomic}
    uintx ProfiledCodeHeapSize                     = 122027880                              {pd product} {ergonomic}
    uintx ReservedCodeCacheSize                    = 251658240                              {pd product} {ergonomic}
     bool SegmentedCodeCache                       = true                                      {product} {ergonomic}
     bool ShowCodeDetailsInExceptionMessages       = true                                   {manageable} {command line}
   size_t SoftMaxHeapSize                          = 31675383808                            {manageable} {ergonomic}
     bool UseCompressedClassPointers               = true                           {product lp64_product} {ergonomic}
     bool UseCompressedOops                        = true                           {product lp64_product} {ergonomic}
     bool UseG1GC                                  = true                                      {product} {ergonomic}
     bool UseLargePagesIndividualAllocation        = false                                  {pd product} {ergonomic}

Logging:
Log output configuration:
 #0: stdout all=warning uptime,level,tags foldmultilines=false
 #1: stderr all=off uptime,level,tags foldmultilines=false

Environment Variables:
PATH=C:/Program Files/Java/jdk-19/bin/server;C:/Program Files/Java/jdk-19/bin;C:\Ruby32-x64\bin;C:\Program Files (x86)\Razer Chroma SDK\bin;C:\Program Files\Razer Chroma SDK\bin;C:\Program Files\Oculus\Support\oculus-runtime;C:\Program Files\Common Files\Oracle\Java\javapath;C:\Program Files (x86)\Razer\ChromaBroadcast\bin;C:\Program Files\Razer\ChromaBroadcast\bin;C:\WINDOWS\system32;C:\WINDOWS;C:\WINDOWS\System32\Wbem;C:\WINDOWS\System32\WindowsPowerShell\v1.0\;C:\WINDOWS\System32\OpenSSH\;C:\WINDOWS\system32\config\systemprofile\AppData\Local\Microsoft\WindowsApps;C:\Program Files\nodejs\;C:\Program Files\Microsoft SQL Server\130\Tools\Binn\;C:\Program Files\Microsoft SQL Server\Client SDK\ODBC\170\Tools\Binn\;C:\Program Files\dotnet\;C:\Program Files\WorldPainter;C:\Users\Chris Combs\AppData\Local\Microsoft\WindowsApps;C:\Users\Chris Combs\AppData\Roaming\npm;C:\Users\Chris Combs\AppData\Local\atom\bin;C:\Users\Chris Combs\.dotnet\tools;C:\Users\Chris Combs\AppData\Local\GitHubDesktop\bin;C:\WINDOWS\system32;
USERNAME=Chris Combs
OS=Windows_NT
PROCESSOR_IDENTIFIER=Intel64 Family 6 Model 151 Stepping 2, GenuineIntel
TMP=C:\Users\CHRISC~1\AppData\Local\Temp
TEMP=C:\Users\CHRISC~1\AppData\Local\Temp



---------------  S Y S T E M  ---------------

OS:
 Windows 11 , 64 bit Build 22621 (10.0.22621.1928)
OS uptime: 0 days 2:33 hours

CPU: total 24 (initial active 24) (12 cores per cpu, 2 threads per core) family 6 model 151 stepping 2 microcode 0x23, cx8, cmov, fxsr, ht, mmx, 3dnowpref, sse, sse2, sse3, ssse3, sse4.1, sse4.2, popcnt, lzcnt, tsc, tscinvbit, avx, avx2, aes, erms, clmul, bmi1, bmi2, adx, sha, fma, vzeroupper, clflush, clflushopt, clwb, serialize, rdtscp, rdpid, fsrm

Memory: 4k page, system-wide physical 130863M (111359M free)
TotalPageFile size 150319M (AvailPageFile size 124193M)
current process WorkingSet (physical memory assigned to process): 95M, peak: 95M
current process commit charge ("private bytes"): 2310M, peak: 2310M

vm_info: Java HotSpot(TM) 64-Bit Server VM (19.0.2+7-44) for windows-amd64 JRE (19.0.2+7-44), built on 2022-11-30T18:02:09Z by "mach5one" with MS VC++ 17.1 (VS2022)

END.
