#
# There is insufficient memory for the Java Runtime Environment to continue.
# Native memory allocation (mmap) failed to map 532676608 bytes for G1 virtual space
# Possible reasons:
#   The system is out of physical RAM or swap space
#   The process is running with CompressedOops enabled, and the Java Heap may be blocking the growth of the native heap
# Possible solutions:
#   Reduce memory load on the system
#   Increase physical memory or swap space
#   Check if swap backing store is full
#   Decrease Java heap size (-Xmx/-Xms)
#   Decrease number of Java threads
#   Decrease Java thread stack sizes (-Xss)
#   Set larger code cache with -XX:ReservedCodeCacheSize=
#   JVM is running with Zero Based Compressed Oops mode in which the Java heap is
#     placed in the first 32GB address space. The Java Heap base address is the
#     maximum limit for the native heap growth. Please use -XX:HeapBaseMinAddress
#     to set the Java Heap base and to place the Java Heap above 32GB virtual address.
# This output file may be truncated or incomplete.
#
#  Out of Memory Error (os_windows.cpp:3530), pid=22032, tid=27564
#
# JRE version: Java(TM) SE Runtime Environment (18.0.2+9) (build 18.0.2+9-61)
# Java VM: Java HotSpot(TM) 64-Bit Server VM (18.0.2+9-61, mixed mode, sharing, tiered, compressed oops, compressed class ptrs, g1 gc, windows-amd64)
# No core dump will be written. Minidumps are not enabled by default on client versions of Windows
#

---------------  S U M M A R Y ------------

Command Line: -Djava.library.path=C:\Users\garag\Documents\GitHub\OpencraftClient1\natives -Dfile.encoding=UTF-8 -XX:+ShowCodeDetailsInExceptionMessages opencraft.Main

Host: Intel(R) Core(TM) i7-10750H CPU @ 2.60GHz, 12 cores, 31G,  Windows 11 , 64 bit Build 22000 (10.0.22000.1516)
Time: Tue Dec 19 13:43:55 2023 Pacific Standard Time elapsed time: 6.083071 seconds (0d 0h 0m 6s)

---------------  T H R E A D  ---------------

Current thread (0x0000017375fbf120):  VMThread "VM Thread" [stack: 0x0000004d56d00000,0x0000004d56e00000] [id=27564]

Stack: [0x0000004d56d00000,0x0000004d56e00000]
Native frames: (J=compiled Java code, j=interpreted, Vv=VM code, C=native code)
V  [jvm.dll+0x6993ca]
V  [jvm.dll+0x7f481d]
V  [jvm.dll+0x7f612e]
V  [jvm.dll+0x7f67e3]
V  [jvm.dll+0x25cdaf]
V  [jvm.dll+0x696319]
V  [jvm.dll+0x68ae4a]
V  [jvm.dll+0x3223eb]
V  [jvm.dll+0x329dc6]
V  [jvm.dll+0x37eade]
V  [jvm.dll+0x37ed0f]
V  [jvm.dll+0x2fa16a]
V  [jvm.dll+0x2fa217]
V  [jvm.dll+0x33e752]
V  [jvm.dll+0x33ccf4]
V  [jvm.dll+0x2f9940]
V  [jvm.dll+0x33c2cb]
V  [jvm.dll+0x7fb5cb]
V  [jvm.dll+0x7fc364]
V  [jvm.dll+0x7fc89c]
V  [jvm.dll+0x7fccf4]
V  [jvm.dll+0x7fcdb7]
V  [jvm.dll+0x7a125a]
V  [jvm.dll+0x698275]
C  [ucrtbase.dll+0x26c0c]
C  [KERNEL32.DLL+0x155a0]
C  [ntdll.dll+0x485b]

VM_Operation (0x0000004d585ff120): G1CollectForAllocation, mode: safepoint, requested by thread 0x000001730462d0a0


---------------  P R O C E S S  ---------------

Threads class SMR info:
_java_thread_list=0x0000017304776140, length=13, elements={
0x000001734c1f8530, 0x0000017375fc1740, 0x0000017375fc40f0, 0x0000017375fd9910,
0x0000017375fda8c0, 0x0000017375fdd270, 0x0000017375fe5c20, 0x0000017375fee660,
0x000001737600ef60, 0x0000017375fec080, 0x000001737cd16900, 0x000001737cd20630,
0x000001730462d0a0
}

Java Threads: ( => current thread )
  0x000001734c1f8530 JavaThread "main" [_thread_blocked, id=3572, stack(0x0000004d56700000,0x0000004d56800000)]
  0x0000017375fc1740 JavaThread "Reference Handler" daemon [_thread_blocked, id=7040, stack(0x0000004d56e00000,0x0000004d56f00000)]
  0x0000017375fc40f0 JavaThread "Finalizer" daemon [_thread_blocked, id=3360, stack(0x0000004d56f00000,0x0000004d57000000)]
  0x0000017375fd9910 JavaThread "Signal Dispatcher" daemon [_thread_blocked, id=10524, stack(0x0000004d57000000,0x0000004d57100000)]
  0x0000017375fda8c0 JavaThread "Attach Listener" daemon [_thread_blocked, id=26792, stack(0x0000004d57100000,0x0000004d57200000)]
  0x0000017375fdd270 JavaThread "Service Thread" daemon [_thread_blocked, id=33208, stack(0x0000004d57200000,0x0000004d57300000)]
  0x0000017375fe5c20 JavaThread "Monitor Deflation Thread" daemon [_thread_blocked, id=13108, stack(0x0000004d57300000,0x0000004d57400000)]
  0x0000017375fee660 JavaThread "C2 CompilerThread0" daemon [_thread_blocked, id=20876, stack(0x0000004d57400000,0x0000004d57500000)]
  0x000001737600ef60 JavaThread "C1 CompilerThread0" daemon [_thread_blocked, id=13416, stack(0x0000004d57500000,0x0000004d57600000)]
  0x0000017375fec080 JavaThread "Sweeper thread" daemon [_thread_blocked, id=20692, stack(0x0000004d57600000,0x0000004d57700000)]
  0x000001737cd16900 JavaThread "Notification Thread" daemon [_thread_blocked, id=1824, stack(0x0000004d57700000,0x0000004d57800000)]
  0x000001737cd20630 JavaThread "Common-Cleaner" daemon [_thread_blocked, id=23696, stack(0x0000004d57900000,0x0000004d57a00000)]
  0x000001730462d0a0 JavaThread "Thread-1" [_thread_blocked, id=37264, stack(0x0000004d58500000,0x0000004d58600000)]

Other Threads:
=>0x0000017375fbf120 VMThread "VM Thread" [stack: 0x0000004d56d00000,0x0000004d56e00000] [id=27564]
  0x000001737cd1c200 WatcherThread "VM Periodic Task Thread" [stack: 0x0000004d57800000,0x0000004d57900000] [id=26800]
  0x000001734c2a9870 WorkerThread "GC Thread#0" [stack: 0x0000004d56800000,0x0000004d56900000] [id=26324]
  0x000001730449bf90 WorkerThread "GC Thread#1" [stack: 0x0000004d58800000,0x0000004d58900000] [id=30316]
  0x000001730449ba50 WorkerThread "GC Thread#2" [stack: 0x0000004d58900000,0x0000004d58a00000] [id=15288]
  0x000001730449cf50 WorkerThread "GC Thread#3" [stack: 0x0000004d58a00000,0x0000004d58b00000] [id=33644]
  0x000001730449d1f0 WorkerThread "GC Thread#4" [stack: 0x0000004d58b00000,0x0000004d58c00000] [id=11944]
  0x000001730449d490 WorkerThread "GC Thread#5" [stack: 0x0000004d58c00000,0x0000004d58d00000] [id=13468]
  0x000001730449ccb0 WorkerThread "GC Thread#6" [stack: 0x0000004d58d00000,0x0000004d58e00000] [id=37624]
  0x000001730449b7b0 WorkerThread "GC Thread#7" [stack: 0x0000004d58e00000,0x0000004d58f00000] [id=26388]
  0x000001730449bcf0 WorkerThread "GC Thread#8" [stack: 0x0000004d58f00000,0x0000004d59000000] [id=30160]
  0x000001730449c230 WorkerThread "GC Thread#9" [stack: 0x0000004d59000000,0x0000004d59100000] [id=2080]
  0x000001734c2baea0 ConcurrentGCThread "G1 Main Marker" [stack: 0x0000004d56900000,0x0000004d56a00000] [id=31132]
  0x000001734c2bd750 WorkerThread "G1 Conc#0" [stack: 0x0000004d56a00000,0x0000004d56b00000] [id=24324]
  0x0000017375e7a7c0 ConcurrentGCThread "G1 Refine#0" [stack: 0x0000004d56b00000,0x0000004d56c00000] [id=34248]
  0x0000017375e7af70 ConcurrentGCThread "G1 Service" [stack: 0x0000004d56c00000,0x0000004d56d00000] [id=18792]

Threads with active compile tasks:
C2 CompilerThread0     6126  891   !   4       opencraft.Chunk::load (931 bytes)

VM state: at safepoint (normal execution)

VM Mutex/Monitor currently owned by a thread:  ([mutex/lock_event])
[0x000001734c1f50d0] Threads_lock - owner thread: 0x0000017375fbf120
[0x000001734c1f39c0] Heap_lock - owner thread: 0x000001730462d0a0

Heap address: 0x0000000604000000, size: 8128 MB, Compressed Oops mode: Zero based, Oop shift amount: 3

CDS archive(s) mapped at: [0x0000000800000000-0x0000000800ba0000-0x0000000800ba0000), size 12189696, SharedBaseAddress: 0x0000000800000000, ArchiveRelocationMode: 0.
Compressed class space mapped at: 0x0000000800c00000-0x0000000840c00000, reserved size: 1073741824
Narrow klass base: 0x0000000800000000, Narrow klass shift: 0, Narrow klass range: 0x100000000

GC Precious Log:
 CardTable entry size: 512
 Card Set container configuration: InlinePtr #cards 4 size 8 Array Of Cards #cards 32 size 80 Howl #buckets 8 coarsen threshold 7372 Howl Bitmap #cards 1024 size 144 coarsen threshold 921 Card regions per heap region 1 cards per card region 8192
 CPUs: 12 total, 12 available
 Memory: 32511M
 Large Page Support: Disabled
 NUMA Support: Disabled
 Compressed Oops: Enabled (Zero based)
 Heap Region Size: 4M
 Heap Min Capacity: 8M
 Heap Initial Capacity: 508M
 Heap Max Capacity: 8128M
 Pre-touch: Disabled
 Parallel Workers: 10
 Concurrent Workers: 3
 Concurrent Refinement Workers: 10
 Periodic GC: Disabled

Heap:
 garbage-first heap   total 520192K, used 162995K [0x0000000604000000, 0x0000000800000000)
  region size 4096K, 2 young (8192K), 2 survivors (8192K)
 Metaspace       used 3122K, committed 3264K, reserved 1114112K
  class space    used 198K, committed 256K, reserved 1048576K

Heap Regions: E=young(eden), S=young(survivor), O=old, HS=humongous(starts), HC=humongous(continues), CS=collection set, F=free, OA=open archive, CA=closed archive, TAMS=top-at-mark-start (previous, next)
|   0|0x0000000604000000, 0x0000000604400000, 0x0000000604400000|100%| O|  |TAMS 0x0000000604000000, 0x0000000604000000| Untracked 
|   1|0x0000000604400000, 0x0000000604800000, 0x0000000604800000|100%| O|  |TAMS 0x0000000604400000, 0x0000000604400000| Untracked 
|   2|0x0000000604800000, 0x0000000604c00000, 0x0000000604c00000|100%| O|  |TAMS 0x0000000604800000, 0x0000000604800000| Untracked 
|   3|0x0000000604c00000, 0x0000000605000000, 0x0000000605000000|100%| O|  |TAMS 0x0000000604c00000, 0x0000000604c00000| Untracked 
|   4|0x0000000605000000, 0x0000000605400000, 0x0000000605400000|100%| O|  |TAMS 0x0000000605000000, 0x0000000605000000| Untracked 
|   5|0x0000000605400000, 0x0000000605800000, 0x0000000605800000|100%| O|  |TAMS 0x0000000605400000, 0x0000000605400000| Untracked 
|   6|0x0000000605800000, 0x0000000605c00000, 0x0000000605c00000|100%| O|  |TAMS 0x0000000605800000, 0x0000000605800000| Untracked 
|   7|0x0000000605c00000, 0x0000000606000000, 0x0000000606000000|100%| O|  |TAMS 0x0000000605c00000, 0x0000000605c00000| Untracked 
|   8|0x0000000606000000, 0x0000000606400000, 0x0000000606400000|100%| O|  |TAMS 0x0000000606000000, 0x0000000606000000| Untracked 
|   9|0x0000000606400000, 0x0000000606800000, 0x0000000606800000|100%| O|  |TAMS 0x0000000606400000, 0x0000000606400000| Untracked 
|  10|0x0000000606800000, 0x0000000606c00000, 0x0000000606c00000|100%| O|  |TAMS 0x0000000606800000, 0x0000000606800000| Untracked 
|  11|0x0000000606c00000, 0x0000000607000000, 0x0000000607000000|100%| O|  |TAMS 0x0000000606c00000, 0x0000000606c00000| Untracked 
|  12|0x0000000607000000, 0x0000000607400000, 0x0000000607400000|100%| O|  |TAMS 0x0000000607000000, 0x0000000607000000| Untracked 
|  13|0x0000000607400000, 0x0000000607800000, 0x0000000607800000|100%| O|  |TAMS 0x0000000607400000, 0x0000000607400000| Untracked 
|  14|0x0000000607800000, 0x0000000607c00000, 0x0000000607c00000|100%| O|  |TAMS 0x0000000607800000, 0x0000000607800000| Untracked 
|  15|0x0000000607c00000, 0x0000000608000000, 0x0000000608000000|100%| O|  |TAMS 0x0000000607c00000, 0x0000000607c00000| Untracked 
|  16|0x0000000608000000, 0x0000000608400000, 0x0000000608400000|100%| O|  |TAMS 0x0000000608000000, 0x0000000608000000| Untracked 
|  17|0x0000000608400000, 0x0000000608800000, 0x0000000608800000|100%| O|  |TAMS 0x0000000608400000, 0x0000000608400000| Untracked 
|  18|0x0000000608800000, 0x0000000608c00000, 0x0000000608c00000|100%| O|  |TAMS 0x0000000608800000, 0x0000000608800000| Untracked 
|  19|0x0000000608c00000, 0x0000000609000000, 0x0000000609000000|100%| O|  |TAMS 0x0000000608c00000, 0x0000000608c00000| Untracked 
|  20|0x0000000609000000, 0x0000000609400000, 0x0000000609400000|100%| O|  |TAMS 0x0000000609000000, 0x0000000609000000| Untracked 
|  21|0x0000000609400000, 0x0000000609800000, 0x0000000609800000|100%| O|  |TAMS 0x0000000609400000, 0x0000000609400000| Untracked 
|  22|0x0000000609800000, 0x0000000609c00000, 0x0000000609c00000|100%| O|  |TAMS 0x0000000609800000, 0x0000000609800000| Untracked 
|  23|0x0000000609c00000, 0x000000060a000000, 0x000000060a000000|100%| O|  |TAMS 0x0000000609c00000, 0x0000000609c00000| Untracked 
|  24|0x000000060a000000, 0x000000060a400000, 0x000000060a400000|100%| O|  |TAMS 0x000000060a000000, 0x000000060a000000| Untracked 
|  25|0x000000060a400000, 0x000000060a800000, 0x000000060a800000|100%| O|  |TAMS 0x000000060a400000, 0x000000060a400000| Untracked 
|  26|0x000000060a800000, 0x000000060ac00000, 0x000000060ac00000|100%| O|  |TAMS 0x000000060a800000, 0x000000060a800000| Untracked 
|  27|0x000000060ac00000, 0x000000060b000000, 0x000000060b000000|100%| O|  |TAMS 0x000000060ac00000, 0x000000060ac00000| Untracked 
|  28|0x000000060b000000, 0x000000060b400000, 0x000000060b400000|100%| O|  |TAMS 0x000000060b000000, 0x000000060b000000| Untracked 
|  29|0x000000060b400000, 0x000000060b800000, 0x000000060b800000|100%| O|  |TAMS 0x000000060b400000, 0x000000060b400000| Untracked 
|  30|0x000000060b800000, 0x000000060bc00000, 0x000000060bc00000|100%| O|  |TAMS 0x000000060b800000, 0x000000060b800000| Untracked 
|  31|0x000000060bc00000, 0x000000060c000000, 0x000000060c000000|100%| O|  |TAMS 0x000000060bc00000, 0x000000060bc00000| Untracked 
|  32|0x000000060c000000, 0x000000060c400000, 0x000000060c400000|100%| O|  |TAMS 0x000000060c000000, 0x000000060c000000| Untracked 
|  33|0x000000060c400000, 0x000000060c800000, 0x000000060c800000|100%| O|  |TAMS 0x000000060c400000, 0x000000060c400000| Untracked 
|  34|0x000000060c800000, 0x000000060cc00000, 0x000000060cc00000|100%| O|  |TAMS 0x000000060c800000, 0x000000060c800000| Untracked 
|  35|0x000000060cc00000, 0x000000060d000000, 0x000000060d000000|100%| O|  |TAMS 0x000000060cc00000, 0x000000060cc00000| Untracked 
|  36|0x000000060d000000, 0x000000060d400000, 0x000000060d400000|100%| O|  |TAMS 0x000000060d000000, 0x000000060d000000| Untracked 
|  37|0x000000060d400000, 0x000000060d72ce00, 0x000000060d800000| 79%| O|  |TAMS 0x000000060d400000, 0x000000060d400000| Untracked 
|  38|0x000000060d800000, 0x000000060d800000, 0x000000060dc00000|  0%| F|  |TAMS 0x000000060d800000, 0x000000060d800000| Untracked 
|  39|0x000000060dc00000, 0x000000060dc00000, 0x000000060e000000|  0%| F|  |TAMS 0x000000060dc00000, 0x000000060dc00000| Untracked 
|  40|0x000000060e000000, 0x000000060e000000, 0x000000060e400000|  0%| F|  |TAMS 0x000000060e000000, 0x000000060e000000| Untracked 
|  41|0x000000060e400000, 0x000000060e400000, 0x000000060e800000|  0%| F|  |TAMS 0x000000060e400000, 0x000000060e400000| Untracked 
|  42|0x000000060e800000, 0x000000060e800000, 0x000000060ec00000|  0%| F|  |TAMS 0x000000060e800000, 0x000000060e800000| Untracked 
|  43|0x000000060ec00000, 0x000000060ec00000, 0x000000060f000000|  0%| F|  |TAMS 0x000000060ec00000, 0x000000060ec00000| Untracked 
|  44|0x000000060f000000, 0x000000060f000000, 0x000000060f400000|  0%| F|  |TAMS 0x000000060f000000, 0x000000060f000000| Untracked 
|  45|0x000000060f400000, 0x000000060f400000, 0x000000060f800000|  0%| F|  |TAMS 0x000000060f400000, 0x000000060f400000| Untracked 
|  46|0x000000060f800000, 0x000000060f800000, 0x000000060fc00000|  0%| F|  |TAMS 0x000000060f800000, 0x000000060f800000| Untracked 
|  47|0x000000060fc00000, 0x000000060fc00000, 0x0000000610000000|  0%| F|  |TAMS 0x000000060fc00000, 0x000000060fc00000| Untracked 
|  48|0x0000000610000000, 0x0000000610000000, 0x0000000610400000|  0%| F|  |TAMS 0x0000000610000000, 0x0000000610000000| Untracked 
|  49|0x0000000610400000, 0x0000000610400000, 0x0000000610800000|  0%| F|  |TAMS 0x0000000610400000, 0x0000000610400000| Untracked 
|  50|0x0000000610800000, 0x0000000610800000, 0x0000000610c00000|  0%| F|  |TAMS 0x0000000610800000, 0x0000000610800000| Untracked 
|  51|0x0000000610c00000, 0x0000000610c00000, 0x0000000611000000|  0%| F|  |TAMS 0x0000000610c00000, 0x0000000610c00000| Untracked 
|  52|0x0000000611000000, 0x0000000611000000, 0x0000000611400000|  0%| F|  |TAMS 0x0000000611000000, 0x0000000611000000| Untracked 
|  53|0x0000000611400000, 0x0000000611400000, 0x0000000611800000|  0%| F|  |TAMS 0x0000000611400000, 0x0000000611400000| Untracked 
|  54|0x0000000611800000, 0x0000000611800000, 0x0000000611c00000|  0%| F|  |TAMS 0x0000000611800000, 0x0000000611800000| Untracked 
|  55|0x0000000611c00000, 0x0000000611c00000, 0x0000000612000000|  0%| F|  |TAMS 0x0000000611c00000, 0x0000000611c00000| Untracked 
|  56|0x0000000612000000, 0x0000000612000000, 0x0000000612400000|  0%| F|  |TAMS 0x0000000612000000, 0x0000000612000000| Untracked 
|  57|0x0000000612400000, 0x0000000612400000, 0x0000000612800000|  0%| F|  |TAMS 0x0000000612400000, 0x0000000612400000| Untracked 
|  58|0x0000000612800000, 0x0000000612800000, 0x0000000612c00000|  0%| F|  |TAMS 0x0000000612800000, 0x0000000612800000| Untracked 
|  59|0x0000000612c00000, 0x0000000612c00000, 0x0000000613000000|  0%| F|  |TAMS 0x0000000612c00000, 0x0000000612c00000| Untracked 
|  60|0x0000000613000000, 0x0000000613000000, 0x0000000613400000|  0%| F|  |TAMS 0x0000000613000000, 0x0000000613000000| Untracked 
|  61|0x0000000613400000, 0x0000000613400000, 0x0000000613800000|  0%| F|  |TAMS 0x0000000613400000, 0x0000000613400000| Untracked 
|  62|0x0000000613800000, 0x0000000613800000, 0x0000000613c00000|  0%| F|  |TAMS 0x0000000613800000, 0x0000000613800000| Untracked 
|  63|0x0000000613c00000, 0x0000000613c00000, 0x0000000614000000|  0%| F|  |TAMS 0x0000000613c00000, 0x0000000613c00000| Untracked 
|  64|0x0000000614000000, 0x0000000614000000, 0x0000000614400000|  0%| F|  |TAMS 0x0000000614000000, 0x0000000614000000| Untracked 
|  65|0x0000000614400000, 0x0000000614400000, 0x0000000614800000|  0%| F|  |TAMS 0x0000000614400000, 0x0000000614400000| Untracked 
|  66|0x0000000614800000, 0x0000000614800000, 0x0000000614c00000|  0%| F|  |TAMS 0x0000000614800000, 0x0000000614800000| Untracked 
|  67|0x0000000614c00000, 0x0000000614c00000, 0x0000000615000000|  0%| F|  |TAMS 0x0000000614c00000, 0x0000000614c00000| Untracked 
|  68|0x0000000615000000, 0x0000000615000000, 0x0000000615400000|  0%| F|  |TAMS 0x0000000615000000, 0x0000000615000000| Untracked 
|  69|0x0000000615400000, 0x0000000615400000, 0x0000000615800000|  0%| F|  |TAMS 0x0000000615400000, 0x0000000615400000| Untracked 
|  70|0x0000000615800000, 0x0000000615800000, 0x0000000615c00000|  0%| F|  |TAMS 0x0000000615800000, 0x0000000615800000| Untracked 
|  71|0x0000000615c00000, 0x0000000615c00000, 0x0000000616000000|  0%| F|  |TAMS 0x0000000615c00000, 0x0000000615c00000| Untracked 
|  72|0x0000000616000000, 0x0000000616000000, 0x0000000616400000|  0%| F|  |TAMS 0x0000000616000000, 0x0000000616000000| Untracked 
|  73|0x0000000616400000, 0x0000000616400000, 0x0000000616800000|  0%| F|  |TAMS 0x0000000616400000, 0x0000000616400000| Untracked 
|  74|0x0000000616800000, 0x0000000616800000, 0x0000000616c00000|  0%| F|  |TAMS 0x0000000616800000, 0x0000000616800000| Untracked 
|  75|0x0000000616c00000, 0x0000000616c00000, 0x0000000617000000|  0%| F|  |TAMS 0x0000000616c00000, 0x0000000616c00000| Untracked 
|  76|0x0000000617000000, 0x0000000617000000, 0x0000000617400000|  0%| F|  |TAMS 0x0000000617000000, 0x0000000617000000| Untracked 
|  77|0x0000000617400000, 0x0000000617400000, 0x0000000617800000|  0%| F|  |TAMS 0x0000000617400000, 0x0000000617400000| Untracked 
|  78|0x0000000617800000, 0x0000000617800000, 0x0000000617c00000|  0%| F|  |TAMS 0x0000000617800000, 0x0000000617800000| Untracked 
|  79|0x0000000617c00000, 0x0000000617c00000, 0x0000000618000000|  0%| F|  |TAMS 0x0000000617c00000, 0x0000000617c00000| Untracked 
|  80|0x0000000618000000, 0x0000000618000000, 0x0000000618400000|  0%| F|  |TAMS 0x0000000618000000, 0x0000000618000000| Untracked 
|  81|0x0000000618400000, 0x0000000618400000, 0x0000000618800000|  0%| F|  |TAMS 0x0000000618400000, 0x0000000618400000| Untracked 
|  82|0x0000000618800000, 0x0000000618800000, 0x0000000618c00000|  0%| F|  |TAMS 0x0000000618800000, 0x0000000618800000| Untracked 
|  83|0x0000000618c00000, 0x0000000618c00000, 0x0000000619000000|  0%| F|  |TAMS 0x0000000618c00000, 0x0000000618c00000| Untracked 
|  84|0x0000000619000000, 0x0000000619000000, 0x0000000619400000|  0%| F|  |TAMS 0x0000000619000000, 0x0000000619000000| Untracked 
|  85|0x0000000619400000, 0x0000000619400000, 0x0000000619800000|  0%| F|  |TAMS 0x0000000619400000, 0x0000000619400000| Untracked 
|  86|0x0000000619800000, 0x0000000619800000, 0x0000000619c00000|  0%| F|  |TAMS 0x0000000619800000, 0x0000000619800000| Untracked 
|  87|0x0000000619c00000, 0x0000000619c00000, 0x000000061a000000|  0%| F|  |TAMS 0x0000000619c00000, 0x0000000619c00000| Untracked 
|  88|0x000000061a000000, 0x000000061a000000, 0x000000061a400000|  0%| F|  |TAMS 0x000000061a000000, 0x000000061a000000| Untracked 
|  89|0x000000061a400000, 0x000000061a400000, 0x000000061a800000|  0%| F|  |TAMS 0x000000061a400000, 0x000000061a400000| Untracked 
|  90|0x000000061a800000, 0x000000061a800000, 0x000000061ac00000|  0%| F|  |TAMS 0x000000061a800000, 0x000000061a800000| Untracked 
|  91|0x000000061ac00000, 0x000000061ac00000, 0x000000061b000000|  0%| F|  |TAMS 0x000000061ac00000, 0x000000061ac00000| Untracked 
|  92|0x000000061b000000, 0x000000061b000000, 0x000000061b400000|  0%| F|  |TAMS 0x000000061b000000, 0x000000061b000000| Untracked 
|  93|0x000000061b400000, 0x000000061b400000, 0x000000061b800000|  0%| F|  |TAMS 0x000000061b400000, 0x000000061b400000| Untracked 
|  94|0x000000061b800000, 0x000000061b800000, 0x000000061bc00000|  0%| F|  |TAMS 0x000000061b800000, 0x000000061b800000| Untracked 
|  95|0x000000061bc00000, 0x000000061bc00000, 0x000000061c000000|  0%| F|  |TAMS 0x000000061bc00000, 0x000000061bc00000| Untracked 
|  96|0x000000061c000000, 0x000000061c000000, 0x000000061c400000|  0%| F|  |TAMS 0x000000061c000000, 0x000000061c000000| Untracked 
|  97|0x000000061c400000, 0x000000061c400000, 0x000000061c800000|  0%| F|  |TAMS 0x000000061c400000, 0x000000061c400000| Untracked 
|  98|0x000000061c800000, 0x000000061c800000, 0x000000061cc00000|  0%| F|  |TAMS 0x000000061c800000, 0x000000061c800000| Untracked 
|  99|0x000000061cc00000, 0x000000061cc00000, 0x000000061d000000|  0%| F|  |TAMS 0x000000061cc00000, 0x000000061cc00000| Untracked 
| 100|0x000000061d000000, 0x000000061d000000, 0x000000061d400000|  0%| F|  |TAMS 0x000000061d000000, 0x000000061d000000| Untracked 
| 101|0x000000061d400000, 0x000000061d400000, 0x000000061d800000|  0%| F|  |TAMS 0x000000061d400000, 0x000000061d400000| Untracked 
| 102|0x000000061d800000, 0x000000061d800000, 0x000000061dc00000|  0%| F|  |TAMS 0x000000061d800000, 0x000000061d800000| Untracked 
| 103|0x000000061dc00000, 0x000000061dc00000, 0x000000061e000000|  0%| F|  |TAMS 0x000000061dc00000, 0x000000061dc00000| Untracked 
| 104|0x000000061e000000, 0x000000061e000000, 0x000000061e400000|  0%| F|  |TAMS 0x000000061e000000, 0x000000061e000000| Untracked 
| 105|0x000000061e400000, 0x000000061e400000, 0x000000061e800000|  0%| F|  |TAMS 0x000000061e400000, 0x000000061e400000| Untracked 
| 106|0x000000061e800000, 0x000000061e800000, 0x000000061ec00000|  0%| F|  |TAMS 0x000000061e800000, 0x000000061e800000| Untracked 
| 107|0x000000061ec00000, 0x000000061ec00000, 0x000000061f000000|  0%| F|  |TAMS 0x000000061ec00000, 0x000000061ec00000| Untracked 
| 108|0x000000061f000000, 0x000000061f000000, 0x000000061f400000|  0%| F|  |TAMS 0x000000061f000000, 0x000000061f000000| Untracked 
| 109|0x000000061f400000, 0x000000061f400000, 0x000000061f800000|  0%| F|  |TAMS 0x000000061f400000, 0x000000061f400000| Untracked 
| 110|0x000000061f800000, 0x000000061f800000, 0x000000061fc00000|  0%| F|  |TAMS 0x000000061f800000, 0x000000061f800000| Untracked 
| 111|0x000000061fc00000, 0x0000000620000000, 0x0000000620000000|100%| S|CS|TAMS 0x000000061fc00000, 0x000000061fc00000| Complete 
| 112|0x0000000620000000, 0x0000000620400000, 0x0000000620400000|100%| S|CS|TAMS 0x0000000620000000, 0x0000000620000000| Complete 
| 113|0x0000000620400000, 0x0000000620400000, 0x0000000620800000|  0%| F|  |TAMS 0x0000000620400000, 0x0000000620400000| Untracked 
| 114|0x0000000620800000, 0x0000000620800000, 0x0000000620c00000|  0%| F|  |TAMS 0x0000000620800000, 0x0000000620800000| Untracked 
| 115|0x0000000620c00000, 0x0000000620c00000, 0x0000000621000000|  0%| F|  |TAMS 0x0000000620c00000, 0x0000000620c00000| Untracked 
| 116|0x0000000621000000, 0x0000000621000000, 0x0000000621400000|  0%| F|  |TAMS 0x0000000621000000, 0x0000000621000000| Untracked 
| 117|0x0000000621400000, 0x0000000621400000, 0x0000000621800000|  0%| F|  |TAMS 0x0000000621400000, 0x0000000621400000| Untracked 
| 118|0x0000000621800000, 0x0000000621800000, 0x0000000621c00000|  0%| F|  |TAMS 0x0000000621800000, 0x0000000621800000| Untracked 
| 119|0x0000000621c00000, 0x0000000621c00000, 0x0000000622000000|  0%| F|  |TAMS 0x0000000621c00000, 0x0000000621c00000| Untracked 
| 120|0x0000000622000000, 0x0000000622000000, 0x0000000622400000|  0%| F|  |TAMS 0x0000000622000000, 0x0000000622000000| Untracked 
| 121|0x0000000622400000, 0x0000000622400000, 0x0000000622800000|  0%| F|  |TAMS 0x0000000622400000, 0x0000000622400000| Untracked 
| 122|0x0000000622800000, 0x0000000622800000, 0x0000000622c00000|  0%| F|  |TAMS 0x0000000622800000, 0x0000000622800000| Untracked 
| 123|0x0000000622c00000, 0x0000000622c00000, 0x0000000623000000|  0%| F|  |TAMS 0x0000000622c00000, 0x0000000622c00000| Untracked 
| 124|0x0000000623000000, 0x0000000623000000, 0x0000000623400000|  0%| F|  |TAMS 0x0000000623000000, 0x0000000623000000| Untracked 
| 125|0x0000000623400000, 0x0000000623400000, 0x0000000623800000|  0%| F|  |TAMS 0x0000000623400000, 0x0000000623400000| Untracked 
| 126|0x0000000623800000, 0x0000000623800000, 0x0000000623c00000|  0%| F|  |TAMS 0x0000000623800000, 0x0000000623800000| Untracked 

Card table byte_map: [0x0000017364060000,0x0000017365040000] _byte_map_base: 0x0000017361040000

Marking Bits (Prev, Next): (CMBitMap*) 0x000001734c2a9e70, (CMBitMap*) 0x000001734c2a9eb0
 Prev Bits: [0x0000017366020000, 0x000001736df20000)
 Next Bits: [0x000001736df20000, 0x0000017375e20000)

Polling page: 0x000001734a190000

Metaspace:

Usage:
  Non-class:      2.86 MB used.
      Class:    198.10 KB used.
       Both:      3.05 MB used.

Virtual space:
  Non-class space:       64.00 MB reserved,       2.94 MB (  5%) committed,  1 nodes.
      Class space:        1.00 GB reserved,     256.00 KB ( <1%) committed,  1 nodes.
             Both:        1.06 GB reserved,       3.19 MB ( <1%) committed. 

Chunk freelists:
   Non-Class:  2.59 MB
       Class:  3.64 MB
        Both:  6.23 MB

MaxMetaspaceSize: unlimited
CompressedClassSpaceSize: 1.00 GB
Initial GC threshold: 21.00 MB
Current GC threshold: 21.00 MB
CDS: on
MetaspaceReclaimPolicy: balanced
 - commit_granule_bytes: 65536.
 - commit_granule_words: 8192.
 - virtual_space_node_default_size: 8388608.
 - enlarge_chunks_in_place: 1.
 - new_chunks_are_fully_committed: 0.
 - uncommit_free_chunks: 1.
 - use_allocation_guard: 0.


Internal statistics:

num_allocs_failed_limit: 0.
num_arena_births: 16.
num_arena_deaths: 0.
num_vsnodes_births: 2.
num_vsnodes_deaths: 0.
num_space_committed: 49.
num_space_uncommitted: 0.
num_chunks_returned_to_freelist: 0.
num_chunks_taken_from_freelist: 76.
num_chunk_merges: 0.
num_chunk_splits: 48.
num_chunks_enlarged: 39.
num_inconsistent_stats: 0.

CodeHeap 'non-profiled nmethods': size=120000Kb used=381Kb max_used=381Kb free=119619Kb
 bounds [0x000001735b600000, 0x000001735b870000, 0x0000017362b30000]
CodeHeap 'profiled nmethods': size=120000Kb used=1399Kb max_used=1399Kb free=118600Kb
 bounds [0x00000173540d0000, 0x0000017354340000, 0x000001735b600000]
CodeHeap 'non-nmethods': size=5760Kb used=1229Kb max_used=1261Kb free=4531Kb
 bounds [0x0000017353b30000, 0x0000017353da0000, 0x00000173540d0000]
 total_blobs=1425 nmethods=893 adapters=445
 compilation: enabled
              stopped_count=0, restarted_count=0
 full_count=0

Compilation events (20 events):
Event: 5.819 Thread 0x000001737600ef60  886   !   3       opencraft.Chunk::load (931 bytes)
Event: 5.830 Thread 0x000001737600ef60 nmethod 886 0x000001735421e810 code [0x000001735421f3a0, 0x0000017354226878]
Event: 5.830 Thread 0x000001737600ef60  887       3       opencraft.Gen::generateHeight (123 bytes)
Event: 5.830 Thread 0x000001737600ef60 nmethod 887 0x0000017354229510 code [0x0000017354229700, 0x0000017354229b28]
Event: 5.843 Thread 0x0000017375fee660 nmethod 885 0x000001735b657390 code [0x000001735b657720, 0x000001735b659758]
Event: 5.843 Thread 0x0000017375fee660  888 % !   4       opencraft.Chunk::load @ 382 (931 bytes)
Event: 5.891 Thread 0x000001737600ef60  889       1       opencraft.Region::getX (5 bytes)
Event: 5.891 Thread 0x000001737600ef60 nmethod 889 0x000001735b65b410 code [0x000001735b65b5a0, 0x000001735b65b678]
Event: 5.916 Thread 0x0000017375fee660 nmethod 888% 0x000001735b65b710 code [0x000001735b65ba20, 0x000001735b65d7c0]
Event: 5.916 Thread 0x0000017375fee660  890       4       opencraft.Gen::generateHeight (123 bytes)
Event: 5.920 Thread 0x0000017375fee660 nmethod 890 0x000001735b65e810 code [0x000001735b65ea20, 0x000001735b65ee90]
Event: 5.920 Thread 0x0000017375fee660  891   !   4       opencraft.Chunk::load (931 bytes)
Event: 5.948 Thread 0x000001737600ef60  893       1       opencraft.Region::getZ (5 bytes)
Event: 5.948 Thread 0x000001737600ef60 nmethod 893 0x000001735b65f110 code [0x000001735b65f2a0, 0x000001735b65f378]
Event: 5.955 Thread 0x000001737600ef60  894   !   3       opencraft.graphics.ui.Screens$4::drawScreen (446 bytes)
Event: 5.958 Thread 0x000001737600ef60 nmethod 894 0x0000017354229c90 code [0x000001735422a2a0, 0x000001735422c488]
Event: 5.958 Thread 0x000001737600ef60  895       3       opencraft.graphics.DisplayUtills::drawSqaureFromLeft (85 bytes)
Event: 5.958 Thread 0x000001737600ef60 nmethod 895 0x000001735422d290 code [0x000001735422d4a0, 0x000001735422d778]
Event: 6.019 Thread 0x000001737600ef60  896       3       java.io.File::<init> (47 bytes)
Event: 6.020 Thread 0x000001737600ef60 nmethod 896 0x000001735422d890 code [0x000001735422da60, 0x000001735422dde8]

GC Heap History (11 events):
Event: 5.401 GC heap before
{Heap before GC invocations=0 (full 0):
 garbage-first heap   total 520192K, used 24576K [0x0000000604000000, 0x0000000800000000)
  region size 4096K, 6 young (24576K), 0 survivors (0K)
 Metaspace       used 3111K, committed 3264K, reserved 1114112K
  class space    used 198K, committed 256K, reserved 1048576K
}
Event: 5.410 GC heap after
{Heap after GC invocations=1 (full 0):
 garbage-first heap   total 520192K, used 16704K [0x0000000604000000, 0x0000000800000000)
  region size 4096K, 1 young (4096K), 1 survivors (4096K)
 Metaspace       used 3111K, committed 3264K, reserved 1114112K
  class space    used 198K, committed 256K, reserved 1048576K
}
Event: 5.502 GC heap before
{Heap before GC invocations=1 (full 0):
 garbage-first heap   total 520192K, used 37184K [0x0000000604000000, 0x0000000800000000)
  region size 4096K, 6 young (24576K), 1 survivors (4096K)
 Metaspace       used 3115K, committed 3264K, reserved 1114112K
  class space    used 198K, committed 256K, reserved 1048576K
}
Event: 5.510 GC heap after
{Heap after GC invocations=2 (full 0):
 garbage-first heap   total 520192K, used 35752K [0x0000000604000000, 0x0000000800000000)
  region size 4096K, 1 young (4096K), 1 survivors (4096K)
 Metaspace       used 3115K, committed 3264K, reserved 1114112K
  class space    used 198K, committed 256K, reserved 1048576K
}
Event: 5.593 GC heap before
{Heap before GC invocations=2 (full 0):
 garbage-first heap   total 520192K, used 56232K [0x0000000604000000, 0x0000000800000000)
  region size 4096K, 6 young (24576K), 1 survivors (4096K)
 Metaspace       used 3116K, committed 3264K, reserved 1114112K
  class space    used 198K, committed 256K, reserved 1048576K
}
Event: 5.602 GC heap after
{Heap after GC invocations=3 (full 0):
 garbage-first heap   total 520192K, used 55215K [0x0000000604000000, 0x0000000800000000)
  region size 4096K, 1 young (4096K), 1 survivors (4096K)
 Metaspace       used 3116K, committed 3264K, reserved 1114112K
  class space    used 198K, committed 256K, reserved 1048576K
}
Event: 5.701 GC heap before
{Heap before GC invocations=3 (full 0):
 garbage-first heap   total 520192K, used 83887K [0x0000000604000000, 0x0000000800000000)
  region size 4096K, 8 young (32768K), 1 survivors (4096K)
 Metaspace       used 3117K, committed 3264K, reserved 1114112K
  class space    used 198K, committed 256K, reserved 1048576K
}
Event: 5.713 GC heap after
{Heap after GC invocations=4 (full 0):
 garbage-first heap   total 520192K, used 81920K [0x0000000604000000, 0x0000000800000000)
  region size 4096K, 1 young (4096K), 1 survivors (4096K)
 Metaspace       used 3117K, committed 3264K, reserved 1114112K
  class space    used 198K, committed 256K, reserved 1048576K
}
Event: 5.860 GC heap before
{Heap before GC invocations=4 (full 0):
 garbage-first heap   total 520192K, used 118784K [0x0000000604000000, 0x0000000800000000)
  region size 4096K, 10 young (40960K), 1 survivors (4096K)
 Metaspace       used 3117K, committed 3264K, reserved 1114112K
  class space    used 198K, committed 256K, reserved 1048576K
}
Event: 5.875 GC heap after
{Heap after GC invocations=5 (full 0):
 garbage-first heap   total 520192K, used 116548K [0x0000000604000000, 0x0000000800000000)
  region size 4096K, 2 young (8192K), 2 survivors (8192K)
 Metaspace       used 3117K, committed 3264K, reserved 1114112K
  class space    used 198K, committed 256K, reserved 1048576K
}
Event: 6.062 GC heap before
{Heap before GC invocations=5 (full 0):
 garbage-first heap   total 520192K, used 165700K [0x0000000604000000, 0x0000000800000000)
  region size 4096K, 14 young (57344K), 2 survivors (8192K)
 Metaspace       used 3122K, committed 3264K, reserved 1114112K
  class space    used 198K, committed 256K, reserved 1048576K
}

Deoptimization events (20 events):
Event: 6.004 Thread 0x000001730462d0a0 DEOPT PACKING pc=0x0000017354226118 sp=0x0000004d585ff290
Event: 6.004 Thread 0x000001730462d0a0 DEOPT UNPACKING pc=0x0000017353b82b43 sp=0x0000004d585fe8a8 mode 0
Event: 6.009 Thread 0x000001730462d0a0 DEOPT PACKING pc=0x0000017354226118 sp=0x0000004d585ff290
Event: 6.009 Thread 0x000001730462d0a0 DEOPT UNPACKING pc=0x0000017353b82b43 sp=0x0000004d585fe8a8 mode 0
Event: 6.015 Thread 0x000001730462d0a0 DEOPT PACKING pc=0x0000017354226118 sp=0x0000004d585ff290
Event: 6.015 Thread 0x000001730462d0a0 DEOPT UNPACKING pc=0x0000017353b82b43 sp=0x0000004d585fe8a8 mode 0
Event: 6.021 Thread 0x000001730462d0a0 DEOPT PACKING pc=0x0000017354226118 sp=0x0000004d585ff290
Event: 6.021 Thread 0x000001730462d0a0 DEOPT UNPACKING pc=0x0000017353b82b43 sp=0x0000004d585fe8a8 mode 0
Event: 6.026 Thread 0x000001730462d0a0 DEOPT PACKING pc=0x0000017354226118 sp=0x0000004d585ff290
Event: 6.026 Thread 0x000001730462d0a0 DEOPT UNPACKING pc=0x0000017353b82b43 sp=0x0000004d585fe8a8 mode 0
Event: 6.032 Thread 0x000001730462d0a0 DEOPT PACKING pc=0x0000017354226118 sp=0x0000004d585ff290
Event: 6.032 Thread 0x000001730462d0a0 DEOPT UNPACKING pc=0x0000017353b82b43 sp=0x0000004d585fe8a8 mode 0
Event: 6.039 Thread 0x000001730462d0a0 DEOPT PACKING pc=0x0000017354226118 sp=0x0000004d585ff290
Event: 6.039 Thread 0x000001730462d0a0 DEOPT UNPACKING pc=0x0000017353b82b43 sp=0x0000004d585fe8a8 mode 0
Event: 6.046 Thread 0x000001730462d0a0 DEOPT PACKING pc=0x0000017354226118 sp=0x0000004d585ff290
Event: 6.046 Thread 0x000001730462d0a0 DEOPT UNPACKING pc=0x0000017353b82b43 sp=0x0000004d585fe8a8 mode 0
Event: 6.053 Thread 0x000001730462d0a0 DEOPT PACKING pc=0x0000017354226118 sp=0x0000004d585ff290
Event: 6.053 Thread 0x000001730462d0a0 DEOPT UNPACKING pc=0x0000017353b82b43 sp=0x0000004d585fe8a8 mode 0
Event: 6.059 Thread 0x000001730462d0a0 DEOPT PACKING pc=0x0000017354226118 sp=0x0000004d585ff290
Event: 6.059 Thread 0x000001730462d0a0 DEOPT UNPACKING pc=0x0000017353b82b43 sp=0x0000004d585fe8a8 mode 0

Classes loaded (20 events):
Event: 0.929 Loading class sun/nio/ch/ChannelInputStream
Event: 0.929 Loading class sun/nio/ch/ChannelInputStream done
Event: 0.929 Loading class java/nio/channels/SelectableChannel
Event: 0.929 Loading class java/nio/channels/SelectableChannel done
Event: 0.966 Loading class java/lang/InstantiationException
Event: 0.966 Loading class java/lang/InstantiationException done
Event: 0.966 Loading class java/lang/reflect/InvocationTargetException
Event: 0.966 Loading class java/lang/reflect/InvocationTargetException done
Event: 0.966 Loading class java/lang/SecurityException
Event: 0.966 Loading class java/lang/SecurityException done
Event: 5.284 Loading class java/io/FileReader
Event: 5.284 Loading class java/io/InputStreamReader
Event: 5.284 Loading class java/io/InputStreamReader done
Event: 5.284 Loading class java/io/FileReader done
Event: 5.288 Loading class java/io/FileWriter
Event: 5.288 Loading class java/io/FileWriter done
Event: 5.288 Loading class sun/nio/cs/UTF_8$Encoder
Event: 5.289 Loading class sun/nio/cs/UTF_8$Encoder done
Event: 5.315 Loading class java/io/FileOutputStream$1
Event: 5.315 Loading class java/io/FileOutputStream$1 done

Classes unloaded (0 events):
No events

Classes redefined (0 events):
No events

Internal exceptions (3 events):
Event: 0.388 Thread 0x000001734c1f8530 Exception <a 'java/lang/NoSuchMethodError'{0x0000000623adad90}: 'int java.lang.invoke.Invokers$Holder.invokeExact_MT(java.lang.Object, java.lang.Object)'> (0x0000000623adad90) 
thrown [s\open\src\hotspot\share\interpreter\linkResolver.cpp, line 759]
Event: 0.859 Thread 0x000001734c1f8530 Exception <a 'java/lang/ClassNotFoundException'{0x00000006236545c0}: sun/net/www/protocol/c/Handler> (0x00000006236545c0) 
thrown [s\open\src\hotspot\share\classfile\systemDictionary.cpp, line 255]
Event: 0.957 Thread 0x000001734c1f8530 Exception <a 'java/lang/ClassNotFoundException'{0x0000000623758ea8}: sun/net/www/protocol/c/Handler> (0x0000000623758ea8) 
thrown [s\open\src\hotspot\share\classfile\systemDictionary.cpp, line 255]

VM Operations (20 events):
Event: 2.110 Executing VM operation: Cleanup done
Event: 3.117 Executing VM operation: Cleanup
Event: 3.117 Executing VM operation: Cleanup done
Event: 4.127 Executing VM operation: Cleanup
Event: 4.127 Executing VM operation: Cleanup done
Event: 5.135 Executing VM operation: Cleanup
Event: 5.135 Executing VM operation: Cleanup done
Event: 5.288 Executing VM operation: HandshakeAllThreads
Event: 5.288 Executing VM operation: HandshakeAllThreads done
Event: 5.400 Executing VM operation: G1CollectForAllocation
Event: 5.410 Executing VM operation: G1CollectForAllocation done
Event: 5.502 Executing VM operation: G1CollectForAllocation
Event: 5.510 Executing VM operation: G1CollectForAllocation done
Event: 5.593 Executing VM operation: G1CollectForAllocation
Event: 5.602 Executing VM operation: G1CollectForAllocation done
Event: 5.701 Executing VM operation: G1CollectForAllocation
Event: 5.713 Executing VM operation: G1CollectForAllocation done
Event: 5.860 Executing VM operation: G1CollectForAllocation
Event: 5.875 Executing VM operation: G1CollectForAllocation done
Event: 6.061 Executing VM operation: G1CollectForAllocation

Events (20 events):
Event: 0.042 Thread 0x0000017375fdd270 Thread added: 0x0000017375fdd270
Event: 0.042 Thread 0x0000017375fe5c20 Thread added: 0x0000017375fe5c20
Event: 0.042 Thread 0x0000017375fee660 Thread added: 0x0000017375fee660
Event: 0.043 Thread 0x000001737600ef60 Thread added: 0x000001737600ef60
Event: 0.043 Thread 0x0000017375fec080 Thread added: 0x0000017375fec080
Event: 0.071 Thread 0x000001737cd16900 Thread added: 0x000001737cd16900
Event: 0.075 Thread 0x000001737cd20630 Thread added: 0x000001737cd20630
Event: 0.083 Loaded shared library C:\Program Files\Java\jdk-18.0.2\bin\net.dll
Event: 0.085 Loaded shared library C:\Program Files\Java\jdk-18.0.2\bin\nio.dll
Event: 0.088 Loaded shared library C:\Program Files\Java\jdk-18.0.2\bin\zip.dll
Event: 0.102 Loaded shared library C:\Program Files\Java\jdk-18.0.2\bin\verify.dll
Event: 0.124 Loaded shared library C:\Users\garag\Documents\GitHub\OpencraftClient1\natives\lwjgl64.dll
Event: 0.816 Loaded shared library C:\Program Files\Java\jdk-18.0.2\bin\jimage.dll
Event: 0.895 Loaded shared library C:\Program Files\Java\jdk-18.0.2\bin\awt.dll
Event: 0.927 Loaded shared library C:\Users\garag\Documents\GitHub\OpencraftClient1\natives\freetype-jni-64.dll
Event: 5.283 Thread 0x000001730462d0a0 Thread added: 0x000001730462d0a0
Event: 5.336 Thread 0x000001737cccd000 Thread added: 0x000001737cccd000
Event: 5.396 Thread 0x0000017304acb720 Thread added: 0x0000017304acb720
Event: 5.661 Thread 0x0000017304acb720 Thread exited: 0x0000017304acb720
Event: 5.693 Thread 0x000001737cccd000 Thread exited: 0x000001737cccd000


Dynamic libraries:
0x00007ff7f1b40000 - 0x00007ff7f1b50000 	C:\Program Files\Java\jdk-18.0.2\bin\javaw.exe
0x00007ffd0ea40000 - 0x00007ffd0ec49000 	C:\Windows\SYSTEM32\ntdll.dll
0x00007ffd0cef0000 - 0x00007ffd0cfae000 	C:\Windows\System32\KERNEL32.DLL
0x00007ffd0c510000 - 0x00007ffd0c88c000 	C:\Windows\System32\KERNELBASE.dll
0x00007ffd0c330000 - 0x00007ffd0c441000 	C:\Windows\System32\ucrtbase.dll
0x00007ffcb92b0000 - 0x00007ffcb92c8000 	C:\Program Files\Java\jdk-18.0.2\bin\jli.dll
0x00007ffca5cd0000 - 0x00007ffca5cea000 	C:\Program Files\Java\jdk-18.0.2\bin\VCRUNTIME140.dll
0x00007ffd0dcf0000 - 0x00007ffd0dd9e000 	C:\Windows\System32\ADVAPI32.dll
0x00007ffd0d810000 - 0x00007ffd0d8b3000 	C:\Windows\System32\msvcrt.dll
0x00007ffd0d9a0000 - 0x00007ffd0da3e000 	C:\Windows\System32\sechost.dll
0x00007ffd0cfb0000 - 0x00007ffd0d0d0000 	C:\Windows\System32\RPCRT4.dll
0x00007ffd0d0d0000 - 0x00007ffd0d27d000 	C:\Windows\System32\USER32.dll
0x00007ffd0c890000 - 0x00007ffd0c8b6000 	C:\Windows\System32\win32u.dll
0x00007ffcf6700000 - 0x00007ffcf69a5000 	C:\Windows\WinSxS\amd64_microsoft.windows.common-controls_6595b64144ccf1df_6.0.22000.120_none_9d947278b86cc467\COMCTL32.dll
0x00007ffd0db10000 - 0x00007ffd0db39000 	C:\Windows\System32\GDI32.dll
0x00007ffd0c100000 - 0x00007ffd0c218000 	C:\Windows\System32\gdi32full.dll
0x00007ffd0c290000 - 0x00007ffd0c32d000 	C:\Windows\System32\msvcp_win.dll
0x00007ffd04b60000 - 0x00007ffd04b6a000 	C:\Windows\SYSTEM32\VERSION.dll
0x00007ffd0dad0000 - 0x00007ffd0db01000 	C:\Windows\System32\IMM32.DLL
0x00007ffcb92a0000 - 0x00007ffcb92ac000 	C:\Program Files\Java\jdk-18.0.2\bin\vcruntime140_1.dll
0x00007ffca5c40000 - 0x00007ffca5ccd000 	C:\Program Files\Java\jdk-18.0.2\bin\msvcp140.dll
0x00007ffca35c0000 - 0x00007ffca41d1000 	C:\Program Files\Java\jdk-18.0.2\bin\server\jvm.dll
0x00007ffd0e5f0000 - 0x00007ffd0e5f8000 	C:\Windows\System32\PSAPI.DLL
0x00007ffca5c30000 - 0x00007ffca5c39000 	C:\Windows\SYSTEM32\WSOCK32.dll
0x00007ffd04ba0000 - 0x00007ffd04bd3000 	C:\Windows\SYSTEM32\WINMM.dll
0x00007ffd0e580000 - 0x00007ffd0e5ef000 	C:\Windows\System32\WS2_32.dll
0x00007ffd0af70000 - 0x00007ffd0af88000 	C:\Windows\SYSTEM32\kernel.appcore.dll
0x00007ffca5c20000 - 0x00007ffca5c2a000 	C:\Program Files\Java\jdk-18.0.2\bin\jimage.dll
0x00007ffd09260000 - 0x00007ffd09481000 	C:\Windows\SYSTEM32\DBGHELP.DLL
0x00007ffcfff30000 - 0x00007ffcfff61000 	C:\Windows\SYSTEM32\dbgcore.DLL
0x00007ffd0c080000 - 0x00007ffd0c0ff000 	C:\Windows\System32\bcryptPrimitives.dll
0x00007ffca5bf0000 - 0x00007ffca5c15000 	C:\Program Files\Java\jdk-18.0.2\bin\java.dll
0x00007ffca5b10000 - 0x00007ffca5be6000 	C:\Program Files\Java\jdk-18.0.2\bin\jsvml.dll
0x00007ffd0ddb0000 - 0x00007ffd0e575000 	C:\Windows\System32\SHELL32.dll
0x00007ffd09fe0000 - 0x00007ffd0a845000 	C:\Windows\SYSTEM32\windows.storage.dll
0x00007ffd0c8c0000 - 0x00007ffd0cc36000 	C:\Windows\System32\combase.dll
0x00007ffd09e70000 - 0x00007ffd09fd6000 	C:\Windows\SYSTEM32\wintypes.dll
0x00007ffd0d2a0000 - 0x00007ffd0d38a000 	C:\Windows\System32\SHCORE.dll
0x00007ffd0e720000 - 0x00007ffd0e77d000 	C:\Windows\System32\shlwapi.dll
0x00007ffd0be40000 - 0x00007ffd0be61000 	C:\Windows\SYSTEM32\profapi.dll
0x00007ffca5990000 - 0x00007ffca59a3000 	C:\Program Files\Java\jdk-18.0.2\bin\net.dll
0x00007ffd068d0000 - 0x00007ffd069e2000 	C:\Windows\SYSTEM32\WINHTTP.dll
0x00007ffd0b410000 - 0x00007ffd0b477000 	C:\Windows\system32\mswsock.dll
0x00007ffca5970000 - 0x00007ffca5986000 	C:\Program Files\Java\jdk-18.0.2\bin\nio.dll
0x00007ffca3460000 - 0x00007ffca3478000 	C:\Program Files\Java\jdk-18.0.2\bin\zip.dll
0x00007ffca4e40000 - 0x00007ffca4e50000 	C:\Program Files\Java\jdk-18.0.2\bin\verify.dll
0x0000000180000000 - 0x0000000180053000 	C:\Users\garag\Documents\GitHub\OpencraftClient1\natives\lwjgl64.dll
0x00007ffcc24d0000 - 0x00007ffcc25d1000 	C:\Windows\SYSTEM32\OPENGL32.dll
0x00007ffcc24a0000 - 0x00007ffcc24cd000 	C:\Windows\SYSTEM32\GLU32.dll
0x00007ffd097d0000 - 0x00007ffd09808000 	C:\Windows\SYSTEM32\dxcore.dll
0x00007ffd05e40000 - 0x00007ffd05ef8000 	C:\Windows\SYSTEM32\mscms.dll
0x00007ffd0bb20000 - 0x00007ffd0bb6c000 	C:\Windows\SYSTEM32\cfgmgr32.dll
0x00007ffd0b7e0000 - 0x00007ffd0b807000 	C:\Windows\SYSTEM32\bcrypt.dll
0x00007ffd0dc40000 - 0x00007ffd0dcef000 	C:\Windows\System32\clbcatq.dll
0x00007ffcff5d0000 - 0x00007ffcff61a000 	C:\Windows\System32\Windows.Internal.Graphics.Display.DisplayColorManagement.dll
0x00007ffd0d8c0000 - 0x00007ffd0d996000 	C:\Windows\System32\OLEAUT32.dll
0x00007ffd09560000 - 0x00007ffd0960c000 	C:\Windows\system32\uxtheme.dll
0x00007ffd0e600000 - 0x00007ffd0e71d000 	C:\Windows\System32\MSCTF.dll
0x00007ffd04220000 - 0x00007ffd04264000 	C:\Windows\SYSTEM32\directxdatabasehelper.dll
0x00007ffd0af90000 - 0x00007ffd0afc4000 	C:\Windows\SYSTEM32\ntmarta.dll
0x00007ffd05a40000 - 0x00007ffd05b74000 	C:\Windows\System32\AppXDeploymentClient.dll
0x00007ffd05580000 - 0x00007ffd0576f000 	C:\Windows\SYSTEM32\urlmon.dll
0x00007ffd05250000 - 0x00007ffd05503000 	C:\Windows\System32\iertutil.dll
0x00007ffd05550000 - 0x00007ffd05578000 	C:\Windows\System32\srvcli.dll
0x00007ffd0aa60000 - 0x00007ffd0aa6c000 	C:\Windows\System32\netutils.dll
0x00007ffc252d0000 - 0x00007ffc28c04000 	C:\Windows\System32\DriverStore\FileRepository\nvdm.inf_amd64_47b4de8ce9fa1909\nvoglv64.dll
0x00007ffd0d3a0000 - 0x00007ffd0d80c000 	C:\Windows\System32\SETUPAPI.dll
0x00007ffd0e780000 - 0x00007ffd0e91a000 	C:\Windows\System32\ole32.dll
0x00007ffd05130000 - 0x00007ffd05144000 	C:\Windows\SYSTEM32\WTSAPI32.dll
0x00007ffd0b6b0000 - 0x00007ffd0b6c2000 	C:\Windows\SYSTEM32\msasn1.dll
0x00007ffd045e0000 - 0x00007ffd04611000 	C:\Windows\SYSTEM32\cryptnet.dll
0x00007ffd0bf10000 - 0x00007ffd0c072000 	C:\Windows\System32\CRYPT32.dll
0x00007ffd04490000 - 0x00007ffd045d9000 	C:\Windows\SYSTEM32\drvstore.dll
0x00007ffd0baf0000 - 0x00007ffd0bb1c000 	C:\Windows\SYSTEM32\devobj.dll
0x00007ffd0b720000 - 0x00007ffd0b761000 	C:\Windows\SYSTEM32\wldp.dll
0x00007ffd0b650000 - 0x00007ffd0b65c000 	C:\Windows\SYSTEM32\cryptbase.dll
0x00007ffd0c220000 - 0x00007ffd0c288000 	C:\Windows\System32\WINTRUST.dll
0x00007ffd09840000 - 0x00007ffd0986f000 	C:\Windows\SYSTEM32\dwmapi.dll
0x00007ffcf7a90000 - 0x00007ffcf7bbd000 	C:\Windows\SYSTEM32\textinputframework.dll
0x00007ffd08e20000 - 0x00007ffd08f51000 	C:\Windows\SYSTEM32\CoreMessaging.dll
0x00007ffd00f40000 - 0x00007ffd012ad000 	C:\Windows\SYSTEM32\CoreUIComponents.dll
0x00007ffc8e970000 - 0x00007ffc8e9b4000 	C:\Windows\SYSTEM32\icm32.dll
0x00007ffd0bde0000 - 0x00007ffd0be2d000 	C:\Windows\SYSTEM32\powrprof.dll
0x00007ffd0bdc0000 - 0x00007ffd0bdd3000 	C:\Windows\SYSTEM32\UMPDC.dll
0x00007ffd0bba0000 - 0x00007ffd0bc04000 	C:\Windows\SYSTEM32\WINSTA.dll
0x00007ffd09680000 - 0x00007ffd09773000 	C:\Windows\system32\dxgi.dll
0x00007ffd00680000 - 0x00007ffd00900000 	C:\Windows\system32\d3d11.dll
0x00007ffcc09f0000 - 0x00007ffcc0aae000 	C:\Windows\System32\DriverStore\FileRepository\nvdm.inf_amd64_47b4de8ce9fa1909\nvldumdx.dll
0x00007ffd0d280000 - 0x00007ffd0d29f000 	C:\Windows\System32\imagehlp.dll
0x00007ffd0b660000 - 0x00007ffd0b678000 	C:\Windows\SYSTEM32\CRYPTSP.dll
0x00007ffd0aed0000 - 0x00007ffd0af05000 	C:\Windows\system32\rsaenh.dll
0x00007ffcbd0f0000 - 0x00007ffcc077a000 	C:\Windows\System32\DriverStore\FileRepository\nvdm.inf_amd64_47b4de8ce9fa1909\nvwgf2umx.dll
0x00007ffcf9960000 - 0x00007ffcfa0d2000 	C:\Windows\SYSTEM32\nvapi64.dll
0x00007ffcfce70000 - 0x00007ffcfe052000 	C:\Windows\System32\DriverStore\FileRepository\iigd_dch.inf_amd64_ec48fba0e5cab6d2\igd10iumd64.dll
0x00007ffd0b7b0000 - 0x00007ffd0b7d8000 	C:\Windows\SYSTEM32\ncrypt.dll
0x00007ffd09110000 - 0x00007ffd091a1000 	C:\Windows\SYSTEM32\apphelp.dll
0x00007ffd0b770000 - 0x00007ffd0b7a7000 	C:\Windows\SYSTEM32\NTASN1.dll
0x00007ffcfea70000 - 0x00007ffcfeda6000 	C:\Windows\System32\DriverStore\FileRepository\iigd_dch.inf_amd64_ec48fba0e5cab6d2\igdgmm64.dll
0x00007ffcfa0e0000 - 0x00007ffcfce6f000 	C:\Windows\System32\DriverStore\FileRepository\iigd_dch.inf_amd64_ec48fba0e5cab6d2\igc64.dll
0x00007ffd012b0000 - 0x00007ffd014c9000 	C:\Windows\SYSTEM32\dcomp.dll
0x00007ffcc31f0000 - 0x00007ffcc337f000 	C:\Program Files\Java\jdk-18.0.2\bin\awt.dll
0x00007ffcc30a0000 - 0x00007ffcc31ee000 	C:\Users\garag\Documents\GitHub\OpencraftClient1\natives\freetype-jni-64.dll
0x00007ffcf5730000 - 0x00007ffcf575b000 	C:\Windows\SYSTEM32\VCRUNTIME140D.dll
0x00007ffcb8c30000 - 0x00007ffcb8df7000 	C:\Windows\SYSTEM32\ucrtbased.dll

dbghelp: loaded successfully - version: 4.0.5 - missing functions: none
symbol engine: initialized successfully - sym options: 0x614 - pdb path: .;C:\Program Files\Java\jdk-18.0.2\bin;C:\Windows\SYSTEM32;C:\Windows\WinSxS\amd64_microsoft.windows.common-controls_6595b64144ccf1df_6.0.22000.120_none_9d947278b86cc467;C:\Program Files\Java\jdk-18.0.2\bin\server;C:\Users\garag\Documents\GitHub\OpencraftClient1\natives;C:\Windows\System32\DriverStore\FileRepository\nvdm.inf_amd64_47b4de8ce9fa1909;C:\Windows\System32\DriverStore\FileRepository\iigd_dch.inf_amd64_ec48fba0e5cab6d2

VM Arguments:
jvm_args: -Djava.library.path=C:\Users\garag\Documents\GitHub\OpencraftClient1\natives -Dfile.encoding=UTF-8 -XX:+ShowCodeDetailsInExceptionMessages 
java_command: opencraft.Main
java_class_path (initial): C:\Users\garag\Documents\GitHub\OpencraftClient1\bin;C:\Users\garag\Documents\GitHub\OpencraftClient1\libs\AppleJavaExtensions.jar;C:\Users\garag\Documents\GitHub\OpencraftClient1\libs\asm-debug-all.jar;C:\Users\garag\Documents\GitHub\OpencraftClient1\libs\jinput.jar;C:\Users\garag\Documents\GitHub\OpencraftClient1\libs\laf-plugin-7.2.1.jar;C:\Users\garag\Documents\GitHub\OpencraftClient1\libs\laf-widget-7.2.1.jar;C:\Users\garag\Documents\GitHub\OpencraftClient1\libs\log4j-api-2.0-beta9.jar;C:\Users\garag\Documents\GitHub\OpencraftClient1\libs\lwjgl_test.jar;C:\Users\garag\Documents\GitHub\OpencraftClient1\libs\lwjgl_util_applet.jar;C:\Users\garag\Documents\GitHub\OpencraftClient1\libs\lwjgl_util.jar;C:\Users\garag\Documents\GitHub\OpencraftClient1\libs\lwjgl.jar;C:\Users\garag\Documents\GitHub\OpencraftClient1\libs\lwjgl-debug.jar;C:\Users\garag\Documents\GitHub\OpencraftClient1\libs\lzma.jar;C:\Users\garag\Documents\GitHub\OpencraftClient1\libs\substance-7.2.1.jar;C:\Users\garag\Documents\GitHub\OpencraftClient1\libs\trident-7.2.1.jar;C:\Users\garag\Documents\GitHub\OpencraftClient1\libs\slick-util.jar;C:\Users\garag\Documents\GitHub\OpencraftClient1\libs\TWL-LWJGL2.jar;C:\Users\garag\Documents\GitHub\OpencraftClient1\libs\freetype-jni.jar;C:\Users\garag\Documents\GitHub\OpencraftClient1\libs\guava-32.1.2-jre.jar
Launcher Type: SUN_STANDARD

[Global flags]
     intx CICompilerCount                          = 4                                         {product} {ergonomic}
     uint ConcGCThreads                            = 3                                         {product} {ergonomic}
     uint G1ConcRefinementThreads                  = 10                                        {product} {ergonomic}
   size_t G1HeapRegionSize                         = 4194304                                   {product} {ergonomic}
    uintx GCDrainStackTargetSize                   = 64                                        {product} {ergonomic}
   size_t InitialHeapSize                          = 532676608                                 {product} {ergonomic}
   size_t MarkStackSize                            = 4194304                                   {product} {ergonomic}
   size_t MaxHeapSize                              = 8522825728                                {product} {ergonomic}
   size_t MaxNewSize                               = 5112856576                                {product} {ergonomic}
   size_t MinHeapDeltaBytes                        = 4194304                                   {product} {ergonomic}
   size_t MinHeapSize                              = 8388608                                   {product} {ergonomic}
    uintx NonNMethodCodeHeapSize                   = 5839372                                {pd product} {ergonomic}
    uintx NonProfiledCodeHeapSize                  = 122909434                              {pd product} {ergonomic}
    uintx ProfiledCodeHeapSize                     = 122909434                              {pd product} {ergonomic}
    uintx ReservedCodeCacheSize                    = 251658240                              {pd product} {ergonomic}
     bool SegmentedCodeCache                       = true                                      {product} {ergonomic}
     bool ShowCodeDetailsInExceptionMessages       = true                                   {manageable} {command line}
   size_t SoftMaxHeapSize                          = 8522825728                             {manageable} {ergonomic}
     bool UseCompressedClassPointers               = true                           {product lp64_product} {ergonomic}
     bool UseCompressedOops                        = true                           {product lp64_product} {ergonomic}
     bool UseG1GC                                  = true                                      {product} {ergonomic}
     bool UseLargePagesIndividualAllocation        = false                                  {pd product} {ergonomic}

Logging:
Log output configuration:
 #0: stdout all=warning uptime,level,tags foldmultilines=false
 #1: stderr all=off uptime,level,tags foldmultilines=false

Environment Variables:
PATH=D:\usr\local\cell\host-win32\spu\bin;D:\usr\local\cell\host-win32\ppu\bin;D:\usr\local\cell\host-win32\sn\bin;D:\usr\local\cell\host-win32\bin;D:\usr\local\cell\host-win32\Cg\bin;C:\Program Files (x86)\SN Systems\PS3\bin;C:\Program Files (x86)\VMware\VMware Player\bin\;C:\Program Files\Common Files\Oracle\Java\javapath;C:\Windows\system32;C:\Windows;C:\Windows\System32\Wbem;C:\Windows\System32\WindowsPowerShell\v1.0\;C:\Windows\System32\OpenSSH\;C:\Program Files\dotnet\;C:\Program Files\WorldPainter;C:\Program Files\nodejs\;C:\Program Files\NASM;C:\Program Files\Git\cmd;C:\Program Files\Git LFS;C:\Program Files\Lip;C:\Users\garag\AppData\Local\Programs\Python\Python311\Scripts\;C:\Users\garag\AppData\Local\Programs\Python\Python311\;C:\Users\garag\AppData\Local\Microsoft\WindowsApps;C:\Users\garag\AppData\Local\atom\bin;C:\Users\garag\.dotnet\tools;C:\Users\garag\AppData\Roaming\npm;C:\Users\garag\AppData\Local\Programs\EmEditor;C:\Users\garag\AppData\Local\GitHubDesktop\bin;C:\ProgramData\garag\GitHubDesktop\bin
USERNAME=garag
OS=Windows_NT
PROCESSOR_IDENTIFIER=Intel64 Family 6 Model 165 Stepping 2, GenuineIntel



---------------  S Y S T E M  ---------------

OS:
 Windows 11 , 64 bit Build 22000 (10.0.22000.1516)
OS uptime: 2 days 18:03 hours

CPU: total 12 (initial active 12) (6 cores per cpu, 2 threads per core) family 6 model 165 stepping 2 microcode 0xf8, cx8, cmov, fxsr, ht, mmx, 3dnowpref, sse, sse2, sse3, ssse3, sse4.1, sse4.2, popcnt, lzcnt, tsc, tscinvbit, avx, avx2, aes, erms, clmul, bmi1, bmi2, adx, fma, vzeroupper, clflush, clflushopt

Memory: 4k page, system-wide physical 32511M (10524M free)
TotalPageFile size 36492M (AvailPageFile size 484M)
current process WorkingSet (physical memory assigned to process): 351M, peak: 351M
current process commit charge ("private bytes"): 773M, peak: 1282M

vm_info: Java HotSpot(TM) 64-Bit Server VM (18.0.2+9-61) for windows-amd64 JRE (18.0.2+9-61), built on Jun  7 2022 13:09:01 by "mach5one" with MS VC++ 16.8 / 16.9 (VS2019)

END.
