#
# A fatal error has been detected by the Java Runtime Environment:
#
#  EXCEPTION_ACCESS_VIOLATION (0xc0000005) at pc=0x00007ff84b8ffe60, pid=244800, tid=21148
#
# JRE version: Java(TM) SE Runtime Environment (19.0.2+7) (build 19.0.2+7-44)
# Java VM: Java HotSpot(TM) 64-Bit Server VM (19.0.2+7-44, mixed mode, sharing, tiered, compressed oops, compressed class ptrs, g1 gc, windows-amd64)
# Problematic frame:
# C  [freetype-jni-64.dll+0x13fe60]
#
# No core dump will be written. Minidumps are not enabled by default on client versions of Windows
#
# If you would like to submit a bug report, please visit:
#   https://bugreport.java.com/bugreport/crash.jsp
# The crash happened outside the Java Virtual Machine in native code.
# See problematic frame for where to report the bug.
#

---------------  S U M M A R Y ------------

Command Line: -Djava.library.path=C:\Users\Chris Combs\eclipse-workspace\Opencraft1.0\natives -Dfile.encoding=UTF-8 -XX:+ShowCodeDetailsInExceptionMessages opencraft.Main

Host: 12th Gen Intel(R) Core(TM) i9-12900KF, 24 cores, 127G,  Windows 11 , 64 bit Build 22621 (10.0.22621.1928)
Time: Fri Aug  4 00:02:22 2023 Pacific Daylight Time elapsed time: 0.291768 seconds (0d 0h 0m 0s)

---------------  T H R E A D  ---------------

Current thread (0x000001a433d6ee40):  JavaThread "main" [_thread_in_native, id=21148, stack(0x0000007951800000,0x0000007951900000)]

Stack: [0x0000007951800000,0x0000007951900000],  sp=0x00000079518ff2f8,  free space=1020k
Native frames: (J=compiled Java code, j=interpreted, Vv=VM code, C=native code)
C  [freetype-jni-64.dll+0x13fe60]

Java frames: (J=compiled Java code, j=interpreted, Vv=VM code)
j  com.mlomb.freetypejni.FreeType.FT_Load_Char(JCI)Z+0
j  opencraft.graphics.ui.Font.<init>(Ljava/lang/String;)V+52
j  opencraft.graphics.DisplayUtills.loadResources()V+20
j  opencraft.Main.runOpencraft(Ljava/lang/String;)V+29
j  opencraft.Main.main([Ljava/lang/String;)V+2
v  ~StubRoutines::call_stub 0x000001a44312100e

siginfo: EXCEPTION_ACCESS_VIOLATION (0xc0000005), data execution prevention violation at address 0x00007ff84b8ffe60


Registers:
RAX=0x00007ff84b8f0470, RBX=0x000001a47851b2f0, RCX=0x000001a44bca0610, RDX=0x000001a4213c4ad0
RSP=0x00000079518ff2f8, RBP=0x00000079518ff4d0, RSI=0x0000000000000130, RDI=0x00000079518ff3c0
R8 =0x0000000000000000, R9 =0x0000000000000004, R10=0x00007ff878770000, R11=0x00007ff878771b94
R12=0x0000000000000000, R13=0x000001a47851b2f0, R14=0x00000079518ff508, R15=0x000001a433d6ee40
RIP=0x00007ff84b8ffe60, EFLAGS=0x0000000000010246


Register to memory mapping:

RIP=0x00007ff84b8ffe60 freetype-jni-64.dll
RAX=0x00007ff84b8f0470 freetype-jni-64.dll
RBX={method} {0x000001a47851b2f8} 'FT_Load_Char' '(JCI)Z' in 'com/mlomb/freetypejni/FreeType'
RCX=0x000001a44bca0610 points into unknown readable memory: 0x00007ff84b8ed4d0 | d0 d4 8e 4b f8 7f 00 00
RDX=0x000001a4213c4ad0 points into unknown readable memory: 0x00007ff84b8edd28 | 28 dd 8e 4b f8 7f 00 00
RSP=0x00000079518ff2f8 is pointing into the stack for thread: 0x000001a433d6ee40
RBP=0x00000079518ff4d0 is pointing into the stack for thread: 0x000001a433d6ee40
RSI=0x0000000000000130 is an unknown value
RDI=0x00000079518ff3c0 is pointing into the stack for thread: 0x000001a433d6ee40
R8 =0x0 is NULL
R9 =0x0000000000000004 is an unknown value
R10=0x00007ff878770000 VCRUNTIME140D.dll
R11=0x00007ff878771b94 VCRUNTIME140D.dll
R12=0x0 is NULL
R13={method} {0x000001a47851b2f8} 'FT_Load_Char' '(JCI)Z' in 'com/mlomb/freetypejni/FreeType'
R14=0x00000079518ff508 is pointing into the stack for thread: 0x000001a433d6ee40
R15=0x000001a433d6ee40 is a thread


Top of Stack: (sp=0x00000079518ff2f8)
0x00000079518ff2f8:   00007ff84b7c5986 000001a44bca0610
0x00000079518ff308:   cccccccccccccccc cccccccccccccccc
0x00000079518ff318:   cccccccccccccccc cccccccccccccccc
0x00000079518ff328:   cccccccccccccccc cccccccccccccccc
0x00000079518ff338:   000001a44bca0850 000001a44bca0610
0x00000079518ff348:   000001a47c60d950 cccccccccccccc00
0x00000079518ff358:   000001a47c6342b0 000001a47c60d950
0x00000079518ff368:   cccccccccccccccc cccccccccccccccc
0x00000079518ff378:   cccccccccccccccc cccccccccccccccc
0x00000079518ff388:   cccccccccccccccc cccccccccccccccc
0x00000079518ff398:   cccccccccccccccc cccccccccccccccc
0x00000079518ff3a8:   cccccccccccccccc cccccccccccccccc
0x00000079518ff3b8:   cccccccccccccccc 00000079518ff400
0x00000079518ff3c8:   00007ff84b7c5d32 000001a47c60d950
0x00000079518ff3d8:   cccccccc00000000 cccccccc00000004
0x00000079518ff3e8:   cccccccccccccccc cccccccc00000000 

Instructions: (pc=0x00007ff84b8ffe60)
0x00007ff84b8ffd60:   67 6c 79 70 68 2d 64 69 63 74 00 00 62 64 66 00
0x00007ff84b8ffd70:   74 74 2d 63 6d 61 70 73 00 00 00 00 73 66 6e 74
0x00007ff84b8ffd80:   00 00 00 00 00 00 00 00 43 48 41 52 53 45 54 5f
0x00007ff84b8ffd90:   52 45 47 49 53 54 52 59 00 00 00 00 00 00 00 00
0x00007ff84b8ffda0:   43 48 41 52 53 45 54 5f 45 4e 43 4f 44 49 4e 47
0x00007ff84b8ffdb0:   00 00 00 00 73 66 6e 74 00 00 00 00 00 00 00 00
0x00007ff84b8ffdc0:   70 6f 73 74 73 63 72 69 70 74 2d 63 6d 61 70 73
0x00007ff84b8ffdd0:   00 00 00 00 00 00 00 00 74 72 75 65 74 79 70 65
0x00007ff84b8ffde0:   00 00 00 00 00 00 00 00 6d 75 6c 74 69 2d 6d 61
0x00007ff84b8ffdf0:   73 74 65 72 73 00 00 00 74 72 75 65 74 79 70 65
0x00007ff84b8ffe00:   00 00 00 00 00 00 00 00 6d 65 74 72 69 63 73 2d
0x00007ff84b8ffe10:   76 61 72 69 61 74 69 6f 6e 73 00 00 00 00 00 00
0x00007ff84b8ffe20:   00 00 00 00 00 00 00 00 00 00 00 00 00 00 00 00
0x00007ff84b8ffe30:   00 00 00 00 00 00 00 00 00 00 00 00 00 00 00 00
0x00007ff84b8ffe40:   00 00 00 00 00 00 00 00 73 6d 6f 6f 74 68 00 00
0x00007ff84b8ffe50:   73 6d 6f 6f 74 68 2d 6c 63 64 00 00 00 00 00 00
0x00007ff84b8ffe60:   73 6d 6f 6f 74 68 2d 6c 63 64 76 00 00 00 00 00
0x00007ff84b8ffe70:   00 00 00 00 00 00 00 00 41 44 44 5f 53 54 59 4c
0x00007ff84b8ffe80:   45 5f 4e 41 4d 45 00 00 41 56 45 52 41 47 45 5f
0x00007ff84b8ffe90:   57 49 44 54 48 00 00 00 41 56 47 5f 43 41 50 49
0x00007ff84b8ffea0:   54 41 4c 5f 57 49 44 54 48 00 00 00 4e 4f 54 49
0x00007ff84b8ffeb0:   43 45 00 00 62 64 66 00 41 56 47 5f 4c 4f 57 45
0x00007ff84b8ffec0:   52 43 41 53 45 5f 57 49 44 54 48 00 42 44 46 00
0x00007ff84b8ffed0:   43 41 50 5f 48 45 49 47 48 54 00 00 62 64 66 00
0x00007ff84b8ffee0:   43 48 41 52 53 45 54 5f 43 4f 4c 4c 45 43 54 49
0x00007ff84b8ffef0:   4f 4e 53 00 00 00 00 00 43 48 41 52 53 45 54 5f
0x00007ff84b8fff00:   45 4e 43 4f 44 49 4e 47 00 00 00 00 00 00 00 00
0x00007ff84b8fff10:   43 48 41 52 53 45 54 5f 52 45 47 49 53 54 52 59
0x00007ff84b8fff20:   00 00 00 00 00 00 00 00 43 4f 4d 4d 45 4e 54 00
0x00007ff84b8fff30:   43 4f 50 59 52 49 47 48 54 00 00 00 00 00 00 00
0x00007ff84b8fff40:   44 45 46 41 55 4c 54 5f 43 48 41 52 00 00 00 00
0x00007ff84b8fff50:   44 45 53 54 49 4e 41 54 49 4f 4e 00 00 00 00 00 


Stack slot to memory mapping:
stack at sp + 0 slots: 0x00007ff84b7c5986 freetype-jni-64.dll
stack at sp + 1 slots: 0x000001a44bca0610 points into unknown readable memory: 0x00007ff84b8ed4d0 | d0 d4 8e 4b f8 7f 00 00
stack at sp + 2 slots: 0xcccccccccccccccc is an unknown value
stack at sp + 3 slots: 0xcccccccccccccccc is an unknown value
stack at sp + 4 slots: 0xcccccccccccccccc is an unknown value
stack at sp + 5 slots: 0xcccccccccccccccc is an unknown value
stack at sp + 6 slots: 0xcccccccccccccccc is an unknown value
stack at sp + 7 slots: 0xcccccccccccccccc is an unknown value


---------------  P R O C E S S  ---------------

Threads class SMR info:
_java_thread_list=0x000001a47c98eb30, length=16, elements={
0x000001a433d6ee40, 0x000001a477b1ffa0, 0x000001a477b208d0, 0x000001a477b26590,
0x000001a477b26ec0, 0x000001a477b2f870, 0x000001a477b2bc00, 0x000001a477b2d270,
0x000001a477b3f290, 0x000001a477b4c430, 0x000001a477c62ed0, 0x000001a477c7c190,
0x000001a477c81b80, 0x000001a47c4416b0, 0x000001a47c6f44a0, 0x000001a47c6c57f0
}

Java Threads: ( => current thread )
=>0x000001a433d6ee40 JavaThread "main" [_thread_in_native, id=21148, stack(0x0000007951800000,0x0000007951900000)]
  0x000001a477b1ffa0 JavaThread "Reference Handler" daemon [_thread_blocked, id=115792, stack(0x0000007951f00000,0x0000007952000000)]
  0x000001a477b208d0 JavaThread "Finalizer" daemon [_thread_blocked, id=117920, stack(0x0000007952000000,0x0000007952100000)]
  0x000001a477b26590 JavaThread "Signal Dispatcher" daemon [_thread_blocked, id=118588, stack(0x0000007952100000,0x0000007952200000)]
  0x000001a477b26ec0 JavaThread "Attach Listener" daemon [_thread_blocked, id=136980, stack(0x0000007952200000,0x0000007952300000)]
  0x000001a477b2f870 JavaThread "Service Thread" daemon [_thread_blocked, id=16656, stack(0x0000007952300000,0x0000007952400000)]
  0x000001a477b2bc00 JavaThread "Monitor Deflation Thread" daemon [_thread_blocked, id=118592, stack(0x0000007952400000,0x0000007952500000)]
  0x000001a477b2d270 JavaThread "C2 CompilerThread0" daemon [_thread_blocked, id=118568, stack(0x0000007952500000,0x0000007952600000)]
  0x000001a477b3f290 JavaThread "C1 CompilerThread0" daemon [_thread_blocked, id=20044, stack(0x0000007952600000,0x0000007952700000)]
  0x000001a477b4c430 JavaThread "Sweeper thread" daemon [_thread_blocked, id=136972, stack(0x0000007952700000,0x0000007952800000)]
  0x000001a477c62ed0 JavaThread "C1 CompilerThread1" daemon [_thread_blocked, id=136984, stack(0x0000007952800000,0x0000007952900000)]
  0x000001a477c7c190 JavaThread "Notification Thread" daemon [_thread_blocked, id=118460, stack(0x0000007952900000,0x0000007952a00000)]
  0x000001a477c81b80 JavaThread "Common-Cleaner" daemon [_thread_blocked, id=118456, stack(0x0000007952b00000,0x0000007952c00000)]
  0x000001a47c4416b0 JavaThread "C1 CompilerThread2" daemon [_thread_blocked, id=136952, stack(0x0000007953200000,0x0000007953300000)]
  0x000001a47c6f44a0 JavaThread "C1 CompilerThread3" daemon [_thread_blocked, id=118648, stack(0x0000007953300000,0x0000007953400000)]
  0x000001a47c6c57f0 JavaThread "C2 CompilerThread1" daemon [_thread_blocked, id=118600, stack(0x0000007953400000,0x0000007953500000)]

Other Threads:
  0x000001a433d90370 VMThread "VM Thread" [stack: 0x0000007951e00000,0x0000007951f00000] [id=116132]
  0x000001a477c7eaf0 WatcherThread "VM Periodic Task Thread" [stack: 0x0000007952a00000,0x0000007952b00000] [id=118452]
  0x000001a433d90910 WorkerThread "GC Thread#0" [stack: 0x0000007951900000,0x0000007951a00000] [id=136988]
  0x000001a433e2ca90 ConcurrentGCThread "G1 Main Marker" [stack: 0x0000007951a00000,0x0000007951b00000] [id=118472]
  0x000001a433d8fb00 WorkerThread "G1 Conc#0" [stack: 0x0000007951b00000,0x0000007951c00000] [id=118440]
  0x000001a44bca1ce0 ConcurrentGCThread "G1 Refine#0" [stack: 0x0000007951c00000,0x0000007951d00000] [id=118476]
  0x000001a44bca25d0 ConcurrentGCThread "G1 Service" [stack: 0x0000007951d00000,0x0000007951e00000] [id=118556]

Threads with active compile tasks:

VM state: not at safepoint (normal execution)

VM Mutex/Monitor currently owned by a thread: None

Heap address: 0x00000000a0000000, size: 30208 MB, Compressed Oops mode: Zero based, Oop shift amount: 3

CDS archive(s) mapped at: [0x0000000800000000-0x0000000800c40000-0x0000000800c40000), size 12845056, SharedBaseAddress: 0x0000000800000000, ArchiveRelocationMode: 0.
Compressed class space mapped at: 0x0000000801000000-0x0000000841000000, reserved size: 1073741824
Narrow klass base: 0x0000000800000000, Narrow klass shift: 0, Narrow klass range: 0x100000000

GC Precious Log:
 CardTable entry size: 512
 Card Set container configuration: InlinePtr #cards 3 size 8 Array Of Cards #cards 128 size 272 Howl #buckets 8 coarsen threshold 29491 Howl Bitmap #cards 4096 size 528 coarsen threshold 3686 Card regions per heap region 1 cards per card region 32768
 CPUs: 24 total, 24 available
 Memory: 127G
 Large Page Support: Disabled
 NUMA Support: Disabled
 Compressed Oops: Enabled (Zero based)
 Heap Region Size: 16M
 Heap Min Capacity: 16M
 Heap Initial Capacity: 2G
 Heap Max Capacity: 30208M
 Pre-touch: Disabled
 Parallel Workers: 18
 Concurrent Workers: 5
 Concurrent Refinement Workers: 18
 Periodic GC: Disabled

Heap:
 garbage-first heap   total 2097152K, used 16384K [0x00000000a0000000, 0x0000000800000000)
  region size 16384K, 2 young (32768K), 0 survivors (0K)
 Metaspace       used 2783K, committed 2944K, reserved 1114112K
  class space    used 168K, committed 256K, reserved 1048576K

Heap Regions: E=young(eden), S=young(survivor), O=old, HS=humongous(starts), HC=humongous(continues), CS=collection set, F=free, OA=open archive, CA=closed archive, TAMS=top-at-mark-start (previous, next)
|   0|0x00000000a0000000, 0x00000000a0000000, 0x00000000a1000000|  0%| F|  |TAMS 0x00000000a0000000, 0x00000000a0000000| Untracked 
|   1|0x00000000a1000000, 0x00000000a1000000, 0x00000000a2000000|  0%| F|  |TAMS 0x00000000a1000000, 0x00000000a1000000| Untracked 
|   2|0x00000000a2000000, 0x00000000a2000000, 0x00000000a3000000|  0%| F|  |TAMS 0x00000000a2000000, 0x00000000a2000000| Untracked 
|   3|0x00000000a3000000, 0x00000000a3000000, 0x00000000a4000000|  0%| F|  |TAMS 0x00000000a3000000, 0x00000000a3000000| Untracked 
|   4|0x00000000a4000000, 0x00000000a4000000, 0x00000000a5000000|  0%| F|  |TAMS 0x00000000a4000000, 0x00000000a4000000| Untracked 
|   5|0x00000000a5000000, 0x00000000a5000000, 0x00000000a6000000|  0%| F|  |TAMS 0x00000000a5000000, 0x00000000a5000000| Untracked 
|   6|0x00000000a6000000, 0x00000000a6000000, 0x00000000a7000000|  0%| F|  |TAMS 0x00000000a6000000, 0x00000000a6000000| Untracked 
|   7|0x00000000a7000000, 0x00000000a7000000, 0x00000000a8000000|  0%| F|  |TAMS 0x00000000a7000000, 0x00000000a7000000| Untracked 
|   8|0x00000000a8000000, 0x00000000a8000000, 0x00000000a9000000|  0%| F|  |TAMS 0x00000000a8000000, 0x00000000a8000000| Untracked 
|   9|0x00000000a9000000, 0x00000000a9000000, 0x00000000aa000000|  0%| F|  |TAMS 0x00000000a9000000, 0x00000000a9000000| Untracked 
|  10|0x00000000aa000000, 0x00000000aa000000, 0x00000000ab000000|  0%| F|  |TAMS 0x00000000aa000000, 0x00000000aa000000| Untracked 
|  11|0x00000000ab000000, 0x00000000ab000000, 0x00000000ac000000|  0%| F|  |TAMS 0x00000000ab000000, 0x00000000ab000000| Untracked 
|  12|0x00000000ac000000, 0x00000000ac000000, 0x00000000ad000000|  0%| F|  |TAMS 0x00000000ac000000, 0x00000000ac000000| Untracked 
|  13|0x00000000ad000000, 0x00000000ad000000, 0x00000000ae000000|  0%| F|  |TAMS 0x00000000ad000000, 0x00000000ad000000| Untracked 
|  14|0x00000000ae000000, 0x00000000ae000000, 0x00000000af000000|  0%| F|  |TAMS 0x00000000ae000000, 0x00000000ae000000| Untracked 
|  15|0x00000000af000000, 0x00000000af000000, 0x00000000b0000000|  0%| F|  |TAMS 0x00000000af000000, 0x00000000af000000| Untracked 
|  16|0x00000000b0000000, 0x00000000b0000000, 0x00000000b1000000|  0%| F|  |TAMS 0x00000000b0000000, 0x00000000b0000000| Untracked 
|  17|0x00000000b1000000, 0x00000000b1000000, 0x00000000b2000000|  0%| F|  |TAMS 0x00000000b1000000, 0x00000000b1000000| Untracked 
|  18|0x00000000b2000000, 0x00000000b2000000, 0x00000000b3000000|  0%| F|  |TAMS 0x00000000b2000000, 0x00000000b2000000| Untracked 
|  19|0x00000000b3000000, 0x00000000b3000000, 0x00000000b4000000|  0%| F|  |TAMS 0x00000000b3000000, 0x00000000b3000000| Untracked 
|  20|0x00000000b4000000, 0x00000000b4000000, 0x00000000b5000000|  0%| F|  |TAMS 0x00000000b4000000, 0x00000000b4000000| Untracked 
|  21|0x00000000b5000000, 0x00000000b5000000, 0x00000000b6000000|  0%| F|  |TAMS 0x00000000b5000000, 0x00000000b5000000| Untracked 
|  22|0x00000000b6000000, 0x00000000b6000000, 0x00000000b7000000|  0%| F|  |TAMS 0x00000000b6000000, 0x00000000b6000000| Untracked 
|  23|0x00000000b7000000, 0x00000000b7000000, 0x00000000b8000000|  0%| F|  |TAMS 0x00000000b7000000, 0x00000000b7000000| Untracked 
|  24|0x00000000b8000000, 0x00000000b8000000, 0x00000000b9000000|  0%| F|  |TAMS 0x00000000b8000000, 0x00000000b8000000| Untracked 
|  25|0x00000000b9000000, 0x00000000b9000000, 0x00000000ba000000|  0%| F|  |TAMS 0x00000000b9000000, 0x00000000b9000000| Untracked 
|  26|0x00000000ba000000, 0x00000000ba000000, 0x00000000bb000000|  0%| F|  |TAMS 0x00000000ba000000, 0x00000000ba000000| Untracked 
|  27|0x00000000bb000000, 0x00000000bb000000, 0x00000000bc000000|  0%| F|  |TAMS 0x00000000bb000000, 0x00000000bb000000| Untracked 
|  28|0x00000000bc000000, 0x00000000bc000000, 0x00000000bd000000|  0%| F|  |TAMS 0x00000000bc000000, 0x00000000bc000000| Untracked 
|  29|0x00000000bd000000, 0x00000000bd000000, 0x00000000be000000|  0%| F|  |TAMS 0x00000000bd000000, 0x00000000bd000000| Untracked 
|  30|0x00000000be000000, 0x00000000be000000, 0x00000000bf000000|  0%| F|  |TAMS 0x00000000be000000, 0x00000000be000000| Untracked 
|  31|0x00000000bf000000, 0x00000000bf000000, 0x00000000c0000000|  0%| F|  |TAMS 0x00000000bf000000, 0x00000000bf000000| Untracked 
|  32|0x00000000c0000000, 0x00000000c0000000, 0x00000000c1000000|  0%| F|  |TAMS 0x00000000c0000000, 0x00000000c0000000| Untracked 
|  33|0x00000000c1000000, 0x00000000c1000000, 0x00000000c2000000|  0%| F|  |TAMS 0x00000000c1000000, 0x00000000c1000000| Untracked 
|  34|0x00000000c2000000, 0x00000000c2000000, 0x00000000c3000000|  0%| F|  |TAMS 0x00000000c2000000, 0x00000000c2000000| Untracked 
|  35|0x00000000c3000000, 0x00000000c3000000, 0x00000000c4000000|  0%| F|  |TAMS 0x00000000c3000000, 0x00000000c3000000| Untracked 
|  36|0x00000000c4000000, 0x00000000c4000000, 0x00000000c5000000|  0%| F|  |TAMS 0x00000000c4000000, 0x00000000c4000000| Untracked 
|  37|0x00000000c5000000, 0x00000000c5000000, 0x00000000c6000000|  0%| F|  |TAMS 0x00000000c5000000, 0x00000000c5000000| Untracked 
|  38|0x00000000c6000000, 0x00000000c6000000, 0x00000000c7000000|  0%| F|  |TAMS 0x00000000c6000000, 0x00000000c6000000| Untracked 
|  39|0x00000000c7000000, 0x00000000c7000000, 0x00000000c8000000|  0%| F|  |TAMS 0x00000000c7000000, 0x00000000c7000000| Untracked 
|  40|0x00000000c8000000, 0x00000000c8000000, 0x00000000c9000000|  0%| F|  |TAMS 0x00000000c8000000, 0x00000000c8000000| Untracked 
|  41|0x00000000c9000000, 0x00000000c9000000, 0x00000000ca000000|  0%| F|  |TAMS 0x00000000c9000000, 0x00000000c9000000| Untracked 
|  42|0x00000000ca000000, 0x00000000ca000000, 0x00000000cb000000|  0%| F|  |TAMS 0x00000000ca000000, 0x00000000ca000000| Untracked 
|  43|0x00000000cb000000, 0x00000000cb000000, 0x00000000cc000000|  0%| F|  |TAMS 0x00000000cb000000, 0x00000000cb000000| Untracked 
|  44|0x00000000cc000000, 0x00000000cc000000, 0x00000000cd000000|  0%| F|  |TAMS 0x00000000cc000000, 0x00000000cc000000| Untracked 
|  45|0x00000000cd000000, 0x00000000cd000000, 0x00000000ce000000|  0%| F|  |TAMS 0x00000000cd000000, 0x00000000cd000000| Untracked 
|  46|0x00000000ce000000, 0x00000000ce000000, 0x00000000cf000000|  0%| F|  |TAMS 0x00000000ce000000, 0x00000000ce000000| Untracked 
|  47|0x00000000cf000000, 0x00000000cf000000, 0x00000000d0000000|  0%| F|  |TAMS 0x00000000cf000000, 0x00000000cf000000| Untracked 
|  48|0x00000000d0000000, 0x00000000d0000000, 0x00000000d1000000|  0%| F|  |TAMS 0x00000000d0000000, 0x00000000d0000000| Untracked 
|  49|0x00000000d1000000, 0x00000000d1000000, 0x00000000d2000000|  0%| F|  |TAMS 0x00000000d1000000, 0x00000000d1000000| Untracked 
|  50|0x00000000d2000000, 0x00000000d2000000, 0x00000000d3000000|  0%| F|  |TAMS 0x00000000d2000000, 0x00000000d2000000| Untracked 
|  51|0x00000000d3000000, 0x00000000d3000000, 0x00000000d4000000|  0%| F|  |TAMS 0x00000000d3000000, 0x00000000d3000000| Untracked 
|  52|0x00000000d4000000, 0x00000000d4000000, 0x00000000d5000000|  0%| F|  |TAMS 0x00000000d4000000, 0x00000000d4000000| Untracked 
|  53|0x00000000d5000000, 0x00000000d5000000, 0x00000000d6000000|  0%| F|  |TAMS 0x00000000d5000000, 0x00000000d5000000| Untracked 
|  54|0x00000000d6000000, 0x00000000d6000000, 0x00000000d7000000|  0%| F|  |TAMS 0x00000000d6000000, 0x00000000d6000000| Untracked 
|  55|0x00000000d7000000, 0x00000000d7000000, 0x00000000d8000000|  0%| F|  |TAMS 0x00000000d7000000, 0x00000000d7000000| Untracked 
|  56|0x00000000d8000000, 0x00000000d8000000, 0x00000000d9000000|  0%| F|  |TAMS 0x00000000d8000000, 0x00000000d8000000| Untracked 
|  57|0x00000000d9000000, 0x00000000d9000000, 0x00000000da000000|  0%| F|  |TAMS 0x00000000d9000000, 0x00000000d9000000| Untracked 
|  58|0x00000000da000000, 0x00000000da000000, 0x00000000db000000|  0%| F|  |TAMS 0x00000000da000000, 0x00000000da000000| Untracked 
|  59|0x00000000db000000, 0x00000000db000000, 0x00000000dc000000|  0%| F|  |TAMS 0x00000000db000000, 0x00000000db000000| Untracked 
|  60|0x00000000dc000000, 0x00000000dc000000, 0x00000000dd000000|  0%| F|  |TAMS 0x00000000dc000000, 0x00000000dc000000| Untracked 
|  61|0x00000000dd000000, 0x00000000dd000000, 0x00000000de000000|  0%| F|  |TAMS 0x00000000dd000000, 0x00000000dd000000| Untracked 
|  62|0x00000000de000000, 0x00000000de000000, 0x00000000df000000|  0%| F|  |TAMS 0x00000000de000000, 0x00000000de000000| Untracked 
|  63|0x00000000df000000, 0x00000000df000000, 0x00000000e0000000|  0%| F|  |TAMS 0x00000000df000000, 0x00000000df000000| Untracked 
|  64|0x00000000e0000000, 0x00000000e0000000, 0x00000000e1000000|  0%| F|  |TAMS 0x00000000e0000000, 0x00000000e0000000| Untracked 
|  65|0x00000000e1000000, 0x00000000e1000000, 0x00000000e2000000|  0%| F|  |TAMS 0x00000000e1000000, 0x00000000e1000000| Untracked 
|  66|0x00000000e2000000, 0x00000000e2000000, 0x00000000e3000000|  0%| F|  |TAMS 0x00000000e2000000, 0x00000000e2000000| Untracked 
|  67|0x00000000e3000000, 0x00000000e3000000, 0x00000000e4000000|  0%| F|  |TAMS 0x00000000e3000000, 0x00000000e3000000| Untracked 
|  68|0x00000000e4000000, 0x00000000e4000000, 0x00000000e5000000|  0%| F|  |TAMS 0x00000000e4000000, 0x00000000e4000000| Untracked 
|  69|0x00000000e5000000, 0x00000000e5000000, 0x00000000e6000000|  0%| F|  |TAMS 0x00000000e5000000, 0x00000000e5000000| Untracked 
|  70|0x00000000e6000000, 0x00000000e6000000, 0x00000000e7000000|  0%| F|  |TAMS 0x00000000e6000000, 0x00000000e6000000| Untracked 
|  71|0x00000000e7000000, 0x00000000e7000000, 0x00000000e8000000|  0%| F|  |TAMS 0x00000000e7000000, 0x00000000e7000000| Untracked 
|  72|0x00000000e8000000, 0x00000000e8000000, 0x00000000e9000000|  0%| F|  |TAMS 0x00000000e8000000, 0x00000000e8000000| Untracked 
|  73|0x00000000e9000000, 0x00000000e9000000, 0x00000000ea000000|  0%| F|  |TAMS 0x00000000e9000000, 0x00000000e9000000| Untracked 
|  74|0x00000000ea000000, 0x00000000ea000000, 0x00000000eb000000|  0%| F|  |TAMS 0x00000000ea000000, 0x00000000ea000000| Untracked 
|  75|0x00000000eb000000, 0x00000000eb000000, 0x00000000ec000000|  0%| F|  |TAMS 0x00000000eb000000, 0x00000000eb000000| Untracked 
|  76|0x00000000ec000000, 0x00000000ec000000, 0x00000000ed000000|  0%| F|  |TAMS 0x00000000ec000000, 0x00000000ec000000| Untracked 
|  77|0x00000000ed000000, 0x00000000ed000000, 0x00000000ee000000|  0%| F|  |TAMS 0x00000000ed000000, 0x00000000ed000000| Untracked 
|  78|0x00000000ee000000, 0x00000000ee000000, 0x00000000ef000000|  0%| F|  |TAMS 0x00000000ee000000, 0x00000000ee000000| Untracked 
|  79|0x00000000ef000000, 0x00000000ef000000, 0x00000000f0000000|  0%| F|  |TAMS 0x00000000ef000000, 0x00000000ef000000| Untracked 
|  80|0x00000000f0000000, 0x00000000f0000000, 0x00000000f1000000|  0%| F|  |TAMS 0x00000000f0000000, 0x00000000f0000000| Untracked 
|  81|0x00000000f1000000, 0x00000000f1000000, 0x00000000f2000000|  0%| F|  |TAMS 0x00000000f1000000, 0x00000000f1000000| Untracked 
|  82|0x00000000f2000000, 0x00000000f2000000, 0x00000000f3000000|  0%| F|  |TAMS 0x00000000f2000000, 0x00000000f2000000| Untracked 
|  83|0x00000000f3000000, 0x00000000f3000000, 0x00000000f4000000|  0%| F|  |TAMS 0x00000000f3000000, 0x00000000f3000000| Untracked 
|  84|0x00000000f4000000, 0x00000000f4000000, 0x00000000f5000000|  0%| F|  |TAMS 0x00000000f4000000, 0x00000000f4000000| Untracked 
|  85|0x00000000f5000000, 0x00000000f5000000, 0x00000000f6000000|  0%| F|  |TAMS 0x00000000f5000000, 0x00000000f5000000| Untracked 
|  86|0x00000000f6000000, 0x00000000f6000000, 0x00000000f7000000|  0%| F|  |TAMS 0x00000000f6000000, 0x00000000f6000000| Untracked 
|  87|0x00000000f7000000, 0x00000000f7000000, 0x00000000f8000000|  0%| F|  |TAMS 0x00000000f7000000, 0x00000000f7000000| Untracked 
|  88|0x00000000f8000000, 0x00000000f8000000, 0x00000000f9000000|  0%| F|  |TAMS 0x00000000f8000000, 0x00000000f8000000| Untracked 
|  89|0x00000000f9000000, 0x00000000f9000000, 0x00000000fa000000|  0%| F|  |TAMS 0x00000000f9000000, 0x00000000f9000000| Untracked 
|  90|0x00000000fa000000, 0x00000000fa000000, 0x00000000fb000000|  0%| F|  |TAMS 0x00000000fa000000, 0x00000000fa000000| Untracked 
|  91|0x00000000fb000000, 0x00000000fb000000, 0x00000000fc000000|  0%| F|  |TAMS 0x00000000fb000000, 0x00000000fb000000| Untracked 
|  92|0x00000000fc000000, 0x00000000fc000000, 0x00000000fd000000|  0%| F|  |TAMS 0x00000000fc000000, 0x00000000fc000000| Untracked 
|  93|0x00000000fd000000, 0x00000000fd000000, 0x00000000fe000000|  0%| F|  |TAMS 0x00000000fd000000, 0x00000000fd000000| Untracked 
|  94|0x00000000fe000000, 0x00000000fe000000, 0x00000000ff000000|  0%| F|  |TAMS 0x00000000fe000000, 0x00000000fe000000| Untracked 
|  95|0x00000000ff000000, 0x00000000ff000000, 0x0000000100000000|  0%| F|  |TAMS 0x00000000ff000000, 0x00000000ff000000| Untracked 
|  96|0x0000000100000000, 0x0000000100000000, 0x0000000101000000|  0%| F|  |TAMS 0x0000000100000000, 0x0000000100000000| Untracked 
|  97|0x0000000101000000, 0x0000000101000000, 0x0000000102000000|  0%| F|  |TAMS 0x0000000101000000, 0x0000000101000000| Untracked 
|  98|0x0000000102000000, 0x0000000102000000, 0x0000000103000000|  0%| F|  |TAMS 0x0000000102000000, 0x0000000102000000| Untracked 
|  99|0x0000000103000000, 0x0000000103000000, 0x0000000104000000|  0%| F|  |TAMS 0x0000000103000000, 0x0000000103000000| Untracked 
| 100|0x0000000104000000, 0x0000000104000000, 0x0000000105000000|  0%| F|  |TAMS 0x0000000104000000, 0x0000000104000000| Untracked 
| 101|0x0000000105000000, 0x0000000105000000, 0x0000000106000000|  0%| F|  |TAMS 0x0000000105000000, 0x0000000105000000| Untracked 
| 102|0x0000000106000000, 0x0000000106000000, 0x0000000107000000|  0%| F|  |TAMS 0x0000000106000000, 0x0000000106000000| Untracked 
| 103|0x0000000107000000, 0x0000000107000000, 0x0000000108000000|  0%| F|  |TAMS 0x0000000107000000, 0x0000000107000000| Untracked 
| 104|0x0000000108000000, 0x0000000108000000, 0x0000000109000000|  0%| F|  |TAMS 0x0000000108000000, 0x0000000108000000| Untracked 
| 105|0x0000000109000000, 0x0000000109000000, 0x000000010a000000|  0%| F|  |TAMS 0x0000000109000000, 0x0000000109000000| Untracked 
| 106|0x000000010a000000, 0x000000010a000000, 0x000000010b000000|  0%| F|  |TAMS 0x000000010a000000, 0x000000010a000000| Untracked 
| 107|0x000000010b000000, 0x000000010b000000, 0x000000010c000000|  0%| F|  |TAMS 0x000000010b000000, 0x000000010b000000| Untracked 
| 108|0x000000010c000000, 0x000000010c000000, 0x000000010d000000|  0%| F|  |TAMS 0x000000010c000000, 0x000000010c000000| Untracked 
| 109|0x000000010d000000, 0x000000010d000000, 0x000000010e000000|  0%| F|  |TAMS 0x000000010d000000, 0x000000010d000000| Untracked 
| 110|0x000000010e000000, 0x000000010e000000, 0x000000010f000000|  0%| F|  |TAMS 0x000000010e000000, 0x000000010e000000| Untracked 
| 111|0x000000010f000000, 0x000000010f000000, 0x0000000110000000|  0%| F|  |TAMS 0x000000010f000000, 0x000000010f000000| Untracked 
| 112|0x0000000110000000, 0x0000000110000000, 0x0000000111000000|  0%| F|  |TAMS 0x0000000110000000, 0x0000000110000000| Untracked 
| 113|0x0000000111000000, 0x0000000111000000, 0x0000000112000000|  0%| F|  |TAMS 0x0000000111000000, 0x0000000111000000| Untracked 
| 114|0x0000000112000000, 0x0000000112000000, 0x0000000113000000|  0%| F|  |TAMS 0x0000000112000000, 0x0000000112000000| Untracked 
| 115|0x0000000113000000, 0x0000000113000000, 0x0000000114000000|  0%| F|  |TAMS 0x0000000113000000, 0x0000000113000000| Untracked 
| 116|0x0000000114000000, 0x0000000114000000, 0x0000000115000000|  0%| F|  |TAMS 0x0000000114000000, 0x0000000114000000| Untracked 
| 117|0x0000000115000000, 0x0000000115000000, 0x0000000116000000|  0%| F|  |TAMS 0x0000000115000000, 0x0000000115000000| Untracked 
| 118|0x0000000116000000, 0x0000000116000000, 0x0000000117000000|  0%| F|  |TAMS 0x0000000116000000, 0x0000000116000000| Untracked 
| 119|0x0000000117000000, 0x0000000117000000, 0x0000000118000000|  0%| F|  |TAMS 0x0000000117000000, 0x0000000117000000| Untracked 
| 120|0x0000000118000000, 0x0000000118000000, 0x0000000119000000|  0%| F|  |TAMS 0x0000000118000000, 0x0000000118000000| Untracked 
| 121|0x0000000119000000, 0x0000000119000000, 0x000000011a000000|  0%| F|  |TAMS 0x0000000119000000, 0x0000000119000000| Untracked 
| 122|0x000000011a000000, 0x000000011a000000, 0x000000011b000000|  0%| F|  |TAMS 0x000000011a000000, 0x000000011a000000| Untracked 
| 123|0x000000011b000000, 0x000000011b000000, 0x000000011c000000|  0%| F|  |TAMS 0x000000011b000000, 0x000000011b000000| Untracked 
| 124|0x000000011c000000, 0x000000011c000000, 0x000000011d000000|  0%| F|  |TAMS 0x000000011c000000, 0x000000011c000000| Untracked 
| 125|0x000000011d000000, 0x000000011d000000, 0x000000011e000000|  0%| F|  |TAMS 0x000000011d000000, 0x000000011d000000| Untracked 
| 126|0x000000011e000000, 0x000000011e3d8230, 0x000000011f000000| 24%| E|  |TAMS 0x000000011e000000, 0x000000011e000000| Complete 
| 127|0x000000011f000000, 0x0000000120000000, 0x0000000120000000|100%| E|CS|TAMS 0x000000011f000000, 0x000000011f000000| Complete 

Card table byte_map: [0x000001a44f7b0000,0x000001a4532b0000] _byte_map_base: 0x000001a44f2b0000

Marking Bits (Prev, Next): (CMBitMap*) 0x000001a433e1ca20, (CMBitMap*) 0x000001a433e1ca60
 Prev Bits: [0x000001a456db0000, 0x000001a4745b0000)
 Next Bits: [0x000001a400000000, 0x000001a41d800000)

Polling page: 0x000001a431d50000

Metaspace:

Usage:
  Non-class:      2.55 MB used.
      Class:    168.12 KB used.
       Both:      2.72 MB used.

Virtual space:
  Non-class space:       64.00 MB reserved,       2.62 MB (  4%) committed,  1 nodes.
      Class space:        1.00 GB reserved,     256.00 KB ( <1%) committed,  1 nodes.
             Both:        1.06 GB reserved,       2.88 MB ( <1%) committed. 

Chunk freelists:
   Non-Class:  2.86 MB
       Class:  3.67 MB
        Both:  6.53 MB

MaxMetaspaceSize: unlimited
CompressedClassSpaceSize: 1.00 GB
Initial GC threshold: 21.00 MB
Current GC threshold: 21.00 MB
CDS: on
MetaspaceReclaimPolicy: balanced
 - commit_granule_bytes: 65536.
 - commit_granule_words: 8192.
 - virtual_space_node_default_size: 8388608.
 - enlarge_chunks_in_place: 1.
 - new_chunks_are_fully_committed: 0.
 - uncommit_free_chunks: 1.
 - use_allocation_guard: 0.


Internal statistics:

num_allocs_failed_limit: 0.
num_arena_births: 16.
num_arena_deaths: 0.
num_vsnodes_births: 2.
num_vsnodes_deaths: 0.
num_space_committed: 44.
num_space_uncommitted: 0.
num_chunks_returned_to_freelist: 0.
num_chunks_taken_from_freelist: 64.
num_chunk_merges: 0.
num_chunk_splits: 37.
num_chunks_enlarged: 32.
num_inconsistent_stats: 0.

CodeHeap 'non-profiled nmethods': size=119168Kb used=141Kb max_used=141Kb free=119026Kb
 bounds [0x000001a443870000, 0x000001a443ae0000, 0x000001a44acd0000]
CodeHeap 'profiled nmethods': size=119104Kb used=845Kb max_used=845Kb free=118258Kb
 bounds [0x000001a43bcd0000, 0x000001a43bf40000, 0x000001a443120000]
CodeHeap 'non-nmethods': size=7488Kb used=2976Kb max_used=2984Kb free=4511Kb
 bounds [0x000001a443120000, 0x000001a443410000, 0x000001a443870000]
 total_blobs=1085 nmethods=572 adapters=421
 compilation: enabled
              stopped_count=0, restarted_count=0
 full_count=0

Compilation events (20 events):
Event: 0.285 Thread 0x000001a47c4416b0  566       1       java.nio.HeapByteBuffer::isDirect (2 bytes)
Event: 0.285 Thread 0x000001a47c4416b0 nmethod 566 0x000001a443892e90 code [0x000001a443893020, 0x000001a4438930f8]
Event: 0.285 Thread 0x000001a477b3f290 nmethod 561 0x000001a43bd9cc10 code [0x000001a43bd9ce60, 0x000001a43bd9d6f8]
Event: 0.285 Thread 0x000001a477b3f290  567   !   3       java.util.zip.ZipFile$ZipFileInputStream::close (59 bytes)
Event: 0.285 Thread 0x000001a47c4416b0  568       3       java.util.Collections$SetFromMap::remove (19 bytes)
Event: 0.285 Thread 0x000001a47c6f44a0 nmethod 563 0x000001a43bd9da10 code [0x000001a43bd9dca0, 0x000001a43bd9e778]
Event: 0.285 Thread 0x000001a47c6f44a0  569       3       java.util.WeakHashMap::remove (131 bytes)
Event: 0.285 Thread 0x000001a477c62ed0 nmethod 564 0x000001a43bd9ec10 code [0x000001a43bd9ee80, 0x000001a43bd9f9f8]
Event: 0.286 Thread 0x000001a47c4416b0 nmethod 568 0x000001a43bd9ff10 code [0x000001a43bda00c0, 0x000001a43bda02e8]
Event: 0.286 Thread 0x000001a477b3f290 nmethod 567 0x000001a43bda0390 code [0x000001a43bda0560, 0x000001a43bda08e8]
Event: 0.286 Thread 0x000001a477b3f290  570       3       java.io.WinNTFileSystem::isLetter (30 bytes)
Event: 0.286 Thread 0x000001a477b3f290 nmethod 570 0x000001a43bda0b10 code [0x000001a43bda0cc0, 0x000001a43bda0ed8]
Event: 0.286 Thread 0x000001a47c6f44a0 nmethod 569 0x000001a43bda0f90 code [0x000001a43bda11e0, 0x000001a43bda1d78]
Event: 0.286 Thread 0x000001a47c6c57f0 nmethod 565 0x000001a443893190 code [0x000001a443893320, 0x000001a443893498]
Event: 0.286 Thread 0x000001a477b3f290  571       3       java.lang.String::getChars (54 bytes)
Event: 0.286 Thread 0x000001a47c6f44a0  572       3       java.lang.StringLatin1::getChars (12 bytes)
Event: 0.287 Thread 0x000001a47c6f44a0 nmethod 572 0x000001a43bda2190 code [0x000001a43bda2340, 0x000001a43bda2468]
Event: 0.287 Thread 0x000001a477b3f290 nmethod 571 0x000001a43bda2510 code [0x000001a43bda2740, 0x000001a43bda2e78]
Event: 0.288 Thread 0x000001a47c4416b0  573       3       java.util.zip.ZipUtils::CENSIZ (9 bytes)
Event: 0.288 Thread 0x000001a47c4416b0 nmethod 573 0x000001a43bda3190 code [0x000001a43bda3340, 0x000001a43bda3618]

GC Heap History (0 events):
No events

Dll operation events (10 events):
Event: 0.005 Loaded shared library C:\Program Files\Java\jdk-19\bin\java.dll
Event: 0.016 Loaded shared library C:\Program Files\Java\jdk-19\bin\jsvml.dll
Event: 0.049 Loaded shared library C:\Program Files\Java\jdk-19\bin\net.dll
Event: 0.050 Loaded shared library C:\Program Files\Java\jdk-19\bin\nio.dll
Event: 0.051 Loaded shared library C:\Program Files\Java\jdk-19\bin\zip.dll
Event: 0.056 Loaded shared library C:\Program Files\Java\jdk-19\bin\verify.dll
Event: 0.065 Loaded shared library C:\Users\Chris Combs\eclipse-workspace\Opencraft1.0\natives\lwjgl64.dll
Event: 0.249 Loaded shared library C:\Program Files\Java\jdk-19\bin\jimage.dll
Event: 0.267 Loaded shared library C:\Program Files\Java\jdk-19\bin\awt.dll
Event: 0.285 Loaded shared library C:\Users\Chris Combs\eclipse-workspace\Opencraft1.0\natives\freetype-jni-64.dll

Deoptimization events (20 events):
Event: 0.280 Thread 0x000001a433d6ee40 DEOPT PACKING pc=0x000001a43bd91e4a sp=0x00000079518fee80
Event: 0.280 Thread 0x000001a433d6ee40 DEOPT UNPACKING pc=0x000001a443187543 sp=0x00000079518fe310 mode 0
Event: 0.280 Thread 0x000001a433d6ee40 DEOPT PACKING pc=0x000001a43bd91e4a sp=0x00000079518fee80
Event: 0.280 Thread 0x000001a433d6ee40 DEOPT UNPACKING pc=0x000001a443187543 sp=0x00000079518fe310 mode 0
Event: 0.280 Thread 0x000001a433d6ee40 DEOPT PACKING pc=0x000001a43bd91e4a sp=0x00000079518fee80
Event: 0.280 Thread 0x000001a433d6ee40 DEOPT UNPACKING pc=0x000001a443187543 sp=0x00000079518fe310 mode 0
Event: 0.280 Thread 0x000001a433d6ee40 DEOPT PACKING pc=0x000001a43bd91e4a sp=0x00000079518fee80
Event: 0.280 Thread 0x000001a433d6ee40 DEOPT UNPACKING pc=0x000001a443187543 sp=0x00000079518fe310 mode 0
Event: 0.280 Thread 0x000001a433d6ee40 DEOPT PACKING pc=0x000001a43bd91e4a sp=0x00000079518fee80
Event: 0.280 Thread 0x000001a433d6ee40 DEOPT UNPACKING pc=0x000001a443187543 sp=0x00000079518fe310 mode 0
Event: 0.280 Thread 0x000001a433d6ee40 DEOPT PACKING pc=0x000001a43bd91e4a sp=0x00000079518fee80
Event: 0.280 Thread 0x000001a433d6ee40 DEOPT UNPACKING pc=0x000001a443187543 sp=0x00000079518fe310 mode 0
Event: 0.280 Thread 0x000001a433d6ee40 DEOPT PACKING pc=0x000001a43bd91e4a sp=0x00000079518fee80
Event: 0.280 Thread 0x000001a433d6ee40 DEOPT UNPACKING pc=0x000001a443187543 sp=0x00000079518fe310 mode 0
Event: 0.280 Thread 0x000001a433d6ee40 DEOPT PACKING pc=0x000001a43bd91e4a sp=0x00000079518fee80
Event: 0.280 Thread 0x000001a433d6ee40 DEOPT UNPACKING pc=0x000001a443187543 sp=0x00000079518fe310 mode 0
Event: 0.280 Thread 0x000001a433d6ee40 DEOPT PACKING pc=0x000001a43bd91e4a sp=0x00000079518fee80
Event: 0.280 Thread 0x000001a433d6ee40 DEOPT UNPACKING pc=0x000001a443187543 sp=0x00000079518fe310 mode 0
Event: 0.285 Thread 0x000001a433d6ee40 DEOPT PACKING pc=0x000001a43bcd94d1 sp=0x00000079518fe690
Event: 0.285 Thread 0x000001a433d6ee40 DEOPT UNPACKING pc=0x000001a443187543 sp=0x00000079518fdb08 mode 0

Classes loaded (20 events):
Event: 0.287 Loading class java/nio/channels/NetworkChannel
Event: 0.287 Loading class java/nio/channels/NetworkChannel done
Event: 0.287 Loading class java/nio/channels/spi/AbstractSelectableChannel
Event: 0.287 Loading class java/nio/channels/SelectableChannel
Event: 0.287 Loading class java/nio/channels/SelectableChannel done
Event: 0.287 Loading class java/nio/channels/spi/AbstractSelectableChannel done
Event: 0.287 Loading class java/nio/channels/SocketChannel done
Event: 0.287 Loading class sun/nio/ch/SocketChannelImpl done
Event: 0.287 Loading class sun/nio/ch/ChannelInputStream
Event: 0.287 Loading class sun/nio/ch/ChannelInputStream done
Event: 0.287 Loading class sun/nio/ch/NativeThread
Event: 0.287 Loading class sun/nio/ch/NativeThread done
Event: 0.287 Loading class sun/nio/ch/IOStatus
Event: 0.287 Loading class sun/nio/ch/IOStatus done
Event: 0.287 Loading class sun/nio/ch/Util
Event: 0.288 Loading class sun/nio/ch/Util done
Event: 0.288 Loading class sun/nio/ch/Util$1
Event: 0.288 Loading class sun/nio/ch/Util$1 done
Event: 0.288 Loading class sun/nio/ch/Util$BufferCache
Event: 0.288 Loading class sun/nio/ch/Util$BufferCache done

Classes unloaded (0 events):
No events

Classes redefined (0 events):
No events

Internal exceptions (1 events):
Event: 0.176 Thread 0x000001a433d6ee40 Exception <a 'java/lang/NoSuchMethodError'{0x000000011f1d79c8}: 'int java.lang.invoke.Invokers$Holder.invokeExact_MT(java.lang.Object, java.lang.Object)'> (0x000000011f1d79c8) 
thrown [s\open\src\hotspot\share\interpreter\linkResolver.cpp, line 774]

VM Operations (4 events):
Event: 0.054 Executing VM operation: HandshakeAllThreads
Event: 0.054 Executing VM operation: HandshakeAllThreads done
Event: 0.263 Executing VM operation: HandshakeAllThreads
Event: 0.263 Executing VM operation: HandshakeAllThreads done

Events (16 events):
Event: 0.016 Thread 0x000001a433d6ee40 Thread added: 0x000001a433d6ee40
Event: 0.026 Thread 0x000001a477b1ffa0 Thread added: 0x000001a477b1ffa0
Event: 0.026 Thread 0x000001a477b208d0 Thread added: 0x000001a477b208d0
Event: 0.026 Thread 0x000001a477b26590 Thread added: 0x000001a477b26590
Event: 0.026 Thread 0x000001a477b26ec0 Thread added: 0x000001a477b26ec0
Event: 0.026 Thread 0x000001a477b2f870 Thread added: 0x000001a477b2f870
Event: 0.026 Thread 0x000001a477b2bc00 Thread added: 0x000001a477b2bc00
Event: 0.026 Thread 0x000001a477b2d270 Thread added: 0x000001a477b2d270
Event: 0.026 Thread 0x000001a477b3f290 Thread added: 0x000001a477b3f290
Event: 0.026 Thread 0x000001a477b4c430 Thread added: 0x000001a477b4c430
Event: 0.041 Thread 0x000001a477c62ed0 Thread added: 0x000001a477c62ed0
Event: 0.043 Thread 0x000001a477c7c190 Thread added: 0x000001a477c7c190
Event: 0.045 Thread 0x000001a477c81b80 Thread added: 0x000001a477c81b80
Event: 0.178 Thread 0x000001a47c4416b0 Thread added: 0x000001a47c4416b0
Event: 0.215 Thread 0x000001a47c6f44a0 Thread added: 0x000001a47c6f44a0
Event: 0.223 Thread 0x000001a47c6c57f0 Thread added: 0x000001a47c6c57f0


Dynamic libraries:
0x00007ff65f210000 - 0x00007ff65f220000 	C:\Program Files\Java\jdk-19\bin\javaw.exe
0x00007ff8a3bb0000 - 0x00007ff8a3dc4000 	C:\WINDOWS\SYSTEM32\ntdll.dll
0x00007ff8a2960000 - 0x00007ff8a2a22000 	C:\WINDOWS\System32\KERNEL32.DLL
0x00007ff8a1240000 - 0x00007ff8a15e3000 	C:\WINDOWS\System32\KERNELBASE.dll
0x00007ff8a15f0000 - 0x00007ff8a1701000 	C:\WINDOWS\System32\ucrtbase.dll
0x00007ff89c510000 - 0x00007ff89c528000 	C:\Program Files\Java\jdk-19\bin\jli.dll
0x00007ff8a33e0000 - 0x00007ff8a348e000 	C:\WINDOWS\System32\ADVAPI32.dll
0x00007ff87afe0000 - 0x00007ff87affb000 	C:\Program Files\Java\jdk-19\bin\VCRUNTIME140.dll
0x00007ff8a2700000 - 0x00007ff8a27a7000 	C:\WINDOWS\System32\msvcrt.dll
0x00007ff8a1be0000 - 0x00007ff8a1c84000 	C:\WINDOWS\System32\sechost.dll
0x00007ff8a1ce0000 - 0x00007ff8a1df7000 	C:\WINDOWS\System32\RPCRT4.dll
0x00007ff8a27b0000 - 0x00007ff8a295a000 	C:\WINDOWS\System32\USER32.dll
0x00007ff8a0fb0000 - 0x00007ff8a0fd6000 	C:\WINDOWS\System32\win32u.dll
0x00007ff892870000 - 0x00007ff892afe000 	C:\WINDOWS\WinSxS\amd64_microsoft.windows.common-controls_6595b64144ccf1df_6.0.22621.1635_none_270f70857386168e\COMCTL32.dll
0x00007ff8a1990000 - 0x00007ff8a19b9000 	C:\WINDOWS\System32\GDI32.dll
0x00007ff8a1870000 - 0x00007ff8a1989000 	C:\WINDOWS\System32\gdi32full.dll
0x00007ff8a17d0000 - 0x00007ff8a186a000 	C:\WINDOWS\System32\msvcp_win.dll
0x00007ff899d10000 - 0x00007ff899d1a000 	C:\WINDOWS\SYSTEM32\VERSION.dll
0x00007ff8a2ee0000 - 0x00007ff8a2f11000 	C:\WINDOWS\System32\IMM32.DLL
0x00007ff888390000 - 0x00007ff88839c000 	C:\Program Files\Java\jdk-19\bin\vcruntime140_1.dll
0x00007ff84bab0000 - 0x00007ff84bb3e000 	C:\Program Files\Java\jdk-19\bin\msvcp140.dll
0x00007ff879360000 - 0x00007ff87a020000 	C:\Program Files\Java\jdk-19\bin\server\jvm.dll
0x00007ff84cb50000 - 0x00007ff84cb59000 	C:\WINDOWS\SYSTEM32\WSOCK32.dll
0x00007ff894e40000 - 0x00007ff894e74000 	C:\WINDOWS\SYSTEM32\WINMM.dll
0x00007ff8a2a50000 - 0x00007ff8a2ac1000 	C:\WINDOWS\System32\WS2_32.dll
0x00007ff89fff0000 - 0x00007ff8a0008000 	C:\WINDOWS\SYSTEM32\kernel.appcore.dll
0x00007ff89b0a0000 - 0x00007ff89b0aa000 	C:\Program Files\Java\jdk-19\bin\jimage.dll
0x00007ff89e420000 - 0x00007ff89e64e000 	C:\WINDOWS\SYSTEM32\DBGHELP.DLL
0x00007ff8a2f20000 - 0x00007ff8a32a9000 	C:\WINDOWS\System32\combase.dll
0x00007ff8a1a20000 - 0x00007ff8a1af7000 	C:\WINDOWS\System32\OLEAUT32.dll
0x00007ff888300000 - 0x00007ff888332000 	C:\WINDOWS\SYSTEM32\dbgcore.DLL
0x00007ff8a1150000 - 0x00007ff8a11ca000 	C:\WINDOWS\System32\bcryptPrimitives.dll
0x00007ff87bd90000 - 0x00007ff87bdb6000 	C:\Program Files\Java\jdk-19\bin\java.dll
0x00007ff879280000 - 0x00007ff879357000 	C:\Program Files\Java\jdk-19\bin\jsvml.dll
0x00007ff8a1e00000 - 0x00007ff8a25f9000 	C:\WINDOWS\System32\SHELL32.dll
0x00007ff89efa0000 - 0x00007ff89f86e000 	C:\WINDOWS\SYSTEM32\windows.storage.dll
0x00007ff89ee60000 - 0x00007ff89ef9e000 	C:\WINDOWS\SYSTEM32\wintypes.dll
0x00007ff8a2600000 - 0x00007ff8a26f1000 	C:\WINDOWS\System32\SHCORE.dll
0x00007ff8a19c0000 - 0x00007ff8a1a1e000 	C:\WINDOWS\System32\shlwapi.dll
0x00007ff8a0ee0000 - 0x00007ff8a0f06000 	C:\WINDOWS\SYSTEM32\profapi.dll
0x00007ff89b080000 - 0x00007ff89b093000 	C:\Program Files\Java\jdk-19\bin\net.dll
0x00007ff899910000 - 0x00007ff899a47000 	C:\WINDOWS\SYSTEM32\WINHTTP.dll
0x00007ff8a0510000 - 0x00007ff8a0579000 	C:\WINDOWS\system32\mswsock.dll
0x00007ff87acd0000 - 0x00007ff87ace6000 	C:\Program Files\Java\jdk-19\bin\nio.dll
0x00007ff87ab40000 - 0x00007ff87ab58000 	C:\Program Files\Java\jdk-19\bin\zip.dll
0x00007ff8859c0000 - 0x00007ff8859d0000 	C:\Program Files\Java\jdk-19\bin\verify.dll
0x000001a433c80000 - 0x000001a433cd3000 	C:\Users\Chris Combs\eclipse-workspace\Opencraft1.0\natives\lwjgl64.dll
0x00007ff826560000 - 0x00007ff826660000 	C:\WINDOWS\SYSTEM32\OPENGL32.dll
0x00007ff826530000 - 0x00007ff82655d000 	C:\WINDOWS\SYSTEM32\GLU32.dll
0x00007ff89e2d0000 - 0x00007ff89e308000 	C:\WINDOWS\SYSTEM32\dxcore.dll
0x00007ff896d50000 - 0x00007ff896e0c000 	C:\WINDOWS\SYSTEM32\mscms.dll
0x00007ff8a3510000 - 0x00007ff8a35c0000 	C:\WINDOWS\System32\clbcatq.dll
0x00007ff878eb0000 - 0x00007ff878efe000 	C:\Windows\System32\Windows.Internal.Graphics.Display.DisplayColorManagement.dll
0x00007ff8a0ca0000 - 0x00007ff8a0cee000 	C:\WINDOWS\SYSTEM32\cfgmgr32.dll
0x00007ff89e120000 - 0x00007ff89e1cb000 	C:\WINDOWS\system32\uxtheme.dll
0x00007ff8a32b0000 - 0x00007ff8a33d7000 	C:\WINDOWS\System32\MSCTF.dll
0x00007ff89a520000 - 0x00007ff89a655000 	C:\Windows\System32\AppXDeploymentClient.dll
0x00007ff821c80000 - 0x00007ff8255b4000 	C:\WINDOWS\System32\DriverStore\FileRepository\nvdd.inf_amd64_ad96858edfdf0915\nvoglv64.dll
0x00007ff8a36f0000 - 0x00007ff8a3b64000 	C:\WINDOWS\System32\SETUPAPI.dll
0x00007ff8a2d40000 - 0x00007ff8a2edc000 	C:\WINDOWS\System32\ole32.dll
0x00007ff8a0960000 - 0x00007ff8a0988000 	C:\WINDOWS\SYSTEM32\bcrypt.dll
0x00007ff89df30000 - 0x00007ff89df44000 	C:\WINDOWS\SYSTEM32\WTSAPI32.dll
0x00007ff8a0c50000 - 0x00007ff8a0c62000 	C:\WINDOWS\SYSTEM32\msasn1.dll
0x00007ff8983f0000 - 0x00007ff898422000 	C:\WINDOWS\SYSTEM32\cryptnet.dll
0x00007ff8a0fe0000 - 0x00007ff8a1147000 	C:\WINDOWS\System32\CRYPT32.dll
0x00007ff8981b0000 - 0x00007ff898310000 	C:\WINDOWS\SYSTEM32\drvstore.dll
0x00007ff8a0c70000 - 0x00007ff8a0c9c000 	C:\WINDOWS\SYSTEM32\devobj.dll
0x00007ff8a0870000 - 0x00007ff8a08b6000 	C:\WINDOWS\SYSTEM32\wldp.dll
0x00007ff8a07e0000 - 0x00007ff8a07ec000 	C:\WINDOWS\SYSTEM32\cryptbase.dll
0x00007ff8a11d0000 - 0x00007ff8a123b000 	C:\WINDOWS\System32\WINTRUST.dll
0x00007ff8a0010000 - 0x00007ff8a0044000 	C:\WINDOWS\SYSTEM32\ntmarta.dll
0x00007ff89e830000 - 0x00007ff89e85b000 	C:\WINDOWS\SYSTEM32\dwmapi.dll
0x00007ff8a0580000 - 0x00007ff8a05cd000 	C:\WINDOWS\SYSTEM32\powrprof.dll
0x00007ff8a04f0000 - 0x00007ff8a0503000 	C:\WINDOWS\SYSTEM32\UMPDC.dll
0x00007ff8a0140000 - 0x00007ff8a01a6000 	C:\WINDOWS\SYSTEM32\WINSTA.dll
0x00007ff884070000 - 0x00007ff88419d000 	C:\WINDOWS\SYSTEM32\textinputframework.dll
0x00007ff89db40000 - 0x00007ff89dc73000 	C:\WINDOWS\SYSTEM32\CoreMessaging.dll
0x00007ff899090000 - 0x00007ff8993fc000 	C:\WINDOWS\SYSTEM32\CoreUIComponents.dll
0x00007ff8155a0000 - 0x00007ff8155e9000 	C:\WINDOWS\SYSTEM32\icm32.dll
0x00007ff84b910000 - 0x00007ff84baa1000 	C:\Program Files\Java\jdk-19\bin\awt.dll
0x00007ff89df50000 - 0x00007ff89dfe7000 	C:\WINDOWS\SYSTEM32\apphelp.dll
0x00007ff84b7c0000 - 0x00007ff84b90e000 	C:\Users\Chris Combs\eclipse-workspace\Opencraft1.0\natives\freetype-jni-64.dll
0x00007ff878770000 - 0x00007ff87879b000 	C:\WINDOWS\SYSTEM32\VCRUNTIME140D.dll
0x00007ff84b5a0000 - 0x00007ff84b7bf000 	C:\WINDOWS\SYSTEM32\ucrtbased.dll

dbghelp: loaded successfully - version: 4.0.5 - missing functions: none
symbol engine: initialized successfully - sym options: 0x614 - pdb path: .;C:\Program Files\Java\jdk-19\bin;C:\WINDOWS\SYSTEM32;C:\WINDOWS\WinSxS\amd64_microsoft.windows.common-controls_6595b64144ccf1df_6.0.22621.1635_none_270f70857386168e;C:\Program Files\Java\jdk-19\bin\server;C:\Users\Chris Combs\eclipse-workspace\Opencraft1.0\natives;C:\WINDOWS\System32\DriverStore\FileRepository\nvdd.inf_amd64_ad96858edfdf0915

VM Arguments:
jvm_args: -Djava.library.path=C:\Users\Chris Combs\eclipse-workspace\Opencraft1.0\natives -Dfile.encoding=UTF-8 -XX:+ShowCodeDetailsInExceptionMessages 
java_command: opencraft.Main
java_class_path (initial): C:\Users\Chris Combs\eclipse-workspace\Opencraft1.0\bin;C:\Users\Chris Combs\eclipse-workspace\Opencraft1.0\libs\AppleJavaExtensions.jar;C:\Users\Chris Combs\eclipse-workspace\Opencraft1.0\libs\asm-debug-all.jar;C:\Users\Chris Combs\eclipse-workspace\Opencraft1.0\libs\jinput.jar;C:\Users\Chris Combs\eclipse-workspace\Opencraft1.0\libs\laf-plugin-7.2.1.jar;C:\Users\Chris Combs\eclipse-workspace\Opencraft1.0\libs\laf-widget-7.2.1.jar;C:\Users\Chris Combs\eclipse-workspace\Opencraft1.0\libs\log4j-api-2.0-beta9.jar;C:\Users\Chris Combs\eclipse-workspace\Opencraft1.0\libs\lwjgl_test.jar;C:\Users\Chris Combs\eclipse-workspace\Opencraft1.0\libs\lwjgl_util_applet.jar;C:\Users\Chris Combs\eclipse-workspace\Opencraft1.0\libs\lwjgl_util.jar;C:\Users\Chris Combs\eclipse-workspace\Opencraft1.0\libs\lwjgl.jar;C:\Users\Chris Combs\eclipse-workspace\Opencraft1.0\libs\lwjgl-debug.jar;C:\Users\Chris Combs\eclipse-workspace\Opencraft1.0\libs\lzma.jar;C:\Users\Chris Combs\eclipse-workspace\Opencraft1.0\libs\substance-7.2.1.jar;C:\Users\Chris Combs\eclipse-workspace\Opencraft1.0\libs\trident-7.2.1.jar;C:\Users\Chris Combs\eclipse-workspace\Opencraft1.0\libs\slick-util.jar;C:\Users\Chris Combs\eclipse-workspace\Opencraft1.0\libs\TWL-LWJGL2.jar;C:\Users\Chris Combs\eclipse-workspace\Opencraft1.0\libs\freetype-jni.jar
Launcher Type: SUN_STANDARD

[Global flags]
     intx CICompilerCount                          = 12                                        {product} {ergonomic}
     uint ConcGCThreads                            = 5                                         {product} {ergonomic}
     uint G1ConcRefinementThreads                  = 18                                        {product} {ergonomic}
   size_t G1HeapRegionSize                         = 16777216                                  {product} {ergonomic}
    uintx GCDrainStackTargetSize                   = 64                                        {product} {ergonomic}
   size_t InitialHeapSize                          = 2147483648                                {product} {ergonomic}
   size_t MarkStackSize                            = 4194304                                   {product} {ergonomic}
   size_t MaxHeapSize                              = 31675383808                               {product} {ergonomic}
   size_t MaxNewSize                               = 18991808512                               {product} {ergonomic}
   size_t MinHeapDeltaBytes                        = 16777216                                  {product} {ergonomic}
   size_t MinHeapSize                              = 16777216                                  {product} {ergonomic}
    uintx NonNMethodCodeHeapSize                   = 7602480                                {pd product} {ergonomic}
    uintx NonProfiledCodeHeapSize                  = 122027880                              {pd product} {ergonomic}
    uintx ProfiledCodeHeapSize                     = 122027880                              {pd product} {ergonomic}
    uintx ReservedCodeCacheSize                    = 251658240                              {pd product} {ergonomic}
     bool SegmentedCodeCache                       = true                                      {product} {ergonomic}
     bool ShowCodeDetailsInExceptionMessages       = true                                   {manageable} {command line}
   size_t SoftMaxHeapSize                          = 31675383808                            {manageable} {ergonomic}
     bool UseCompressedClassPointers               = true                           {product lp64_product} {ergonomic}
     bool UseCompressedOops                        = true                           {product lp64_product} {ergonomic}
     bool UseG1GC                                  = true                                      {product} {ergonomic}
     bool UseLargePagesIndividualAllocation        = false                                  {pd product} {ergonomic}

Logging:
Log output configuration:
 #0: stdout all=warning uptime,level,tags foldmultilines=false
 #1: stderr all=off uptime,level,tags foldmultilines=false

Environment Variables:
PATH=C:/Program Files/Java/jdk-19/bin/server;C:/Program Files/Java/jdk-19/bin;C:\Ruby32-x64\bin;C:\Program Files (x86)\Razer Chroma SDK\bin;C:\Program Files\Razer Chroma SDK\bin;C:\Program Files\Oculus\Support\oculus-runtime;C:\Program Files\Common Files\Oracle\Java\javapath;C:\Program Files (x86)\Razer\ChromaBroadcast\bin;C:\Program Files\Razer\ChromaBroadcast\bin;C:\WINDOWS\system32;C:\WINDOWS;C:\WINDOWS\System32\Wbem;C:\WINDOWS\System32\WindowsPowerShell\v1.0\;C:\WINDOWS\System32\OpenSSH\;C:\WINDOWS\system32\config\systemprofile\AppData\Local\Microsoft\WindowsApps;C:\Program Files\nodejs\;C:\Program Files\Microsoft SQL Server\130\Tools\Binn\;C:\Program Files\Microsoft SQL Server\Client SDK\ODBC\170\Tools\Binn\;C:\Program Files\dotnet\;C:\Program Files\WorldPainter;C:\Users\Chris Combs\AppData\Local\Microsoft\WindowsApps;C:\Users\Chris Combs\AppData\Roaming\npm;C:\Users\Chris Combs\AppData\Local\atom\bin;C:\Users\Chris Combs\.dotnet\tools;C:\Users\Chris Combs\AppData\Local\GitHubDesktop\bin;C:\WINDOWS\system32;
USERNAME=Chris Combs
OS=Windows_NT
PROCESSOR_IDENTIFIER=Intel64 Family 6 Model 151 Stepping 2, GenuineIntel
TMP=C:\Users\CHRISC~1\AppData\Local\Temp
TEMP=C:\Users\CHRISC~1\AppData\Local\Temp



---------------  S Y S T E M  ---------------

OS:
 Windows 11 , 64 bit Build 22621 (10.0.22621.1928)
OS uptime: 0 days 2:33 hours

CPU: total 24 (initial active 24) (12 cores per cpu, 2 threads per core) family 6 model 151 stepping 2 microcode 0x23, cx8, cmov, fxsr, ht, mmx, 3dnowpref, sse, sse2, sse3, ssse3, sse4.1, sse4.2, popcnt, lzcnt, tsc, tscinvbit, avx, avx2, aes, erms, clmul, bmi1, bmi2, adx, sha, fma, vzeroupper, clflush, clflushopt, clwb, serialize, rdtscp, rdpid, fsrm

Memory: 4k page, system-wide physical 130863M (111317M free)
TotalPageFile size 150319M (AvailPageFile size 124125M)
current process WorkingSet (physical memory assigned to process): 94M, peak: 94M
current process commit charge ("private bytes"): 2310M, peak: 2310M

vm_info: Java HotSpot(TM) 64-Bit Server VM (19.0.2+7-44) for windows-amd64 JRE (19.0.2+7-44), built on 2022-11-30T18:02:09Z by "mach5one" with MS VC++ 17.1 (VS2022)

END.
