#
# There is insufficient memory for the Java Runtime Environment to continue.
# Native memory allocation (mmap) failed to map 68719476736 bytes for G1 virtual space
# Possible reasons:
#   The system is out of physical RAM or swap space
# Possible solutions:
#   Reduce memory load on the system
#   Increase physical memory or swap space
#   Check if swap backing store is full
#   Decrease Java heap size (-Xmx/-Xms)
#   Decrease number of Java threads
#   Decrease Java thread stack sizes (-Xss)
#   Set larger code cache with -XX:ReservedCodeCacheSize=
# This output file may be truncated or incomplete.
#
#  Out of Memory Error (os_windows.cpp:3536), pid=57388, tid=47220
#
# JRE version:  (19.0.2+7) (build )
# Java VM: Java HotSpot(TM) 64-Bit Server VM (19.0.2+7-44, mixed mode, sharing, tiered, compressed class ptrs, g1 gc, windows-amd64)
# No core dump will be written. Minidumps are not enabled by default on client versions of Windows
#

---------------  S U M M A R Y ------------

Command Line: -Xmx64G -Xms64G -Djava.library.path=C:\Users\Chris Combs\Desktop\OpencraftClient1\natives -Dfile.encoding=UTF-8 -XX:+ShowCodeDetailsInExceptionMessages opencraft.Main

Host: 12th Gen Intel(R) Core(TM) i9-12900KF, 24 cores, 127G,  Windows 11 , 64 bit Build 22621 (10.0.22621.3085)
Time: Fri Feb 23 14:38:32 2024 Pacific Standard Time elapsed time: 0.007779 seconds (0d 0h 0m 0s)

---------------  T H R E A D  ---------------

Current thread (0x000001f532212f70):  JavaThread "Unknown thread" [_thread_in_vm, id=47220, stack(0x0000002323100000,0x0000002323200000)]

Stack: [0x0000002323100000,0x0000002323200000]
Native frames: (J=compiled Java code, j=interpreted, Vv=VM code, C=native code)
V  [jvm.dll+0x6ee21a]
V  [jvm.dll+0x85765e]
V  [jvm.dll+0x85904e]
V  [jvm.dll+0x859703]
V  [jvm.dll+0x28298f]
V  [jvm.dll+0x6eb009]
V  [jvm.dll+0x6dfbaa]
V  [jvm.dll+0x3573f6]
V  [jvm.dll+0x35ee56]
V  [jvm.dll+0x3b541e]
V  [jvm.dll+0x3b564f]
V  [jvm.dll+0x32c9ea]
V  [jvm.dll+0x32d89e]
V  [jvm.dll+0x821780]
V  [jvm.dll+0x3c2661]
V  [jvm.dll+0x801f51]
V  [jvm.dll+0x44ae8f]
V  [jvm.dll+0x44c811]
C  [jli.dll+0x5287]
C  [ucrtbase.dll+0x29363]
C  [KERNEL32.DLL+0x1257d]
C  [ntdll.dll+0x5aa58]


---------------  P R O C E S S  ---------------

Threads class SMR info:
_java_thread_list=0x00007ff9bbd1d048, length=0, elements={
}

Java Threads: ( => current thread )

Other Threads:
  0x000001f5322368f0 WorkerThread "GC Thread#0" [stack: 0x0000002323200000,0x0000002323300000] [id=44320]
  0x000001f53226a5f0 ConcurrentGCThread "G1 Main Marker" [stack: 0x0000002323300000,0x0000002323400000] [id=46952]
  0x000001f532235270 WorkerThread "G1 Conc#0" [stack: 0x0000002323400000,0x0000002323500000] [id=57404]

[error occurred during error reporting (printing all threads), id 0xc0000005, EXCEPTION_ACCESS_VIOLATION (0xc0000005) at pc=0x00007ff9bb4dd427]

VM state: not at safepoint (not fully initialized)

VM Mutex/Monitor currently owned by a thread:  ([mutex/lock_event])
[0x000001f53220f750] Heap_lock - owner thread: 0x000001f532212f70

CDS archive(s) mapped at: [0x0000000000000000-0x0000000000000000-0x0000000000000000), size 0, SharedBaseAddress: 0x0000000800000000, ArchiveRelocationMode: 0.
Narrow klass base: 0x0000000000000000, Narrow klass shift: 0, Narrow klass range: 0x0

GC Precious Log:
 CardTable entry size: 512
 Card Set container configuration: InlinePtr #cards 3 size 8 Array Of Cards #cards 256 size 528 Howl #buckets 8 coarsen threshold 58982 Howl Bitmap #cards 8192 size 1040 coarsen threshold 7372 Card regions per heap region 1 cards per card region 65536

Heap:
 garbage-first heap   total 0K, used 0K [0x000001f54a000000, 0x000002054a000000)
  region size 32768K, 0 young (0K), 0 survivors (0K)

[error occurred during error reporting (printing heap information), id 0xc0000005, EXCEPTION_ACCESS_VIOLATION (0xc0000005) at pc=0x00007ff9bb8e6649]

GC Heap History (0 events):
No events

Dll operation events (1 events):
Event: 0.005 Loaded shared library C:\Program Files\Java\jdk-19\bin\java.dll

Deoptimization events (0 events):
No events

Classes loaded (0 events):
No events

Classes unloaded (0 events):
No events

Classes redefined (0 events):
No events

Internal exceptions (0 events):
No events

VM Operations (0 events):
No events

Events (0 events):
No events


Dynamic libraries:
0x00007ff7998f0000 - 0x00007ff799900000 	C:\Program Files\Java\jdk-19\bin\javaw.exe
0x00007ffa91ef0000 - 0x00007ffa92107000 	C:\WINDOWS\SYSTEM32\ntdll.dll
0x00007ffa90a50000 - 0x00007ffa90b14000 	C:\WINDOWS\System32\KERNEL32.DLL
0x00007ffa8f510000 - 0x00007ffa8f8b6000 	C:\WINDOWS\System32\KERNELBASE.dll
0x00007ffa8f230000 - 0x00007ffa8f341000 	C:\WINDOWS\System32\ucrtbase.dll
0x00007ffa73b20000 - 0x00007ffa73b38000 	C:\Program Files\Java\jdk-19\bin\jli.dll
0x00007ffa8fc40000 - 0x00007ffa8fcf3000 	C:\WINDOWS\System32\ADVAPI32.dll
0x00007ffa691c0000 - 0x00007ffa691db000 	C:\Program Files\Java\jdk-19\bin\VCRUNTIME140.dll
0x00007ffa91190000 - 0x00007ffa91237000 	C:\WINDOWS\System32\msvcrt.dll
0x00007ffa8fd00000 - 0x00007ffa8fda8000 	C:\WINDOWS\System32\sechost.dll
0x00007ffa8fc10000 - 0x00007ffa8fc38000 	C:\WINDOWS\System32\bcrypt.dll
0x00007ffa90e00000 - 0x00007ffa90f17000 	C:\WINDOWS\System32\RPCRT4.dll
0x00007ffa91370000 - 0x00007ffa9151e000 	C:\WINDOWS\System32\USER32.dll
0x00007ffa8f940000 - 0x00007ffa8f966000 	C:\WINDOWS\System32\win32u.dll
0x00007ffa7e560000 - 0x00007ffa7e7f3000 	C:\WINDOWS\WinSxS\amd64_microsoft.windows.common-controls_6595b64144ccf1df_6.0.22621.2506_none_270c5ae97388e100\COMCTL32.dll
0x00007ffa91560000 - 0x00007ffa91589000 	C:\WINDOWS\System32\GDI32.dll
0x00007ffa8f350000 - 0x00007ffa8f468000 	C:\WINDOWS\System32\gdi32full.dll
0x00007ffa8f470000 - 0x00007ffa8f50a000 	C:\WINDOWS\System32\msvcp_win.dll
0x00007ffa83250000 - 0x00007ffa8325a000 	C:\WINDOWS\SYSTEM32\VERSION.dll
0x00007ffa91520000 - 0x00007ffa91551000 	C:\WINDOWS\System32\IMM32.DLL
0x00007ffa8a4d0000 - 0x00007ffa8a4dc000 	C:\Program Files\Java\jdk-19\bin\vcruntime140_1.dll
0x00007ffa221b0000 - 0x00007ffa2223e000 	C:\Program Files\Java\jdk-19\bin\msvcp140.dll
0x00007ff9bb1a0000 - 0x00007ff9bbe60000 	C:\Program Files\Java\jdk-19\bin\server\jvm.dll
0x00007ffa86bf0000 - 0x00007ffa86c24000 	C:\WINDOWS\SYSTEM32\WINMM.dll
0x00007ffa73080000 - 0x00007ffa73089000 	C:\WINDOWS\SYSTEM32\WSOCK32.dll
0x00007ffa8ff10000 - 0x00007ffa8ff81000 	C:\WINDOWS\System32\WS2_32.dll
0x00007ffa8e270000 - 0x00007ffa8e288000 	C:\WINDOWS\SYSTEM32\kernel.appcore.dll
0x00007ffa8a420000 - 0x00007ffa8a42a000 	C:\Program Files\Java\jdk-19\bin\jimage.dll
0x00007ffa8cb00000 - 0x00007ffa8cd33000 	C:\WINDOWS\SYSTEM32\DBGHELP.DLL
0x00007ffa91590000 - 0x00007ffa91919000 	C:\WINDOWS\System32\combase.dll
0x00007ffa91290000 - 0x00007ffa91367000 	C:\WINDOWS\System32\OLEAUT32.dll
0x00007ffa6a6a0000 - 0x00007ffa6a6d2000 	C:\WINDOWS\SYSTEM32\dbgcore.DLL
0x00007ffa8f8c0000 - 0x00007ffa8f93a000 	C:\WINDOWS\System32\bcryptPrimitives.dll
0x00007ffa6b550000 - 0x00007ffa6b576000 	C:\Program Files\Java\jdk-19\bin\java.dll

dbghelp: loaded successfully - version: 4.0.5 - missing functions: none
symbol engine: initialized successfully - sym options: 0x614 - pdb path: .;C:\Program Files\Java\jdk-19\bin;C:\WINDOWS\SYSTEM32;C:\WINDOWS\WinSxS\amd64_microsoft.windows.common-controls_6595b64144ccf1df_6.0.22621.2506_none_270c5ae97388e100;C:\Program Files\Java\jdk-19\bin\server

VM Arguments:
jvm_args: -Xmx64G -Xms64G -Djava.library.path=C:\Users\Chris Combs\Desktop\OpencraftClient1\natives -Dfile.encoding=UTF-8 -XX:+ShowCodeDetailsInExceptionMessages 
java_command: opencraft.Main
java_class_path (initial): C:\Users\Chris Combs\Desktop\OpencraftClient1\bin;C:\Users\Chris Combs\Desktop\OpencraftClient1\libs\AppleJavaExtensions.jar;C:\Users\Chris Combs\Desktop\OpencraftClient1\libs\asm-debug-all.jar;C:\Users\Chris Combs\Desktop\OpencraftClient1\libs\jinput.jar;C:\Users\Chris Combs\Desktop\OpencraftClient1\libs\laf-plugin-7.2.1.jar;C:\Users\Chris Combs\Desktop\OpencraftClient1\libs\laf-widget-7.2.1.jar;C:\Users\Chris Combs\Desktop\OpencraftClient1\libs\log4j-api-2.0-beta9.jar;C:\Users\Chris Combs\Desktop\OpencraftClient1\libs\lwjgl_test.jar;C:\Users\Chris Combs\Desktop\OpencraftClient1\libs\lwjgl_util_applet.jar;C:\Users\Chris Combs\Desktop\OpencraftClient1\libs\lwjgl_util.jar;C:\Users\Chris Combs\Desktop\OpencraftClient1\libs\lwjgl.jar;C:\Users\Chris Combs\Desktop\OpencraftClient1\libs\lwjgl-debug.jar;C:\Users\Chris Combs\Desktop\OpencraftClient1\libs\lzma.jar;C:\Users\Chris Combs\Desktop\OpencraftClient1\libs\substance-7.2.1.jar;C:\Users\Chris Combs\Desktop\OpencraftClient1\libs\trident-7.2.1.jar;C:\Users\Chris Combs\Desktop\OpencraftClient1\libs\slick-util.jar;C:\Users\Chris Combs\Desktop\OpencraftClient1\libs\TWL-LWJGL2.jar;C:\Users\Chris Combs\Desktop\OpencraftClient1\libs\freetype-jni.jar;C:\Users\Chris Combs\Desktop\OpencraftClient1\libs\guava-32.1.2-jre.jar
Launcher Type: SUN_STANDARD

[Global flags]
     intx CICompilerCount                          = 12                                        {product} {ergonomic}
     uint ConcGCThreads                            = 5                                         {product} {ergonomic}
     uint G1ConcRefinementThreads                  = 18                                        {product} {ergonomic}
   size_t G1HeapRegionSize                         = 33554432                                  {product} {ergonomic}
    uintx GCDrainStackTargetSize                   = 64                                        {product} {ergonomic}
   size_t InitialHeapSize                          = 68719476736                               {product} {command line}
   size_t MarkStackSize                            = 4194304                                   {product} {ergonomic}
   size_t MaxHeapSize                              = 68719476736                               {product} {command line}
   size_t MinHeapDeltaBytes                        = 33554432                                  {product} {ergonomic}
   size_t MinHeapSize                              = 68719476736                               {product} {command line}
    uintx NonNMethodCodeHeapSize                   = 7602480                                {pd product} {ergonomic}
    uintx NonProfiledCodeHeapSize                  = 122027880                              {pd product} {ergonomic}
    uintx ProfiledCodeHeapSize                     = 122027880                              {pd product} {ergonomic}
    uintx ReservedCodeCacheSize                    = 251658240                              {pd product} {ergonomic}
     bool SegmentedCodeCache                       = true                                      {product} {ergonomic}
     bool ShowCodeDetailsInExceptionMessages       = true                                   {manageable} {command line}
   size_t SoftMaxHeapSize                          = 68719476736                            {manageable} {ergonomic}
     bool UseCompressedClassPointers               = true                           {product lp64_product} {ergonomic}
     bool UseG1GC                                  = true                                      {product} {ergonomic}
     bool UseLargePagesIndividualAllocation        = false                                  {pd product} {ergonomic}

Logging:
Log output configuration:
 #0: stdout all=warning uptime,level,tags foldmultilines=false
 #1: stderr all=off uptime,level,tags foldmultilines=false

Environment Variables:
PATH=C:/Program Files/Java/jdk-19/bin/server;C:/Program Files/Java/jdk-19/bin;C:\Program Files\Zulu\zulu-21\bin\;C:\VulkanSDK\1.3.268.0\Bin;C:\usr\local\cell\host-win32\spu\bin;C:\usr\local\cell\host-win32\ppu\bin;C:\usr\local\cell\host-win32\sn\bin;C:\usr\local\cell\host-win32\bin;C:\usr\local\cell\host-win32\Cg\bin;C:\Program Files (x86)\SN Systems\PS3\bin;C:\VulkanSDK\1.3.261.0v2\Bin;C:\VulkanSDK\1.3.261.0\Bin;C:\Ruby32-x64\bin;C:\Program Files (x86)\Razer Chroma SDK\bin;C:\Program Files\Razer Chroma SDK\bin;C:\Program Files\Oculus\Support\oculus-runtime;C:\Program Files\Common Files\Oracle\Java\javapath;C:\Program Files (x86)\Razer\ChromaBroadcast\bin;C:\Program Files\Razer\ChromaBroadcast\bin;C:\WINDOWS\system32;C:\WINDOWS;C:\WINDOWS\System32\Wbem;C:\WINDOWS\System32\WindowsPowerShell\v1.0\;C:\WINDOWS\System32\OpenSSH\;C:\WINDOWS\system32\config\systemprofile\AppData\Local\Microsoft\WindowsApps;C:\Program Files\Microsoft SQL Server\130\Tools\Binn\;C:\Program Files\Microsoft SQL Server\Client SDK\ODBC\170\Tools\Binn\;C:\Program Files\dotnet\;C:\Program Files\WorldPainter;C:\Program Files\Git\cmd;C:\Users\Chris Combs\AppData\Local\bin\NASM;C:\mingw64\bin;C:\Program Files\Microsoft SQL Server\150\Tools\Binn\;C:\Program Files\nodejs\;C:\Users\Chris Combs\AppData\Local\Microsoft\WindowsApps;C:\Users\Chris Combs\AppData\Local\atom\bin;C:\Users\Chris Combs\.dotnet\tools;C:\Users\Chris Combs\AppData\Local\GitHubDesktop\bin;C:\Users\Chris Combs\AppData\Local\Programs\Fiddler;C:\Users\Chris Combs\AppData\Roaming\npm;C:\WINDOWS\system32;
USERNAME=Chris Combs
OS=Windows_NT
PROCESSOR_IDENTIFIER=Intel64 Family 6 Model 151 Stepping 2, GenuineIntel
TMP=C:\Users\CHRISC~1\AppData\Local\Temp
TEMP=C:\Users\CHRISC~1\AppData\Local\Temp



---------------  S Y S T E M  ---------------

OS:
 Windows 11 , 64 bit Build 22621 (10.0.22621.3085)
OS uptime: 2 days 5:43 hours

CPU: total 24 (initial active 24) (12 cores per cpu, 2 threads per core) family 6 model 151 stepping 2 microcode 0x34, cx8, cmov, fxsr, ht, mmx, 3dnowpref, sse, sse2, sse3, ssse3, sse4.1, sse4.2, popcnt, lzcnt, tsc, tscinvbit, avx, avx2, aes, erms, clmul, bmi1, bmi2, adx, sha, fma, vzeroupper, clflush, clflushopt, clwb, serialize, rdtscp, rdpid, fsrm

Memory: 4k page, system-wide physical 130863M (85299M free)
TotalPageFile size 328231M (AvailPageFile size 17121M)
current process WorkingSet (physical memory assigned to process): 14M, peak: 14M
current process commit charge ("private bytes"): 84M, peak: 65620M

vm_info: Java HotSpot(TM) 64-Bit Server VM (19.0.2+7-44) for windows-amd64 JRE (19.0.2+7-44), built on 2022-11-30T18:02:09Z by "mach5one" with MS VC++ 17.1 (VS2022)

END.
