#
# There is insufficient memory for the Java Runtime Environment to continue.
# Native memory allocation (mmap) failed to map 109051904 bytes for G1 virtual space
# Possible reasons:
#   The system is out of physical RAM or swap space
#   The process is running with CompressedOops enabled, and the Java Heap may be blocking the growth of the native heap
# Possible solutions:
#   Reduce memory load on the system
#   Increase physical memory or swap space
#   Check if swap backing store is full
#   Decrease Java heap size (-Xmx/-Xms)
#   Decrease number of Java threads
#   Decrease Java thread stack sizes (-Xss)
#   Set larger code cache with -XX:ReservedCodeCacheSize=
#   JVM is running with Zero Based Compressed Oops mode in which the Java heap is
#     placed in the first 32GB address space. The Java Heap base address is the
#     maximum limit for the native heap growth. Please use -XX:HeapBaseMinAddress
#     to set the Java Heap base and to place the Java Heap above 32GB virtual address.
# This output file may be truncated or incomplete.
#
#  Out of Memory Error (os_windows.cpp:3530), pid=27088, tid=34216
#
# JRE version: Java(TM) SE Runtime Environment (18.0.2+9) (build 18.0.2+9-61)
# Java VM: Java HotSpot(TM) 64-Bit Server VM (18.0.2+9-61, mixed mode, sharing, tiered, compressed oops, compressed class ptrs, g1 gc, windows-amd64)
# No core dump will be written. Minidumps are not enabled by default on client versions of Windows
#

---------------  S U M M A R Y ------------

Command Line: -Djava.library.path=C:\Users\garag\Documents\GitHub\OpencraftClient1\natives -Dfile.encoding=UTF-8 -XX:+ShowCodeDetailsInExceptionMessages opencraft.Main

Host: Intel(R) Core(TM) i7-10750H CPU @ 2.60GHz, 12 cores, 31G,  Windows 11 , 64 bit Build 22000 (10.0.22000.1516)
Time: Tue Dec 19 13:43:03 2023 Pacific Standard Time elapsed time: 7.516265 seconds (0d 0h 0m 7s)

---------------  T H R E A D  ---------------

Current thread (0x000001e6dbfa0780):  VMThread "VM Thread" [stack: 0x0000007883100000,0x0000007883200000] [id=34216]

Stack: [0x0000007883100000,0x0000007883200000]
Native frames: (J=compiled Java code, j=interpreted, Vv=VM code, C=native code)
V  [jvm.dll+0x6993ca]
V  [jvm.dll+0x7f481d]
V  [jvm.dll+0x7f612e]
V  [jvm.dll+0x7f67e3]
V  [jvm.dll+0x25cdaf]
V  [jvm.dll+0x696319]
V  [jvm.dll+0x68ae4a]
V  [jvm.dll+0x3223eb]
V  [jvm.dll+0x329dc6]
V  [jvm.dll+0x37eade]
V  [jvm.dll+0x37ed0f]
V  [jvm.dll+0x2fa16a]
V  [jvm.dll+0x2fa217]
V  [jvm.dll+0x33e752]
V  [jvm.dll+0x33ccf4]
V  [jvm.dll+0x2f9940]
V  [jvm.dll+0x33c2cb]
V  [jvm.dll+0x7fb5cb]
V  [jvm.dll+0x7fc364]
V  [jvm.dll+0x7fc89c]
V  [jvm.dll+0x7fccf4]
V  [jvm.dll+0x7fcdb7]
V  [jvm.dll+0x7a125a]
V  [jvm.dll+0x698275]
C  [ucrtbase.dll+0x26c0c]
C  [KERNEL32.DLL+0x155a0]
C  [ntdll.dll+0x485b]

VM_Operation (0x0000007884a0eed0): G1CollectForAllocation, mode: safepoint, requested by thread 0x000001e6e867fe20


---------------  P R O C E S S  ---------------

Threads class SMR info:
_java_thread_list=0x000001e6e85eb8d0, length=13, elements={
0x000001e6ae2b6c80, 0x000001e6dc156fc0, 0x000001e6dc157960, 0x000001e6dc1739d0,
0x000001e6dc174280, 0x000001e6dc174c20, 0x000001e6dc1755c0, 0x000001e6dc176290,
0x000001e6dc176c70, 0x000001e6dc17f0f0, 0x000001e6e0e22010, 0x000001e6e0e28910,
0x000001e6e867fe20
}

Java Threads: ( => current thread )
  0x000001e6ae2b6c80 JavaThread "main" [_thread_blocked, id=30044, stack(0x0000007882b00000,0x0000007882c00000)]
  0x000001e6dc156fc0 JavaThread "Reference Handler" daemon [_thread_blocked, id=34272, stack(0x0000007883200000,0x0000007883300000)]
  0x000001e6dc157960 JavaThread "Finalizer" daemon [_thread_blocked, id=11036, stack(0x0000007883300000,0x0000007883400000)]
  0x000001e6dc1739d0 JavaThread "Signal Dispatcher" daemon [_thread_blocked, id=10820, stack(0x0000007883400000,0x0000007883500000)]
  0x000001e6dc174280 JavaThread "Attach Listener" daemon [_thread_blocked, id=25532, stack(0x0000007883500000,0x0000007883600000)]
  0x000001e6dc174c20 JavaThread "Service Thread" daemon [_thread_blocked, id=28936, stack(0x0000007883600000,0x0000007883700000)]
  0x000001e6dc1755c0 JavaThread "Monitor Deflation Thread" daemon [_thread_blocked, id=33968, stack(0x0000007883700000,0x0000007883800000)]
  0x000001e6dc176290 JavaThread "C2 CompilerThread0" daemon [_thread_blocked, id=12632, stack(0x0000007883800000,0x0000007883900000)]
  0x000001e6dc176c70 JavaThread "C1 CompilerThread0" daemon [_thread_blocked, id=5284, stack(0x0000007883900000,0x0000007883a00000)]
  0x000001e6dc17f0f0 JavaThread "Sweeper thread" daemon [_thread_blocked, id=16476, stack(0x0000007883a00000,0x0000007883b00000)]
  0x000001e6e0e22010 JavaThread "Notification Thread" daemon [_thread_blocked, id=3392, stack(0x0000007883b00000,0x0000007883c00000)]
  0x000001e6e0e28910 JavaThread "Common-Cleaner" daemon [_thread_blocked, id=6660, stack(0x0000007883d00000,0x0000007883e00000)]
  0x000001e6e867fe20 JavaThread "Thread-1" [_thread_blocked, id=26292, stack(0x0000007884910000,0x0000007884a10000)]

Other Threads:
=>0x000001e6dbfa0780 VMThread "VM Thread" [stack: 0x0000007883100000,0x0000007883200000] [id=34216]
  0x000001e6e0e284f0 WatcherThread "VM Periodic Task Thread" [stack: 0x0000007883c00000,0x0000007883d00000] [id=10856]
  0x000001e6ae367800 WorkerThread "GC Thread#0" [stack: 0x0000007882c00000,0x0000007882d00000] [id=36388]
  0x000001e6e57d1d80 WorkerThread "GC Thread#1" [stack: 0x0000007884c10000,0x0000007884d10000] [id=10608]
  0x000001e6e86c8330 WorkerThread "GC Thread#2" [stack: 0x0000007884d10000,0x0000007884e10000] [id=18856]
  0x000001e6e86c6650 WorkerThread "GC Thread#3" [stack: 0x0000007884e10000,0x0000007884f10000] [id=5132]
  0x000001e6e86c6e30 WorkerThread "GC Thread#4" [stack: 0x0000007884f10000,0x0000007885010000] [id=36992]
  0x000001e6e86c5150 WorkerThread "GC Thread#5" [stack: 0x0000007885010000,0x0000007885110000] [id=11316]
  0x000001e6e86c6110 WorkerThread "GC Thread#6" [stack: 0x0000007885110000,0x0000007885210000] [id=32112]
  0x000001e6e86c7370 WorkerThread "GC Thread#7" [stack: 0x0000007885210000,0x0000007885310000] [id=31276]
  0x000001e6e86c4eb0 WorkerThread "GC Thread#8" [stack: 0x0000007885310000,0x0000007885410000] [id=31608]
  0x000001e6e86c4c10 WorkerThread "GC Thread#9" [stack: 0x0000007885410000,0x0000007885510000] [id=33924]
  0x000001e6ae378d30 ConcurrentGCThread "G1 Main Marker" [stack: 0x0000007882d00000,0x0000007882e00000] [id=26564]
  0x000001e6ae37a630 WorkerThread "G1 Conc#0" [stack: 0x0000007882e00000,0x0000007882f00000] [id=38304]
  0x000001e6dc009620 ConcurrentGCThread "G1 Refine#0" [stack: 0x0000007882f00000,0x0000007883000000] [id=22908]
  0x000001e6dc00ade0 ConcurrentGCThread "G1 Service" [stack: 0x0000007883000000,0x0000007883100000] [id=34652]

Threads with active compile tasks:

VM state: at safepoint (normal execution)

VM Mutex/Monitor currently owned by a thread:  ([mutex/lock_event])
[0x000001e6ae2b4780] Threads_lock - owner thread: 0x000001e6dbfa0780
[0x000001e6ae2b44b0] Heap_lock - owner thread: 0x000001e6e867fe20

Heap address: 0x0000000604000000, size: 8128 MB, Compressed Oops mode: Zero based, Oop shift amount: 3

CDS archive(s) mapped at: [0x0000000800000000-0x0000000800ba0000-0x0000000800ba0000), size 12189696, SharedBaseAddress: 0x0000000800000000, ArchiveRelocationMode: 0.
Compressed class space mapped at: 0x0000000800c00000-0x0000000840c00000, reserved size: 1073741824
Narrow klass base: 0x0000000800000000, Narrow klass shift: 0, Narrow klass range: 0x100000000

GC Precious Log:
 CardTable entry size: 512
 Card Set container configuration: InlinePtr #cards 4 size 8 Array Of Cards #cards 32 size 80 Howl #buckets 8 coarsen threshold 7372 Howl Bitmap #cards 1024 size 144 coarsen threshold 921 Card regions per heap region 1 cards per card region 8192
 CPUs: 12 total, 12 available
 Memory: 32511M
 Large Page Support: Disabled
 NUMA Support: Disabled
 Compressed Oops: Enabled (Zero based)
 Heap Region Size: 4M
 Heap Min Capacity: 8M
 Heap Initial Capacity: 508M
 Heap Max Capacity: 8128M
 Pre-touch: Disabled
 Parallel Workers: 10
 Concurrent Workers: 3
 Concurrent Refinement Workers: 10
 Periodic GC: Disabled

Heap:
 garbage-first heap   total 520192K, used 98015K [0x0000000604000000, 0x0000000800000000)
  region size 4096K, 4 young (16384K), 4 survivors (16384K)
 Metaspace       used 3246K, committed 3392K, reserved 1114112K
  class space    used 206K, committed 256K, reserved 1048576K

Heap Regions: E=young(eden), S=young(survivor), O=old, HS=humongous(starts), HC=humongous(continues), CS=collection set, F=free, OA=open archive, CA=closed archive, TAMS=top-at-mark-start (previous, next)
|   0|0x0000000604000000, 0x0000000604400000, 0x0000000604400000|100%| O|  |TAMS 0x0000000604000000, 0x0000000604000000| Untracked 
|   1|0x0000000604400000, 0x0000000604800000, 0x0000000604800000|100%| O|  |TAMS 0x0000000604400000, 0x0000000604400000| Untracked 
|   2|0x0000000604800000, 0x0000000604c00000, 0x0000000604c00000|100%| O|  |TAMS 0x0000000604800000, 0x0000000604800000| Untracked 
|   3|0x0000000604c00000, 0x0000000605000000, 0x0000000605000000|100%| O|  |TAMS 0x0000000604c00000, 0x0000000604c00000| Untracked 
|   4|0x0000000605000000, 0x0000000605400000, 0x0000000605400000|100%| O|  |TAMS 0x0000000605000000, 0x0000000605000000| Untracked 
|   5|0x0000000605400000, 0x0000000605800000, 0x0000000605800000|100%| O|  |TAMS 0x0000000605400000, 0x0000000605400000| Untracked 
|   6|0x0000000605800000, 0x0000000605c00000, 0x0000000605c00000|100%| O|  |TAMS 0x0000000605800000, 0x0000000605800000| Untracked 
|   7|0x0000000605c00000, 0x0000000606000000, 0x0000000606000000|100%| O|  |TAMS 0x0000000605c00000, 0x0000000605c00000| Untracked 
|   8|0x0000000606000000, 0x0000000606400000, 0x0000000606400000|100%| O|  |TAMS 0x0000000606000000, 0x0000000606000000| Untracked 
|   9|0x0000000606400000, 0x0000000606800000, 0x0000000606800000|100%| O|  |TAMS 0x0000000606400000, 0x0000000606400000| Untracked 
|  10|0x0000000606800000, 0x0000000606c00000, 0x0000000606c00000|100%| O|  |TAMS 0x0000000606800000, 0x0000000606800000| Untracked 
|  11|0x0000000606c00000, 0x0000000607000000, 0x0000000607000000|100%| O|  |TAMS 0x0000000606c00000, 0x0000000606c00000| Untracked 
|  12|0x0000000607000000, 0x0000000607400000, 0x0000000607400000|100%| O|  |TAMS 0x0000000607000000, 0x0000000607000000| Untracked 
|  13|0x0000000607400000, 0x0000000607800000, 0x0000000607800000|100%| O|  |TAMS 0x0000000607400000, 0x0000000607400000| Untracked 
|  14|0x0000000607800000, 0x0000000607c00000, 0x0000000607c00000|100%| O|  |TAMS 0x0000000607800000, 0x0000000607800000| Untracked 
|  15|0x0000000607c00000, 0x0000000608000000, 0x0000000608000000|100%| O|  |TAMS 0x0000000607c00000, 0x0000000607c00000| Untracked 
|  16|0x0000000608000000, 0x0000000608400000, 0x0000000608400000|100%| O|  |TAMS 0x0000000608000000, 0x0000000608000000| Untracked 
|  17|0x0000000608400000, 0x0000000608800000, 0x0000000608800000|100%| O|  |TAMS 0x0000000608400000, 0x0000000608400000| Untracked 
|  18|0x0000000608800000, 0x0000000608c00000, 0x0000000608c00000|100%| O|  |TAMS 0x0000000608800000, 0x0000000608800000| Untracked 
|  19|0x0000000608c00000, 0x0000000608fb7e00, 0x0000000609000000| 92%| O|  |TAMS 0x0000000608c00000, 0x0000000608c00000| Untracked 
|  20|0x0000000609000000, 0x0000000609000000, 0x0000000609400000|  0%| F|  |TAMS 0x0000000609000000, 0x0000000609000000| Untracked 
|  21|0x0000000609400000, 0x0000000609400000, 0x0000000609800000|  0%| F|  |TAMS 0x0000000609400000, 0x0000000609400000| Untracked 
|  22|0x0000000609800000, 0x0000000609800000, 0x0000000609c00000|  0%| F|  |TAMS 0x0000000609800000, 0x0000000609800000| Untracked 
|  23|0x0000000609c00000, 0x0000000609c00000, 0x000000060a000000|  0%| F|  |TAMS 0x0000000609c00000, 0x0000000609c00000| Untracked 
|  24|0x000000060a000000, 0x000000060a000000, 0x000000060a400000|  0%| F|  |TAMS 0x000000060a000000, 0x000000060a000000| Untracked 
|  25|0x000000060a400000, 0x000000060a400000, 0x000000060a800000|  0%| F|  |TAMS 0x000000060a400000, 0x000000060a400000| Untracked 
|  26|0x000000060a800000, 0x000000060a800000, 0x000000060ac00000|  0%| F|  |TAMS 0x000000060a800000, 0x000000060a800000| Untracked 
|  27|0x000000060ac00000, 0x000000060ac00000, 0x000000060b000000|  0%| F|  |TAMS 0x000000060ac00000, 0x000000060ac00000| Untracked 
|  28|0x000000060b000000, 0x000000060b000000, 0x000000060b400000|  0%| F|  |TAMS 0x000000060b000000, 0x000000060b000000| Untracked 
|  29|0x000000060b400000, 0x000000060b400000, 0x000000060b800000|  0%| F|  |TAMS 0x000000060b400000, 0x000000060b400000| Untracked 
|  30|0x000000060b800000, 0x000000060b800000, 0x000000060bc00000|  0%| F|  |TAMS 0x000000060b800000, 0x000000060b800000| Untracked 
|  31|0x000000060bc00000, 0x000000060bc00000, 0x000000060c000000|  0%| F|  |TAMS 0x000000060bc00000, 0x000000060bc00000| Untracked 
|  32|0x000000060c000000, 0x000000060c000000, 0x000000060c400000|  0%| F|  |TAMS 0x000000060c000000, 0x000000060c000000| Untracked 
|  33|0x000000060c400000, 0x000000060c400000, 0x000000060c800000|  0%| F|  |TAMS 0x000000060c400000, 0x000000060c400000| Untracked 
|  34|0x000000060c800000, 0x000000060c800000, 0x000000060cc00000|  0%| F|  |TAMS 0x000000060c800000, 0x000000060c800000| Untracked 
|  35|0x000000060cc00000, 0x000000060cc00000, 0x000000060d000000|  0%| F|  |TAMS 0x000000060cc00000, 0x000000060cc00000| Untracked 
|  36|0x000000060d000000, 0x000000060d000000, 0x000000060d400000|  0%| F|  |TAMS 0x000000060d000000, 0x000000060d000000| Untracked 
|  37|0x000000060d400000, 0x000000060d400000, 0x000000060d800000|  0%| F|  |TAMS 0x000000060d400000, 0x000000060d400000| Untracked 
|  38|0x000000060d800000, 0x000000060d800000, 0x000000060dc00000|  0%| F|  |TAMS 0x000000060d800000, 0x000000060d800000| Untracked 
|  39|0x000000060dc00000, 0x000000060dc00000, 0x000000060e000000|  0%| F|  |TAMS 0x000000060dc00000, 0x000000060dc00000| Untracked 
|  40|0x000000060e000000, 0x000000060e000000, 0x000000060e400000|  0%| F|  |TAMS 0x000000060e000000, 0x000000060e000000| Untracked 
|  41|0x000000060e400000, 0x000000060e400000, 0x000000060e800000|  0%| F|  |TAMS 0x000000060e400000, 0x000000060e400000| Untracked 
|  42|0x000000060e800000, 0x000000060e800000, 0x000000060ec00000|  0%| F|  |TAMS 0x000000060e800000, 0x000000060e800000| Untracked 
|  43|0x000000060ec00000, 0x000000060ec00000, 0x000000060f000000|  0%| F|  |TAMS 0x000000060ec00000, 0x000000060ec00000| Untracked 
|  44|0x000000060f000000, 0x000000060f000000, 0x000000060f400000|  0%| F|  |TAMS 0x000000060f000000, 0x000000060f000000| Untracked 
|  45|0x000000060f400000, 0x000000060f400000, 0x000000060f800000|  0%| F|  |TAMS 0x000000060f400000, 0x000000060f400000| Untracked 
|  46|0x000000060f800000, 0x000000060f800000, 0x000000060fc00000|  0%| F|  |TAMS 0x000000060f800000, 0x000000060f800000| Untracked 
|  47|0x000000060fc00000, 0x000000060fc00000, 0x0000000610000000|  0%| F|  |TAMS 0x000000060fc00000, 0x000000060fc00000| Untracked 
|  48|0x0000000610000000, 0x0000000610000000, 0x0000000610400000|  0%| F|  |TAMS 0x0000000610000000, 0x0000000610000000| Untracked 
|  49|0x0000000610400000, 0x0000000610400000, 0x0000000610800000|  0%| F|  |TAMS 0x0000000610400000, 0x0000000610400000| Untracked 
|  50|0x0000000610800000, 0x0000000610800000, 0x0000000610c00000|  0%| F|  |TAMS 0x0000000610800000, 0x0000000610800000| Untracked 
|  51|0x0000000610c00000, 0x0000000610c00000, 0x0000000611000000|  0%| F|  |TAMS 0x0000000610c00000, 0x0000000610c00000| Untracked 
|  52|0x0000000611000000, 0x0000000611000000, 0x0000000611400000|  0%| F|  |TAMS 0x0000000611000000, 0x0000000611000000| Untracked 
|  53|0x0000000611400000, 0x0000000611400000, 0x0000000611800000|  0%| F|  |TAMS 0x0000000611400000, 0x0000000611400000| Untracked 
|  54|0x0000000611800000, 0x0000000611800000, 0x0000000611c00000|  0%| F|  |TAMS 0x0000000611800000, 0x0000000611800000| Untracked 
|  55|0x0000000611c00000, 0x0000000611c00000, 0x0000000612000000|  0%| F|  |TAMS 0x0000000611c00000, 0x0000000611c00000| Untracked 
|  56|0x0000000612000000, 0x0000000612000000, 0x0000000612400000|  0%| F|  |TAMS 0x0000000612000000, 0x0000000612000000| Untracked 
|  57|0x0000000612400000, 0x0000000612400000, 0x0000000612800000|  0%| F|  |TAMS 0x0000000612400000, 0x0000000612400000| Untracked 
|  58|0x0000000612800000, 0x0000000612800000, 0x0000000612c00000|  0%| F|  |TAMS 0x0000000612800000, 0x0000000612800000| Untracked 
|  59|0x0000000612c00000, 0x0000000612c00000, 0x0000000613000000|  0%| F|  |TAMS 0x0000000612c00000, 0x0000000612c00000| Untracked 
|  60|0x0000000613000000, 0x0000000613000000, 0x0000000613400000|  0%| F|  |TAMS 0x0000000613000000, 0x0000000613000000| Untracked 
|  61|0x0000000613400000, 0x0000000613400000, 0x0000000613800000|  0%| F|  |TAMS 0x0000000613400000, 0x0000000613400000| Untracked 
|  62|0x0000000613800000, 0x0000000613800000, 0x0000000613c00000|  0%| F|  |TAMS 0x0000000613800000, 0x0000000613800000| Untracked 
|  63|0x0000000613c00000, 0x0000000613c00000, 0x0000000614000000|  0%| F|  |TAMS 0x0000000613c00000, 0x0000000613c00000| Untracked 
|  64|0x0000000614000000, 0x0000000614000000, 0x0000000614400000|  0%| F|  |TAMS 0x0000000614000000, 0x0000000614000000| Untracked 
|  65|0x0000000614400000, 0x0000000614400000, 0x0000000614800000|  0%| F|  |TAMS 0x0000000614400000, 0x0000000614400000| Untracked 
|  66|0x0000000614800000, 0x0000000614800000, 0x0000000614c00000|  0%| F|  |TAMS 0x0000000614800000, 0x0000000614800000| Untracked 
|  67|0x0000000614c00000, 0x0000000614c00000, 0x0000000615000000|  0%| F|  |TAMS 0x0000000614c00000, 0x0000000614c00000| Untracked 
|  68|0x0000000615000000, 0x0000000615000000, 0x0000000615400000|  0%| F|  |TAMS 0x0000000615000000, 0x0000000615000000| Untracked 
|  69|0x0000000615400000, 0x0000000615400000, 0x0000000615800000|  0%| F|  |TAMS 0x0000000615400000, 0x0000000615400000| Untracked 
|  70|0x0000000615800000, 0x0000000615800000, 0x0000000615c00000|  0%| F|  |TAMS 0x0000000615800000, 0x0000000615800000| Untracked 
|  71|0x0000000615c00000, 0x0000000615c00000, 0x0000000616000000|  0%| F|  |TAMS 0x0000000615c00000, 0x0000000615c00000| Untracked 
|  72|0x0000000616000000, 0x0000000616000000, 0x0000000616400000|  0%| F|  |TAMS 0x0000000616000000, 0x0000000616000000| Untracked 
|  73|0x0000000616400000, 0x0000000616400000, 0x0000000616800000|  0%| F|  |TAMS 0x0000000616400000, 0x0000000616400000| Untracked 
|  74|0x0000000616800000, 0x0000000616800000, 0x0000000616c00000|  0%| F|  |TAMS 0x0000000616800000, 0x0000000616800000| Untracked 
|  75|0x0000000616c00000, 0x0000000616c00000, 0x0000000617000000|  0%| F|  |TAMS 0x0000000616c00000, 0x0000000616c00000| Untracked 
|  76|0x0000000617000000, 0x0000000617000000, 0x0000000617400000|  0%| F|  |TAMS 0x0000000617000000, 0x0000000617000000| Untracked 
|  77|0x0000000617400000, 0x0000000617400000, 0x0000000617800000|  0%| F|  |TAMS 0x0000000617400000, 0x0000000617400000| Untracked 
|  78|0x0000000617800000, 0x0000000617800000, 0x0000000617c00000|  0%| F|  |TAMS 0x0000000617800000, 0x0000000617800000| Untracked 
|  79|0x0000000617c00000, 0x0000000617c00000, 0x0000000618000000|  0%| F|  |TAMS 0x0000000617c00000, 0x0000000617c00000| Untracked 
|  80|0x0000000618000000, 0x0000000618000000, 0x0000000618400000|  0%| F|  |TAMS 0x0000000618000000, 0x0000000618000000| Untracked 
|  81|0x0000000618400000, 0x0000000618400000, 0x0000000618800000|  0%| F|  |TAMS 0x0000000618400000, 0x0000000618400000| Untracked 
|  82|0x0000000618800000, 0x0000000618800000, 0x0000000618c00000|  0%| F|  |TAMS 0x0000000618800000, 0x0000000618800000| Untracked 
|  83|0x0000000618c00000, 0x0000000618c00000, 0x0000000619000000|  0%| F|  |TAMS 0x0000000618c00000, 0x0000000618c00000| Untracked 
|  84|0x0000000619000000, 0x0000000619000000, 0x0000000619400000|  0%| F|  |TAMS 0x0000000619000000, 0x0000000619000000| Untracked 
|  85|0x0000000619400000, 0x0000000619400000, 0x0000000619800000|  0%| F|  |TAMS 0x0000000619400000, 0x0000000619400000| Untracked 
|  86|0x0000000619800000, 0x0000000619800000, 0x0000000619c00000|  0%| F|  |TAMS 0x0000000619800000, 0x0000000619800000| Untracked 
|  87|0x0000000619c00000, 0x0000000619c00000, 0x000000061a000000|  0%| F|  |TAMS 0x0000000619c00000, 0x0000000619c00000| Untracked 
|  88|0x000000061a000000, 0x000000061a000000, 0x000000061a400000|  0%| F|  |TAMS 0x000000061a000000, 0x000000061a000000| Untracked 
|  89|0x000000061a400000, 0x000000061a400000, 0x000000061a800000|  0%| F|  |TAMS 0x000000061a400000, 0x000000061a400000| Untracked 
|  90|0x000000061a800000, 0x000000061a800000, 0x000000061ac00000|  0%| F|  |TAMS 0x000000061a800000, 0x000000061a800000| Untracked 
|  91|0x000000061ac00000, 0x000000061ac00000, 0x000000061b000000|  0%| F|  |TAMS 0x000000061ac00000, 0x000000061ac00000| Untracked 
|  92|0x000000061b000000, 0x000000061b000000, 0x000000061b400000|  0%| F|  |TAMS 0x000000061b000000, 0x000000061b000000| Untracked 
|  93|0x000000061b400000, 0x000000061b400000, 0x000000061b800000|  0%| F|  |TAMS 0x000000061b400000, 0x000000061b400000| Untracked 
|  94|0x000000061b800000, 0x000000061b800000, 0x000000061bc00000|  0%| F|  |TAMS 0x000000061b800000, 0x000000061b800000| Untracked 
|  95|0x000000061bc00000, 0x000000061bc00000, 0x000000061c000000|  0%| F|  |TAMS 0x000000061bc00000, 0x000000061bc00000| Untracked 
|  96|0x000000061c000000, 0x000000061c000000, 0x000000061c400000|  0%| F|  |TAMS 0x000000061c000000, 0x000000061c000000| Untracked 
|  97|0x000000061c400000, 0x000000061c800000, 0x000000061c800000|100%| S|CS|TAMS 0x000000061c400000, 0x000000061c400000| Complete 
|  98|0x000000061c800000, 0x000000061cc00000, 0x000000061cc00000|100%| S|CS|TAMS 0x000000061c800000, 0x000000061c800000| Complete 
|  99|0x000000061cc00000, 0x000000061d000000, 0x000000061d000000|100%| S|CS|TAMS 0x000000061cc00000, 0x000000061cc00000| Complete 
| 100|0x000000061d000000, 0x000000061d400000, 0x000000061d400000|100%| S|CS|TAMS 0x000000061d000000, 0x000000061d000000| Complete 
| 101|0x000000061d400000, 0x000000061d400000, 0x000000061d800000|  0%| F|  |TAMS 0x000000061d400000, 0x000000061d400000| Untracked 
| 102|0x000000061d800000, 0x000000061d800000, 0x000000061dc00000|  0%| F|  |TAMS 0x000000061d800000, 0x000000061d800000| Untracked 
| 103|0x000000061dc00000, 0x000000061dc00000, 0x000000061e000000|  0%| F|  |TAMS 0x000000061dc00000, 0x000000061dc00000| Untracked 
| 104|0x000000061e000000, 0x000000061e000000, 0x000000061e400000|  0%| F|  |TAMS 0x000000061e000000, 0x000000061e000000| Untracked 
| 105|0x000000061e400000, 0x000000061e400000, 0x000000061e800000|  0%| F|  |TAMS 0x000000061e400000, 0x000000061e400000| Untracked 
| 106|0x000000061e800000, 0x000000061e800000, 0x000000061ec00000|  0%| F|  |TAMS 0x000000061e800000, 0x000000061e800000| Untracked 
| 107|0x000000061ec00000, 0x000000061ec00000, 0x000000061f000000|  0%| F|  |TAMS 0x000000061ec00000, 0x000000061ec00000| Untracked 
| 108|0x000000061f000000, 0x000000061f000000, 0x000000061f400000|  0%| F|  |TAMS 0x000000061f000000, 0x000000061f000000| Untracked 
| 109|0x000000061f400000, 0x000000061f400000, 0x000000061f800000|  0%| F|  |TAMS 0x000000061f400000, 0x000000061f400000| Untracked 
| 110|0x000000061f800000, 0x000000061f800000, 0x000000061fc00000|  0%| F|  |TAMS 0x000000061f800000, 0x000000061f800000| Untracked 
| 111|0x000000061fc00000, 0x000000061fc00000, 0x0000000620000000|  0%| F|  |TAMS 0x000000061fc00000, 0x000000061fc00000| Untracked 
| 112|0x0000000620000000, 0x0000000620000000, 0x0000000620400000|  0%| F|  |TAMS 0x0000000620000000, 0x0000000620000000| Untracked 
| 113|0x0000000620400000, 0x0000000620400000, 0x0000000620800000|  0%| F|  |TAMS 0x0000000620400000, 0x0000000620400000| Untracked 
| 114|0x0000000620800000, 0x0000000620800000, 0x0000000620c00000|  0%| F|  |TAMS 0x0000000620800000, 0x0000000620800000| Untracked 
| 115|0x0000000620c00000, 0x0000000620c00000, 0x0000000621000000|  0%| F|  |TAMS 0x0000000620c00000, 0x0000000620c00000| Untracked 
| 116|0x0000000621000000, 0x0000000621000000, 0x0000000621400000|  0%| F|  |TAMS 0x0000000621000000, 0x0000000621000000| Untracked 
| 117|0x0000000621400000, 0x0000000621400000, 0x0000000621800000|  0%| F|  |TAMS 0x0000000621400000, 0x0000000621400000| Untracked 
| 118|0x0000000621800000, 0x0000000621800000, 0x0000000621c00000|  0%| F|  |TAMS 0x0000000621800000, 0x0000000621800000| Untracked 
| 119|0x0000000621c00000, 0x0000000621c00000, 0x0000000622000000|  0%| F|  |TAMS 0x0000000621c00000, 0x0000000621c00000| Untracked 
| 120|0x0000000622000000, 0x0000000622000000, 0x0000000622400000|  0%| F|  |TAMS 0x0000000622000000, 0x0000000622000000| Untracked 
| 121|0x0000000622400000, 0x0000000622400000, 0x0000000622800000|  0%| F|  |TAMS 0x0000000622400000, 0x0000000622400000| Untracked 
| 122|0x0000000622800000, 0x0000000622800000, 0x0000000622c00000|  0%| F|  |TAMS 0x0000000622800000, 0x0000000622800000| Untracked 
| 123|0x0000000622c00000, 0x0000000622c00000, 0x0000000623000000|  0%| F|  |TAMS 0x0000000622c00000, 0x0000000622c00000| Untracked 
| 124|0x0000000623000000, 0x0000000623000000, 0x0000000623400000|  0%| F|  |TAMS 0x0000000623000000, 0x0000000623000000| Untracked 
| 125|0x0000000623400000, 0x0000000623400000, 0x0000000623800000|  0%| F|  |TAMS 0x0000000623400000, 0x0000000623400000| Untracked 
| 126|0x0000000623800000, 0x0000000623800000, 0x0000000623c00000|  0%| F|  |TAMS 0x0000000623800000, 0x0000000623800000| Untracked 

Card table byte_map: [0x000001e6c8030000,0x000001e6c9010000] _byte_map_base: 0x000001e6c5010000

Marking Bits (Prev, Next): (CMBitMap*) 0x000001e6ae367d00, (CMBitMap*) 0x000001e6ae367d40
 Prev Bits: [0x000001e6c9ff0000, 0x000001e6d1ef0000)
 Next Bits: [0x000001e6d1ef0000, 0x000001e6d9df0000)

Polling page: 0x000001e6ae380000

Metaspace:

Usage:
  Non-class:      2.97 MB used.
      Class:    206.02 KB used.
       Both:      3.17 MB used.

Virtual space:
  Non-class space:       64.00 MB reserved,       3.06 MB (  5%) committed,  1 nodes.
      Class space:        1.00 GB reserved,     256.00 KB ( <1%) committed,  1 nodes.
             Both:        1.06 GB reserved,       3.31 MB ( <1%) committed. 

Chunk freelists:
   Non-Class:  2.59 MB
       Class:  3.62 MB
        Both:  6.21 MB

MaxMetaspaceSize: unlimited
CompressedClassSpaceSize: 1.00 GB
Initial GC threshold: 21.00 MB
Current GC threshold: 21.00 MB
CDS: on
MetaspaceReclaimPolicy: balanced
 - commit_granule_bytes: 65536.
 - commit_granule_words: 8192.
 - virtual_space_node_default_size: 8388608.
 - enlarge_chunks_in_place: 1.
 - new_chunks_are_fully_committed: 0.
 - uncommit_free_chunks: 1.
 - use_allocation_guard: 0.


Internal statistics:

num_allocs_failed_limit: 0.
num_arena_births: 48.
num_arena_deaths: 0.
num_vsnodes_births: 2.
num_vsnodes_deaths: 0.
num_space_committed: 51.
num_space_uncommitted: 0.
num_chunks_returned_to_freelist: 0.
num_chunks_taken_from_freelist: 111.
num_chunk_merges: 0.
num_chunk_splits: 73.
num_chunks_enlarged: 53.
num_inconsistent_stats: 0.

CodeHeap 'non-profiled nmethods': size=120000Kb used=541Kb max_used=541Kb free=119458Kb
 bounds [0x000001e6bee90000, 0x000001e6bf100000, 0x000001e6c63c0000]
CodeHeap 'profiled nmethods': size=120000Kb used=1635Kb max_used=1635Kb free=118364Kb
 bounds [0x000001e6b7960000, 0x000001e6b7bd0000, 0x000001e6bee90000]
CodeHeap 'non-nmethods': size=5760Kb used=1229Kb max_used=1297Kb free=4530Kb
 bounds [0x000001e6b73c0000, 0x000001e6b7630000, 0x000001e6b7960000]
 total_blobs=1520 nmethods=988 adapters=445
 compilation: enabled
              stopped_count=0, restarted_count=0
 full_count=0

Compilation events (20 events):
Event: 5.594 Thread 0x000001e6dc176290  980       4       java.nio.ByteBuffer::position (6 bytes)
Event: 5.595 Thread 0x000001e6dc176290 nmethod 980 0x000001e6bef16290 code [0x000001e6bef16420, 0x000001e6bef16518]
Event: 5.729 Thread 0x000001e6dc176290  981       4       java.nio.ByteBuffer::limit (6 bytes)
Event: 5.732 Thread 0x000001e6dc176290 nmethod 981 0x000001e6bef16610 code [0x000001e6bef167a0, 0x000001e6bef168b8]
Event: 5.968 Thread 0x000001e6dc176c70  982       3       java.io.WinNTFileSystem::isLetter (30 bytes)
Event: 5.968 Thread 0x000001e6dc176c70 nmethod 982 0x000001e6b7af5a10 code [0x000001e6b7af5ba0, 0x000001e6b7af5db8]
Event: 6.283 Thread 0x000001e6dc176290  983       4       java.nio.charset.CoderResult::isOverflow (14 bytes)
Event: 6.284 Thread 0x000001e6dc176290 nmethod 983 0x000001e6bef16a10 code [0x000001e6bef16b80, 0x000001e6bef16c18]
Event: 6.670 Thread 0x000001e6dc176c70  984   !   3       jdk.internal.ref.PhantomCleanable::remove (60 bytes)
Event: 6.671 Thread 0x000001e6dc176c70 nmethod 984 0x000001e6b7af5e90 code [0x000001e6b7af6040, 0x000001e6b7af6478]
Event: 6.671 Thread 0x000001e6dc176c70  985       3       java.lang.ref.Reference::clear (5 bytes)
Event: 6.671 Thread 0x000001e6dc176c70 nmethod 985 0x000001e6b7af6610 code [0x000001e6b7af67a0, 0x000001e6b7af68e8]
Event: 6.758 Thread 0x000001e6dc176c70  987   !   3       java.io.WinNTFileSystem::isInvalid (78 bytes)
Event: 6.758 Thread 0x000001e6dc176c70 nmethod 987 0x000001e6b7af6990 code [0x000001e6b7af6b80, 0x000001e6b7af6fb8]
Event: 6.963 Thread 0x000001e6dc176c70  988       3       java.io.WinNTFileSystem::prefixLength (91 bytes)
Event: 6.965 Thread 0x000001e6dc176c70 nmethod 988 0x000001e6b7af7190 code [0x000001e6b7af74a0, 0x000001e6b7af88d8]
Event: 7.424 Thread 0x000001e6dc176290  989       4       java.nio.MappedByteBuffer::position (6 bytes)
Event: 7.425 Thread 0x000001e6dc176290 nmethod 989 0x000001e6bef17110 code [0x000001e6bef17280, 0x000001e6bef17378]
Event: 7.431 Thread 0x000001e6dc176290  990       4       java.nio.charset.CoderResult::isUnderflow (13 bytes)
Event: 7.431 Thread 0x000001e6dc176290 nmethod 990 0x000001e6bef17490 code [0x000001e6bef17600, 0x000001e6bef17698]

GC Heap History (11 events):
Event: 4.064 GC heap before
{Heap before GC invocations=0 (full 0):
 garbage-first heap   total 520192K, used 24576K [0x0000000604000000, 0x0000000800000000)
  region size 4096K, 6 young (24576K), 0 survivors (0K)
 Metaspace       used 3215K, committed 3328K, reserved 1114112K
  class space    used 206K, committed 256K, reserved 1048576K
}
Event: 4.070 GC heap after
{Heap after GC invocations=1 (full 0):
 garbage-first heap   total 520192K, used 7349K [0x0000000604000000, 0x0000000800000000)
  region size 4096K, 1 young (4096K), 1 survivors (4096K)
 Metaspace       used 3215K, committed 3328K, reserved 1114112K
  class space    used 206K, committed 256K, reserved 1048576K
}
Event: 4.334 GC heap before
{Heap before GC invocations=1 (full 0):
 garbage-first heap   total 520192K, used 27829K [0x0000000604000000, 0x0000000800000000)
  region size 4096K, 6 young (24576K), 1 survivors (4096K)
 Metaspace       used 3237K, committed 3392K, reserved 1114112K
  class space    used 206K, committed 256K, reserved 1048576K
}
Event: 4.339 GC heap after
{Heap after GC invocations=2 (full 0):
 garbage-first heap   total 520192K, used 13304K [0x0000000604000000, 0x0000000800000000)
  region size 4096K, 1 young (4096K), 1 survivors (4096K)
 Metaspace       used 3237K, committed 3392K, reserved 1114112K
  class space    used 206K, committed 256K, reserved 1048576K
}
Event: 4.933 GC heap before
{Heap before GC invocations=2 (full 0):
 garbage-first heap   total 520192K, used 58360K [0x0000000604000000, 0x0000000800000000)
  region size 4096K, 12 young (49152K), 1 survivors (4096K)
 Metaspace       used 3244K, committed 3392K, reserved 1114112K
  class space    used 206K, committed 256K, reserved 1048576K
}
Event: 4.943 GC heap after
{Heap after GC invocations=3 (full 0):
 garbage-first heap   total 520192K, used 26964K [0x0000000604000000, 0x0000000800000000)
  region size 4096K, 2 young (8192K), 2 survivors (8192K)
 Metaspace       used 3244K, committed 3392K, reserved 1114112K
  class space    used 206K, committed 256K, reserved 1048576K
}
Event: 5.693 GC heap before
{Heap before GC invocations=3 (full 0):
 garbage-first heap   total 520192K, used 84308K [0x0000000604000000, 0x0000000800000000)
  region size 4096K, 16 young (65536K), 2 survivors (8192K)
 Metaspace       used 3244K, committed 3392K, reserved 1114112K
  class space    used 206K, committed 256K, reserved 1048576K
}
Event: 5.704 GC heap after
{Heap after GC invocations=4 (full 0):
 garbage-first heap   total 520192K, used 45372K [0x0000000604000000, 0x0000000800000000)
  region size 4096K, 2 young (8192K), 2 survivors (8192K)
 Metaspace       used 3244K, committed 3392K, reserved 1114112K
  class space    used 206K, committed 256K, reserved 1048576K
}
Event: 6.454 GC heap before
{Heap before GC invocations=4 (full 0):
 garbage-first heap   total 520192K, used 110908K [0x0000000604000000, 0x0000000800000000)
  region size 4096K, 18 young (73728K), 2 survivors (8192K)
 Metaspace       used 3245K, committed 3392K, reserved 1114112K
  class space    used 206K, committed 256K, reserved 1048576K
}
Event: 6.469 GC heap after
{Heap after GC invocations=5 (full 0):
 garbage-first heap   total 520192K, used 67050K [0x0000000604000000, 0x0000000800000000)
  region size 4096K, 3 young (12288K), 3 survivors (12288K)
 Metaspace       used 3245K, committed 3392K, reserved 1114112K
  class space    used 206K, committed 256K, reserved 1048576K
}
Event: 7.493 GC heap before
{Heap before GC invocations=5 (full 0):
 garbage-first heap   total 520192K, used 161258K [0x0000000604000000, 0x0000000800000000)
  region size 4096K, 26 young (106496K), 3 survivors (12288K)
 Metaspace       used 3246K, committed 3392K, reserved 1114112K
  class space    used 206K, committed 256K, reserved 1048576K
}

Deoptimization events (20 events):
Event: 4.070 Thread 0x000001e6e867fe20 Uncommon trap: trap_request=0xffffff45 fr.pc=0x000001e6beed7a48 relative=0x0000000000000128
Event: 4.070 Thread 0x000001e6e867fe20 Uncommon trap: reason=unstable_if action=reinterpret pc=0x000001e6beed7a48 method=java.lang.ref.SoftReference.get()Ljava/lang/Object; @ 17 c2
Event: 4.070 Thread 0x000001e6e867fe20 DEOPT PACKING pc=0x000001e6beed7a48 sp=0x0000007884a0f0b0
Event: 4.070 Thread 0x000001e6e867fe20 DEOPT UNPACKING pc=0x000001e6b74123a3 sp=0x0000007884a0f000 mode 2
Event: 4.472 Thread 0x000001e6e867fe20 DEOPT PACKING pc=0x000001e6b7ae048f sp=0x0000007884a0f090
Event: 4.472 Thread 0x000001e6e867fe20 DEOPT UNPACKING pc=0x000001e6b7412b43 sp=0x0000007884a0e6b8 mode 0
Event: 4.543 Thread 0x000001e6e867fe20 DEOPT PACKING pc=0x000001e6b7ae048f sp=0x0000007884a0f090
Event: 4.543 Thread 0x000001e6e867fe20 DEOPT UNPACKING pc=0x000001e6b7412b43 sp=0x0000007884a0e6b8 mode 0
Event: 4.598 Thread 0x000001e6e867fe20 DEOPT PACKING pc=0x000001e6b7ae048f sp=0x0000007884a0f090
Event: 4.598 Thread 0x000001e6e867fe20 DEOPT UNPACKING pc=0x000001e6b7412b43 sp=0x0000007884a0e6b8 mode 0
Event: 4.671 Thread 0x000001e6e867fe20 DEOPT PACKING pc=0x000001e6b7ae048f sp=0x0000007884a0f090
Event: 4.671 Thread 0x000001e6e867fe20 DEOPT UNPACKING pc=0x000001e6b7412b43 sp=0x0000007884a0e6b8 mode 0
Event: 4.742 Thread 0x000001e6e867fe20 DEOPT PACKING pc=0x000001e6b7ae048f sp=0x0000007884a0f090
Event: 4.742 Thread 0x000001e6e867fe20 DEOPT UNPACKING pc=0x000001e6b7412b43 sp=0x0000007884a0e6b8 mode 0
Event: 4.814 Thread 0x000001e6e867fe20 DEOPT PACKING pc=0x000001e6b7ae048f sp=0x0000007884a0f090
Event: 4.814 Thread 0x000001e6e867fe20 DEOPT UNPACKING pc=0x000001e6b7412b43 sp=0x0000007884a0e6b8 mode 0
Event: 4.880 Thread 0x000001e6e867fe20 DEOPT PACKING pc=0x000001e6b7ae048f sp=0x0000007884a0f090
Event: 4.880 Thread 0x000001e6e867fe20 DEOPT UNPACKING pc=0x000001e6b7412b43 sp=0x0000007884a0e6b8 mode 0
Event: 5.234 Thread 0x000001e6e867fe20 DEOPT PACKING pc=0x000001e6b7af368c sp=0x0000007884a0ed00
Event: 5.234 Thread 0x000001e6e867fe20 DEOPT UNPACKING pc=0x000001e6b7412b43 sp=0x0000007884a0e270 mode 0

Classes loaded (20 events):
Event: 1.123 Loading class java/nio/channels/SelectableChannel
Event: 1.124 Loading class java/nio/channels/SelectableChannel done
Event: 1.155 Loading class java/lang/InstantiationException
Event: 1.155 Loading class java/lang/InstantiationException done
Event: 1.156 Loading class java/lang/reflect/InvocationTargetException
Event: 1.156 Loading class java/lang/reflect/InvocationTargetException done
Event: 1.156 Loading class java/lang/SecurityException
Event: 1.156 Loading class java/lang/SecurityException done
Event: 3.689 Loading class java/io/FileReader
Event: 3.689 Loading class java/io/InputStreamReader
Event: 3.689 Loading class java/io/InputStreamReader done
Event: 3.689 Loading class java/io/FileReader done
Event: 3.691 Loading class java/io/BufferedReader
Event: 3.692 Loading class java/io/BufferedReader done
Event: 3.710 Loading class sun/invoke/util/ValueConversions$1
Event: 3.710 Loading class sun/invoke/util/ValueConversions$1 done
Event: 3.711 Loading class java/lang/invoke/BoundMethodHandle$Species_LI
Event: 3.711 Loading class java/lang/invoke/BoundMethodHandle$Species_LI done
Event: 3.735 Loading class java/lang/invoke/MethodHandle$1
Event: 3.735 Loading class java/lang/invoke/MethodHandle$1 done

Classes unloaded (0 events):
No events

Classes redefined (0 events):
No events

Internal exceptions (9 events):
Event: 0.535 Thread 0x000001e6ae2b6c80 Exception <a 'java/lang/NoSuchMethodError'{0x0000000623adaf50}: 'int java.lang.invoke.Invokers$Holder.invokeExact_MT(java.lang.Object, java.lang.Object)'> (0x0000000623adaf50) 
thrown [s\open\src\hotspot\share\interpreter\linkResolver.cpp, line 759]
Event: 1.059 Thread 0x000001e6ae2b6c80 Exception <a 'java/lang/ClassNotFoundException'{0x00000006236544c8}: sun/net/www/protocol/c/Handler> (0x00000006236544c8) 
thrown [s\open\src\hotspot\share\classfile\systemDictionary.cpp, line 255]
Event: 1.147 Thread 0x000001e6ae2b6c80 Exception <a 'java/lang/ClassNotFoundException'{0x0000000623758eb0}: sun/net/www/protocol/c/Handler> (0x0000000623758eb0) 
thrown [s\open\src\hotspot\share\classfile\systemDictionary.cpp, line 255]
Event: 3.711 Thread 0x000001e6e867fe20 Exception <a 'java/lang/NoSuchMethodError'{0x00000006230e5608}: 'int java.lang.invoke.DirectMethodHandle$Holder.invokeSpecial(java.lang.Object, java.lang.Object, java.lang.Object, int)'> (0x00000006230e5608) 
thrown [s\open\src\hotspot\share\interpreter\linkResolver.cpp, line 759]
Event: 3.713 Thread 0x000001e6e867fe20 Exception <a 'java/lang/NoSuchMethodError'{0x00000006230f8cc0}: 'java.lang.Object java.lang.invoke.DirectMethodHandle$Holder.invokeStatic(java.lang.Object, java.lang.Object, java.lang.Object, java.lang.Object, int)'> (0x00000006230f8cc0) 
thrown [s\open\src\hotspot\share\interpreter\linkResolver.cpp, line 759]
Event: 3.716 Thread 0x000001e6e867fe20 Exception <a 'java/lang/NoSuchMethodError'{0x0000000623104150}: 'java.lang.Object java.lang.invoke.DelegatingMethodHandle$Holder.reinvoke_L(java.lang.Object, int, int, int, int, int, int, int)'> (0x0000000623104150) 
thrown [s\open\src\hotspot\share\interpreter\linkResolver.cpp, line 759]
Event: 3.718 Thread 0x000001e6e867fe20 Exception <a 'java/lang/NoSuchMethodError'{0x0000000623109248}: 'int java.lang.invoke.DirectMethodHandle$Holder.invokeSpecial(java.lang.Object, java.lang.Object, java.lang.Object)'> (0x0000000623109248) 
thrown [s\open\src\hotspot\share\interpreter\linkResolver.cpp, line 759]
Event: 3.721 Thread 0x000001e6e867fe20 Exception <a 'java/lang/NoSuchMethodError'{0x00000006231155a8}: 'java.lang.Object java.lang.invoke.DirectMethodHandle$Holder.invokeStatic(java.lang.Object, java.lang.Object, int)'> (0x00000006231155a8) 
thrown [s\open\src\hotspot\share\interpreter\linkResolver.cpp, line 759]
Event: 3.723 Thread 0x000001e6e867fe20 Exception <a 'java/lang/NoSuchMethodError'{0x0000000623120fa0}: 'void java.lang.invoke.DelegatingMethodHandle$Holder.delegate(java.lang.Object, java.lang.Object, int, java.lang.Object)'> (0x0000000623120fa0) 
thrown [s\open\src\hotspot\share\interpreter\linkResolver.cpp, line 759]

VM Operations (20 events):
Event: 1.173 Executing VM operation: Cleanup done
Event: 2.174 Executing VM operation: Cleanup
Event: 2.174 Executing VM operation: Cleanup done
Event: 3.187 Executing VM operation: Cleanup
Event: 3.187 Executing VM operation: Cleanup done
Event: 3.721 Executing VM operation: HandshakeAllThreads
Event: 3.721 Executing VM operation: HandshakeAllThreads done
Event: 4.064 Executing VM operation: G1CollectForAllocation
Event: 4.070 Executing VM operation: G1CollectForAllocation done
Event: 4.334 Executing VM operation: G1CollectForAllocation
Event: 4.339 Executing VM operation: G1CollectForAllocation done
Event: 4.933 Executing VM operation: G1CollectForAllocation
Event: 4.943 Executing VM operation: G1CollectForAllocation done
Event: 5.693 Executing VM operation: G1CollectForAllocation
Event: 5.704 Executing VM operation: G1CollectForAllocation done
Event: 6.454 Executing VM operation: G1CollectForAllocation
Event: 6.469 Executing VM operation: G1CollectForAllocation done
Event: 7.475 Executing VM operation: Cleanup
Event: 7.476 Executing VM operation: Cleanup done
Event: 7.493 Executing VM operation: G1CollectForAllocation

Events (20 events):
Event: 0.059 Thread 0x000001e6dc176290 Thread added: 0x000001e6dc176290
Event: 0.059 Thread 0x000001e6dc176c70 Thread added: 0x000001e6dc176c70
Event: 0.060 Thread 0x000001e6dc17f0f0 Thread added: 0x000001e6dc17f0f0
Event: 0.104 Thread 0x000001e6e0e22010 Thread added: 0x000001e6e0e22010
Event: 0.109 Thread 0x000001e6e0e28910 Thread added: 0x000001e6e0e28910
Event: 0.122 Loaded shared library C:\Program Files\Java\jdk-18.0.2\bin\net.dll
Event: 0.125 Loaded shared library C:\Program Files\Java\jdk-18.0.2\bin\nio.dll
Event: 0.131 Loaded shared library C:\Program Files\Java\jdk-18.0.2\bin\zip.dll
Event: 0.167 Loaded shared library C:\Program Files\Java\jdk-18.0.2\bin\verify.dll
Event: 0.206 Loaded shared library C:\Users\garag\Documents\GitHub\OpencraftClient1\natives\lwjgl64.dll
Event: 0.795 Thread 0x000001e6e58a6ad0 Thread added: 0x000001e6e58a6ad0
Event: 0.995 Thread 0x000001e6e58a6ad0 Thread exited: 0x000001e6e58a6ad0
Event: 1.016 Loaded shared library C:\Program Files\Java\jdk-18.0.2\bin\jimage.dll
Event: 1.090 Loaded shared library C:\Program Files\Java\jdk-18.0.2\bin\awt.dll
Event: 1.120 Loaded shared library C:\Users\garag\Documents\GitHub\OpencraftClient1\natives\freetype-jni-64.dll
Event: 3.687 Thread 0x000001e6e867fe20 Thread added: 0x000001e6e867fe20
Event: 3.810 Thread 0x000001e6e867d730 Thread added: 0x000001e6e867d730
Event: 3.836 Thread 0x000001e6e86778d0 Thread added: 0x000001e6e86778d0
Event: 4.221 Thread 0x000001e6e86778d0 Thread exited: 0x000001e6e86778d0
Event: 4.221 Thread 0x000001e6e867d730 Thread exited: 0x000001e6e867d730


Dynamic libraries:
0x00007ff7f1b40000 - 0x00007ff7f1b50000 	C:\Program Files\Java\jdk-18.0.2\bin\javaw.exe
0x00007ffd0ea40000 - 0x00007ffd0ec49000 	C:\Windows\SYSTEM32\ntdll.dll
0x00007ffd0cef0000 - 0x00007ffd0cfae000 	C:\Windows\System32\KERNEL32.DLL
0x00007ffd0c510000 - 0x00007ffd0c88c000 	C:\Windows\System32\KERNELBASE.dll
0x00007ffd0c330000 - 0x00007ffd0c441000 	C:\Windows\System32\ucrtbase.dll
0x00007ffcb92b0000 - 0x00007ffcb92c8000 	C:\Program Files\Java\jdk-18.0.2\bin\jli.dll
0x00007ffca5cd0000 - 0x00007ffca5cea000 	C:\Program Files\Java\jdk-18.0.2\bin\VCRUNTIME140.dll
0x00007ffd0dcf0000 - 0x00007ffd0dd9e000 	C:\Windows\System32\ADVAPI32.dll
0x00007ffd0d810000 - 0x00007ffd0d8b3000 	C:\Windows\System32\msvcrt.dll
0x00007ffd0d9a0000 - 0x00007ffd0da3e000 	C:\Windows\System32\sechost.dll
0x00007ffd0cfb0000 - 0x00007ffd0d0d0000 	C:\Windows\System32\RPCRT4.dll
0x00007ffd0d0d0000 - 0x00007ffd0d27d000 	C:\Windows\System32\USER32.dll
0x00007ffd0c890000 - 0x00007ffd0c8b6000 	C:\Windows\System32\win32u.dll
0x00007ffcf6700000 - 0x00007ffcf69a5000 	C:\Windows\WinSxS\amd64_microsoft.windows.common-controls_6595b64144ccf1df_6.0.22000.120_none_9d947278b86cc467\COMCTL32.dll
0x00007ffd0db10000 - 0x00007ffd0db39000 	C:\Windows\System32\GDI32.dll
0x00007ffd0c100000 - 0x00007ffd0c218000 	C:\Windows\System32\gdi32full.dll
0x00007ffd0c290000 - 0x00007ffd0c32d000 	C:\Windows\System32\msvcp_win.dll
0x00007ffd04b60000 - 0x00007ffd04b6a000 	C:\Windows\SYSTEM32\VERSION.dll
0x00007ffd0dad0000 - 0x00007ffd0db01000 	C:\Windows\System32\IMM32.DLL
0x00007ffcb92a0000 - 0x00007ffcb92ac000 	C:\Program Files\Java\jdk-18.0.2\bin\vcruntime140_1.dll
0x00007ffca5c40000 - 0x00007ffca5ccd000 	C:\Program Files\Java\jdk-18.0.2\bin\msvcp140.dll
0x00007ffca35c0000 - 0x00007ffca41d1000 	C:\Program Files\Java\jdk-18.0.2\bin\server\jvm.dll
0x00007ffd0e5f0000 - 0x00007ffd0e5f8000 	C:\Windows\System32\PSAPI.DLL
0x00007ffca5c30000 - 0x00007ffca5c39000 	C:\Windows\SYSTEM32\WSOCK32.dll
0x00007ffd04ba0000 - 0x00007ffd04bd3000 	C:\Windows\SYSTEM32\WINMM.dll
0x00007ffd0e580000 - 0x00007ffd0e5ef000 	C:\Windows\System32\WS2_32.dll
0x00007ffd0af70000 - 0x00007ffd0af88000 	C:\Windows\SYSTEM32\kernel.appcore.dll
0x00007ffca5c20000 - 0x00007ffca5c2a000 	C:\Program Files\Java\jdk-18.0.2\bin\jimage.dll
0x00007ffd09260000 - 0x00007ffd09481000 	C:\Windows\SYSTEM32\DBGHELP.DLL
0x00007ffcfff30000 - 0x00007ffcfff61000 	C:\Windows\SYSTEM32\dbgcore.DLL
0x00007ffd0c080000 - 0x00007ffd0c0ff000 	C:\Windows\System32\bcryptPrimitives.dll
0x00007ffca5bf0000 - 0x00007ffca5c15000 	C:\Program Files\Java\jdk-18.0.2\bin\java.dll
0x00007ffca5b10000 - 0x00007ffca5be6000 	C:\Program Files\Java\jdk-18.0.2\bin\jsvml.dll
0x00007ffd0ddb0000 - 0x00007ffd0e575000 	C:\Windows\System32\SHELL32.dll
0x00007ffd09fe0000 - 0x00007ffd0a845000 	C:\Windows\SYSTEM32\windows.storage.dll
0x00007ffd0c8c0000 - 0x00007ffd0cc36000 	C:\Windows\System32\combase.dll
0x00007ffd09e70000 - 0x00007ffd09fd6000 	C:\Windows\SYSTEM32\wintypes.dll
0x00007ffd0d2a0000 - 0x00007ffd0d38a000 	C:\Windows\System32\SHCORE.dll
0x00007ffd0e720000 - 0x00007ffd0e77d000 	C:\Windows\System32\shlwapi.dll
0x00007ffd0be40000 - 0x00007ffd0be61000 	C:\Windows\SYSTEM32\profapi.dll
0x00007ffca5990000 - 0x00007ffca59a3000 	C:\Program Files\Java\jdk-18.0.2\bin\net.dll
0x00007ffd068d0000 - 0x00007ffd069e2000 	C:\Windows\SYSTEM32\WINHTTP.dll
0x00007ffd0b410000 - 0x00007ffd0b477000 	C:\Windows\system32\mswsock.dll
0x00007ffca5970000 - 0x00007ffca5986000 	C:\Program Files\Java\jdk-18.0.2\bin\nio.dll
0x00007ffca3460000 - 0x00007ffca3478000 	C:\Program Files\Java\jdk-18.0.2\bin\zip.dll
0x00007ffca4e40000 - 0x00007ffca4e50000 	C:\Program Files\Java\jdk-18.0.2\bin\verify.dll
0x0000000180000000 - 0x0000000180053000 	C:\Users\garag\Documents\GitHub\OpencraftClient1\natives\lwjgl64.dll
0x00007ffcc24d0000 - 0x00007ffcc25d1000 	C:\Windows\SYSTEM32\OPENGL32.dll
0x00007ffcc24a0000 - 0x00007ffcc24cd000 	C:\Windows\SYSTEM32\GLU32.dll
0x00007ffd097d0000 - 0x00007ffd09808000 	C:\Windows\SYSTEM32\dxcore.dll
0x00007ffd05e40000 - 0x00007ffd05ef8000 	C:\Windows\SYSTEM32\mscms.dll
0x00007ffd0b7e0000 - 0x00007ffd0b807000 	C:\Windows\SYSTEM32\bcrypt.dll
0x00007ffd0bb20000 - 0x00007ffd0bb6c000 	C:\Windows\SYSTEM32\cfgmgr32.dll
0x00007ffd0dc40000 - 0x00007ffd0dcef000 	C:\Windows\System32\clbcatq.dll
0x00007ffcff5d0000 - 0x00007ffcff61a000 	C:\Windows\System32\Windows.Internal.Graphics.Display.DisplayColorManagement.dll
0x00007ffd0d8c0000 - 0x00007ffd0d996000 	C:\Windows\System32\OLEAUT32.dll
0x00007ffd09560000 - 0x00007ffd0960c000 	C:\Windows\system32\uxtheme.dll
0x00007ffd0e600000 - 0x00007ffd0e71d000 	C:\Windows\System32\MSCTF.dll
0x00007ffd04220000 - 0x00007ffd04264000 	C:\Windows\SYSTEM32\directxdatabasehelper.dll
0x00007ffd0af90000 - 0x00007ffd0afc4000 	C:\Windows\SYSTEM32\ntmarta.dll
0x00007ffd05a40000 - 0x00007ffd05b74000 	C:\Windows\System32\AppXDeploymentClient.dll
0x00007ffd05580000 - 0x00007ffd0576f000 	C:\Windows\SYSTEM32\urlmon.dll
0x00007ffd05250000 - 0x00007ffd05503000 	C:\Windows\System32\iertutil.dll
0x00007ffd05550000 - 0x00007ffd05578000 	C:\Windows\System32\srvcli.dll
0x00007ffd0aa60000 - 0x00007ffd0aa6c000 	C:\Windows\System32\netutils.dll
0x00007ffc252d0000 - 0x00007ffc28c04000 	C:\Windows\System32\DriverStore\FileRepository\nvdm.inf_amd64_47b4de8ce9fa1909\nvoglv64.dll
0x00007ffd0d3a0000 - 0x00007ffd0d80c000 	C:\Windows\System32\SETUPAPI.dll
0x00007ffd0e780000 - 0x00007ffd0e91a000 	C:\Windows\System32\ole32.dll
0x00007ffd05130000 - 0x00007ffd05144000 	C:\Windows\SYSTEM32\WTSAPI32.dll
0x00007ffd0b6b0000 - 0x00007ffd0b6c2000 	C:\Windows\SYSTEM32\msasn1.dll
0x00007ffd045e0000 - 0x00007ffd04611000 	C:\Windows\SYSTEM32\cryptnet.dll
0x00007ffd0bf10000 - 0x00007ffd0c072000 	C:\Windows\System32\CRYPT32.dll
0x00007ffd04490000 - 0x00007ffd045d9000 	C:\Windows\SYSTEM32\drvstore.dll
0x00007ffd0baf0000 - 0x00007ffd0bb1c000 	C:\Windows\SYSTEM32\devobj.dll
0x00007ffd0b720000 - 0x00007ffd0b761000 	C:\Windows\SYSTEM32\wldp.dll
0x00007ffd0b650000 - 0x00007ffd0b65c000 	C:\Windows\SYSTEM32\cryptbase.dll
0x00007ffd0c220000 - 0x00007ffd0c288000 	C:\Windows\System32\WINTRUST.dll
0x00007ffd09840000 - 0x00007ffd0986f000 	C:\Windows\SYSTEM32\dwmapi.dll
0x00007ffcf7a90000 - 0x00007ffcf7bbd000 	C:\Windows\SYSTEM32\textinputframework.dll
0x00007ffd08e20000 - 0x00007ffd08f51000 	C:\Windows\SYSTEM32\CoreMessaging.dll
0x00007ffd00f40000 - 0x00007ffd012ad000 	C:\Windows\SYSTEM32\CoreUIComponents.dll
0x00007ffc8e970000 - 0x00007ffc8e9b4000 	C:\Windows\SYSTEM32\icm32.dll
0x00007ffd0bde0000 - 0x00007ffd0be2d000 	C:\Windows\SYSTEM32\powrprof.dll
0x00007ffd0bdc0000 - 0x00007ffd0bdd3000 	C:\Windows\SYSTEM32\UMPDC.dll
0x00007ffd0bba0000 - 0x00007ffd0bc04000 	C:\Windows\SYSTEM32\WINSTA.dll
0x00007ffd09680000 - 0x00007ffd09773000 	C:\Windows\system32\dxgi.dll
0x00007ffd00680000 - 0x00007ffd00900000 	C:\Windows\system32\d3d11.dll
0x00007ffcc09f0000 - 0x00007ffcc0aae000 	C:\Windows\System32\DriverStore\FileRepository\nvdm.inf_amd64_47b4de8ce9fa1909\nvldumdx.dll
0x00007ffd0d280000 - 0x00007ffd0d29f000 	C:\Windows\System32\imagehlp.dll
0x00007ffd0b660000 - 0x00007ffd0b678000 	C:\Windows\SYSTEM32\CRYPTSP.dll
0x00007ffd0aed0000 - 0x00007ffd0af05000 	C:\Windows\system32\rsaenh.dll
0x00007ffcbd0f0000 - 0x00007ffcc077a000 	C:\Windows\System32\DriverStore\FileRepository\nvdm.inf_amd64_47b4de8ce9fa1909\nvwgf2umx.dll
0x00007ffcf9960000 - 0x00007ffcfa0d2000 	C:\Windows\SYSTEM32\nvapi64.dll
0x00007ffcfce70000 - 0x00007ffcfe052000 	C:\Windows\System32\DriverStore\FileRepository\iigd_dch.inf_amd64_ec48fba0e5cab6d2\igd10iumd64.dll
0x00007ffd0b7b0000 - 0x00007ffd0b7d8000 	C:\Windows\SYSTEM32\ncrypt.dll
0x00007ffd09110000 - 0x00007ffd091a1000 	C:\Windows\SYSTEM32\apphelp.dll
0x00007ffd0b770000 - 0x00007ffd0b7a7000 	C:\Windows\SYSTEM32\NTASN1.dll
0x00007ffcfea70000 - 0x00007ffcfeda6000 	C:\Windows\System32\DriverStore\FileRepository\iigd_dch.inf_amd64_ec48fba0e5cab6d2\igdgmm64.dll
0x00007ffcfa0e0000 - 0x00007ffcfce6f000 	C:\Windows\System32\DriverStore\FileRepository\iigd_dch.inf_amd64_ec48fba0e5cab6d2\igc64.dll
0x00007ffd012b0000 - 0x00007ffd014c9000 	C:\Windows\SYSTEM32\dcomp.dll
0x00007ffcc3390000 - 0x00007ffcc351f000 	C:\Program Files\Java\jdk-18.0.2\bin\awt.dll
0x00007ffcc3240000 - 0x00007ffcc338e000 	C:\Users\garag\Documents\GitHub\OpencraftClient1\natives\freetype-jni-64.dll
0x00007ffcf59a0000 - 0x00007ffcf59cb000 	C:\Windows\SYSTEM32\VCRUNTIME140D.dll
0x00007ffcc3070000 - 0x00007ffcc3237000 	C:\Windows\SYSTEM32\ucrtbased.dll

dbghelp: loaded successfully - version: 4.0.5 - missing functions: none
symbol engine: initialized successfully - sym options: 0x614 - pdb path: .;C:\Program Files\Java\jdk-18.0.2\bin;C:\Windows\SYSTEM32;C:\Windows\WinSxS\amd64_microsoft.windows.common-controls_6595b64144ccf1df_6.0.22000.120_none_9d947278b86cc467;C:\Program Files\Java\jdk-18.0.2\bin\server;C:\Users\garag\Documents\GitHub\OpencraftClient1\natives;C:\Windows\System32\DriverStore\FileRepository\nvdm.inf_amd64_47b4de8ce9fa1909;C:\Windows\System32\DriverStore\FileRepository\iigd_dch.inf_amd64_ec48fba0e5cab6d2

VM Arguments:
jvm_args: -Djava.library.path=C:\Users\garag\Documents\GitHub\OpencraftClient1\natives -Dfile.encoding=UTF-8 -XX:+ShowCodeDetailsInExceptionMessages 
java_command: opencraft.Main
java_class_path (initial): C:\Users\garag\Documents\GitHub\OpencraftClient1\bin;C:\Users\garag\Documents\GitHub\OpencraftClient1\libs\AppleJavaExtensions.jar;C:\Users\garag\Documents\GitHub\OpencraftClient1\libs\asm-debug-all.jar;C:\Users\garag\Documents\GitHub\OpencraftClient1\libs\jinput.jar;C:\Users\garag\Documents\GitHub\OpencraftClient1\libs\laf-plugin-7.2.1.jar;C:\Users\garag\Documents\GitHub\OpencraftClient1\libs\laf-widget-7.2.1.jar;C:\Users\garag\Documents\GitHub\OpencraftClient1\libs\log4j-api-2.0-beta9.jar;C:\Users\garag\Documents\GitHub\OpencraftClient1\libs\lwjgl_test.jar;C:\Users\garag\Documents\GitHub\OpencraftClient1\libs\lwjgl_util_applet.jar;C:\Users\garag\Documents\GitHub\OpencraftClient1\libs\lwjgl_util.jar;C:\Users\garag\Documents\GitHub\OpencraftClient1\libs\lwjgl.jar;C:\Users\garag\Documents\GitHub\OpencraftClient1\libs\lwjgl-debug.jar;C:\Users\garag\Documents\GitHub\OpencraftClient1\libs\lzma.jar;C:\Users\garag\Documents\GitHub\OpencraftClient1\libs\substance-7.2.1.jar;C:\Users\garag\Documents\GitHub\OpencraftClient1\libs\trident-7.2.1.jar;C:\Users\garag\Documents\GitHub\OpencraftClient1\libs\slick-util.jar;C:\Users\garag\Documents\GitHub\OpencraftClient1\libs\TWL-LWJGL2.jar;C:\Users\garag\Documents\GitHub\OpencraftClient1\libs\freetype-jni.jar;C:\Users\garag\Documents\GitHub\OpencraftClient1\libs\guava-32.1.2-jre.jar
Launcher Type: SUN_STANDARD

[Global flags]
     intx CICompilerCount                          = 4                                         {product} {ergonomic}
     uint ConcGCThreads                            = 3                                         {product} {ergonomic}
     uint G1ConcRefinementThreads                  = 10                                        {product} {ergonomic}
   size_t G1HeapRegionSize                         = 4194304                                   {product} {ergonomic}
    uintx GCDrainStackTargetSize                   = 64                                        {product} {ergonomic}
   size_t InitialHeapSize                          = 532676608                                 {product} {ergonomic}
   size_t MarkStackSize                            = 4194304                                   {product} {ergonomic}
   size_t MaxHeapSize                              = 8522825728                                {product} {ergonomic}
   size_t MaxNewSize                               = 5112856576                                {product} {ergonomic}
   size_t MinHeapDeltaBytes                        = 4194304                                   {product} {ergonomic}
   size_t MinHeapSize                              = 8388608                                   {product} {ergonomic}
    uintx NonNMethodCodeHeapSize                   = 5839372                                {pd product} {ergonomic}
    uintx NonProfiledCodeHeapSize                  = 122909434                              {pd product} {ergonomic}
    uintx ProfiledCodeHeapSize                     = 122909434                              {pd product} {ergonomic}
    uintx ReservedCodeCacheSize                    = 251658240                              {pd product} {ergonomic}
     bool SegmentedCodeCache                       = true                                      {product} {ergonomic}
     bool ShowCodeDetailsInExceptionMessages       = true                                   {manageable} {command line}
   size_t SoftMaxHeapSize                          = 8522825728                             {manageable} {ergonomic}
     bool UseCompressedClassPointers               = true                           {product lp64_product} {ergonomic}
     bool UseCompressedOops                        = true                           {product lp64_product} {ergonomic}
     bool UseG1GC                                  = true                                      {product} {ergonomic}
     bool UseLargePagesIndividualAllocation        = false                                  {pd product} {ergonomic}

Logging:
Log output configuration:
 #0: stdout all=warning uptime,level,tags foldmultilines=false
 #1: stderr all=off uptime,level,tags foldmultilines=false

Environment Variables:
PATH=D:\usr\local\cell\host-win32\spu\bin;D:\usr\local\cell\host-win32\ppu\bin;D:\usr\local\cell\host-win32\sn\bin;D:\usr\local\cell\host-win32\bin;D:\usr\local\cell\host-win32\Cg\bin;C:\Program Files (x86)\SN Systems\PS3\bin;C:\Program Files (x86)\VMware\VMware Player\bin\;C:\Program Files\Common Files\Oracle\Java\javapath;C:\Windows\system32;C:\Windows;C:\Windows\System32\Wbem;C:\Windows\System32\WindowsPowerShell\v1.0\;C:\Windows\System32\OpenSSH\;C:\Program Files\dotnet\;C:\Program Files\WorldPainter;C:\Program Files\nodejs\;C:\Program Files\NASM;C:\Program Files\Git\cmd;C:\Program Files\Git LFS;C:\Program Files\Lip;C:\Users\garag\AppData\Local\Programs\Python\Python311\Scripts\;C:\Users\garag\AppData\Local\Programs\Python\Python311\;C:\Users\garag\AppData\Local\Microsoft\WindowsApps;C:\Users\garag\AppData\Local\atom\bin;C:\Users\garag\.dotnet\tools;C:\Users\garag\AppData\Roaming\npm;C:\Users\garag\AppData\Local\Programs\EmEditor;C:\Users\garag\AppData\Local\GitHubDesktop\bin;C:\ProgramData\garag\GitHubDesktop\bin
USERNAME=garag
OS=Windows_NT
PROCESSOR_IDENTIFIER=Intel64 Family 6 Model 165 Stepping 2, GenuineIntel



---------------  S Y S T E M  ---------------

OS:
 Windows 11 , 64 bit Build 22000 (10.0.22000.1516)
OS uptime: 2 days 18:03 hours

CPU: total 12 (initial active 12) (6 cores per cpu, 2 threads per core) family 6 model 165 stepping 2 microcode 0xf8, cx8, cmov, fxsr, ht, mmx, 3dnowpref, sse, sse2, sse3, ssse3, sse4.1, sse4.2, popcnt, lzcnt, tsc, tscinvbit, avx, avx2, aes, erms, clmul, bmi1, bmi2, adx, fma, vzeroupper, clflush, clflushopt

Memory: 4k page, system-wide physical 32511M (10440M free)
TotalPageFile size 36492M (AvailPageFile size 100M)
current process WorkingSet (physical memory assigned to process): 333M, peak: 333M
current process commit charge ("private bytes"): 768M, peak: 872M

vm_info: Java HotSpot(TM) 64-Bit Server VM (18.0.2+9-61) for windows-amd64 JRE (18.0.2+9-61), built on Jun  7 2022 13:09:01 by "mach5one" with MS VC++ 16.8 / 16.9 (VS2019)

END.
