#
# There is insufficient memory for the Java Runtime Environment to continue.
# Native memory allocation (mmap) failed to map 532676608 bytes for G1 virtual space
# Possible reasons:
#   The system is out of physical RAM or swap space
#   The process is running with CompressedOops enabled, and the Java Heap may be blocking the growth of the native heap
# Possible solutions:
#   Reduce memory load on the system
#   Increase physical memory or swap space
#   Check if swap backing store is full
#   Decrease Java heap size (-Xmx/-Xms)
#   Decrease number of Java threads
#   Decrease Java thread stack sizes (-Xss)
#   Set larger code cache with -XX:ReservedCodeCacheSize=
#   JVM is running with Zero Based Compressed Oops mode in which the Java heap is
#     placed in the first 32GB address space. The Java Heap base address is the
#     maximum limit for the native heap growth. Please use -XX:HeapBaseMinAddress
#     to set the Java Heap base and to place the Java Heap above 32GB virtual address.
# This output file may be truncated or incomplete.
#
#  Out of Memory Error (os_windows.cpp:3530), pid=36104, tid=35708
#
# JRE version:  (18.0.2+9) (build )
# Java VM: Java HotSpot(TM) 64-Bit Server VM (18.0.2+9-61, mixed mode, sharing, tiered, compressed oops, compressed class ptrs, g1 gc, windows-amd64)
# No core dump will be written. Minidumps are not enabled by default on client versions of Windows
#

---------------  S U M M A R Y ------------

Command Line: -Djava.library.path=C:\Users\garag\Documents\GitHub\OpencraftClient1\natives -Dfile.encoding=UTF-8 -XX:+ShowCodeDetailsInExceptionMessages opencraft.Main

Host: Intel(R) Core(TM) i7-10750H CPU @ 2.60GHz, 12 cores, 31G,  Windows 11 , 64 bit Build 22000 (10.0.22000.1516)
Time: Sat Dec 16 17:50:27 2023 Pacific Standard Time elapsed time: 0.020451 seconds (0d 0h 0m 0s)

---------------  T H R E A D  ---------------

Current thread (0x000002310d467120):  JavaThread "Unknown thread" [_thread_in_vm, id=35708, stack(0x000000f9b7100000,0x000000f9b7200000)]

Stack: [0x000000f9b7100000,0x000000f9b7200000]
Native frames: (J=compiled Java code, j=interpreted, Vv=VM code, C=native code)
V  [jvm.dll+0x6993ca]
V  [jvm.dll+0x7f481d]
V  [jvm.dll+0x7f612e]
V  [jvm.dll+0x7f67e3]
V  [jvm.dll+0x25cdaf]
V  [jvm.dll+0x696319]
V  [jvm.dll+0x68ae4a]
V  [jvm.dll+0x3223eb]
V  [jvm.dll+0x329dc6]
V  [jvm.dll+0x37eade]
V  [jvm.dll+0x37ed0f]
V  [jvm.dll+0x2fa16a]
V  [jvm.dll+0x2fb1cd]
V  [jvm.dll+0x7c3450]
V  [jvm.dll+0x38be61]
V  [jvm.dll+0x7a2073]
V  [jvm.dll+0x40dc3f]
V  [jvm.dll+0x40f611]
C  [jli.dll+0x526b]
C  [ucrtbase.dll+0x26c0c]
C  [KERNEL32.DLL+0x155a0]
C  [ntdll.dll+0x485b]


---------------  P R O C E S S  ---------------

Threads class SMR info:
_java_thread_list=0x00007fff9ae4e550, length=0, elements={
}

Java Threads: ( => current thread )

Other Threads:
  0x000002310d518170 WorkerThread "GC Thread#0" [stack: 0x000000f9b7200000,0x000000f9b7300000] [id=32796]
  0x000002310d528f10 ConcurrentGCThread "G1 Main Marker" [stack: 0x000000f9b7300000,0x000000f9b7400000] [id=31608]
  0x000002310d52be70 WorkerThread "G1 Conc#0" [stack: 0x000000f9b7400000,0x000000f9b7500000] [id=27220]

[error occurred during error reporting (printing all threads), id 0xc0000005, EXCEPTION_ACCESS_VIOLATION (0xc0000005) at pc=0x00007fff9a67a707]

VM state: not at safepoint (not fully initialized)

VM Mutex/Monitor currently owned by a thread:  ([mutex/lock_event])
[0x000002310d463750] Heap_lock - owner thread: 0x000002310d467120

Heap address: 0x0000000604000000, size: 8128 MB, Compressed Oops mode: Zero based, Oop shift amount: 3

CDS archive(s) mapped at: [0x0000000000000000-0x0000000000000000-0x0000000000000000), size 0, SharedBaseAddress: 0x0000000800000000, ArchiveRelocationMode: 0.
Narrow klass base: 0x0000000000000000, Narrow klass shift: 0, Narrow klass range: 0x0

GC Precious Log:
 CardTable entry size: 512
 Card Set container configuration: InlinePtr #cards 4 size 8 Array Of Cards #cards 32 size 80 Howl #buckets 8 coarsen threshold 7372 Howl Bitmap #cards 1024 size 144 coarsen threshold 921 Card regions per heap region 1 cards per card region 8192

Heap:
 garbage-first heap   total 0K, used 0K [0x0000000604000000, 0x0000000800000000)
  region size 4096K, 0 young (0K), 0 survivors (0K)

[error occurred during error reporting (printing heap information), id 0xc0000005, EXCEPTION_ACCESS_VIOLATION (0xc0000005) at pc=0x00007fff9aa61859]

GC Heap History (0 events):
No events

Deoptimization events (0 events):
No events

Classes loaded (0 events):
No events

Classes unloaded (0 events):
No events

Classes redefined (0 events):
No events

Internal exceptions (0 events):
No events

VM Operations (0 events):
No events

Events (1 events):
Event: 0.013 Loaded shared library C:\Program Files\Java\jdk-18.0.2\bin\java.dll


Dynamic libraries:
0x00007ff60c340000 - 0x00007ff60c350000 	C:\Program Files\Java\jdk-18.0.2\bin\javaw.exe
0x00007ff8223e0000 - 0x00007ff8225e9000 	C:\Windows\SYSTEM32\ntdll.dll
0x00007ff820560000 - 0x00007ff82061e000 	C:\Windows\System32\KERNEL32.DLL
0x00007ff81fe60000 - 0x00007ff8201dc000 	C:\Windows\System32\KERNELBASE.dll
0x00007ff81f8b0000 - 0x00007ff81f9c1000 	C:\Windows\System32\ucrtbase.dll
0x00007ffff6c20000 - 0x00007ffff6c3a000 	C:\Program Files\Java\jdk-18.0.2\bin\VCRUNTIME140.dll
0x00007ffff00d0000 - 0x00007ffff00e8000 	C:\Program Files\Java\jdk-18.0.2\bin\jli.dll
0x00007ff821360000 - 0x00007ff82140e000 	C:\Windows\System32\ADVAPI32.dll
0x00007ff821860000 - 0x00007ff821903000 	C:\Windows\System32\msvcrt.dll
0x00007ff820780000 - 0x00007ff82081e000 	C:\Windows\System32\sechost.dll
0x00007ff821410000 - 0x00007ff821530000 	C:\Windows\System32\RPCRT4.dll
0x00007ff821530000 - 0x00007ff8216dd000 	C:\Windows\System32\USER32.dll
0x00007fffefa10000 - 0x00007fffefcb5000 	C:\Windows\WinSxS\amd64_microsoft.windows.common-controls_6595b64144ccf1df_6.0.22000.120_none_9d947278b86cc467\COMCTL32.dll
0x00007ff81fa40000 - 0x00007ff81fa66000 	C:\Windows\System32\win32u.dll
0x00007ff8203a0000 - 0x00007ff8203c9000 	C:\Windows\System32\GDI32.dll
0x00007ff81fc80000 - 0x00007ff81fd98000 	C:\Windows\System32\gdi32full.dll
0x00007ff81fa70000 - 0x00007ff81fb0d000 	C:\Windows\System32\msvcp_win.dll
0x00007ff818050000 - 0x00007ff81805a000 	C:\Windows\SYSTEM32\VERSION.dll
0x00007ff820270000 - 0x00007ff8202a1000 	C:\Windows\System32\IMM32.DLL
0x00007ffff6c10000 - 0x00007ffff6c1c000 	C:\Program Files\Java\jdk-18.0.2\bin\vcruntime140_1.dll
0x00007fffa49a0000 - 0x00007fffa4a2d000 	C:\Program Files\Java\jdk-18.0.2\bin\msvcp140.dll
0x00007fff9a370000 - 0x00007fff9af81000 	C:\Program Files\Java\jdk-18.0.2\bin\server\jvm.dll
0x00007ff821910000 - 0x00007ff821918000 	C:\Windows\System32\PSAPI.DLL
0x00007ffff1af0000 - 0x00007ffff1af9000 	C:\Windows\SYSTEM32\WSOCK32.dll
0x00007ff819030000 - 0x00007ff819063000 	C:\Windows\SYSTEM32\WINMM.dll
0x00007ff820a90000 - 0x00007ff820aff000 	C:\Windows\System32\WS2_32.dll
0x00007ff81e910000 - 0x00007ff81e928000 	C:\Windows\SYSTEM32\kernel.appcore.dll
0x00007fffef430000 - 0x00007fffef43a000 	C:\Program Files\Java\jdk-18.0.2\bin\jimage.dll
0x00007ff81ccc0000 - 0x00007ff81cee1000 	C:\Windows\SYSTEM32\DBGHELP.DLL
0x00007ff815b90000 - 0x00007ff815bc1000 	C:\Windows\SYSTEM32\dbgcore.DLL
0x00007ff8201e0000 - 0x00007ff82025f000 	C:\Windows\System32\bcryptPrimitives.dll
0x00007fffe2aa0000 - 0x00007fffe2ac5000 	C:\Program Files\Java\jdk-18.0.2\bin\java.dll

dbghelp: loaded successfully - version: 4.0.5 - missing functions: none
symbol engine: initialized successfully - sym options: 0x614 - pdb path: .;C:\Program Files\Java\jdk-18.0.2\bin;C:\Windows\SYSTEM32;C:\Windows\WinSxS\amd64_microsoft.windows.common-controls_6595b64144ccf1df_6.0.22000.120_none_9d947278b86cc467;C:\Program Files\Java\jdk-18.0.2\bin\server

VM Arguments:
jvm_args: -Djava.library.path=C:\Users\garag\Documents\GitHub\OpencraftClient1\natives -Dfile.encoding=UTF-8 -XX:+ShowCodeDetailsInExceptionMessages 
java_command: opencraft.Main
java_class_path (initial): C:\Users\garag\Documents\GitHub\OpencraftClient1\bin;C:\Users\garag\Documents\GitHub\OpencraftClient1\libs\AppleJavaExtensions.jar;C:\Users\garag\Documents\GitHub\OpencraftClient1\libs\asm-debug-all.jar;C:\Users\garag\Documents\GitHub\OpencraftClient1\libs\jinput.jar;C:\Users\garag\Documents\GitHub\OpencraftClient1\libs\laf-plugin-7.2.1.jar;C:\Users\garag\Documents\GitHub\OpencraftClient1\libs\laf-widget-7.2.1.jar;C:\Users\garag\Documents\GitHub\OpencraftClient1\libs\log4j-api-2.0-beta9.jar;C:\Users\garag\Documents\GitHub\OpencraftClient1\libs\lwjgl_test.jar;C:\Users\garag\Documents\GitHub\OpencraftClient1\libs\lwjgl_util_applet.jar;C:\Users\garag\Documents\GitHub\OpencraftClient1\libs\lwjgl_util.jar;C:\Users\garag\Documents\GitHub\OpencraftClient1\libs\lwjgl.jar;C:\Users\garag\Documents\GitHub\OpencraftClient1\libs\lwjgl-debug.jar;C:\Users\garag\Documents\GitHub\OpencraftClient1\libs\lzma.jar;C:\Users\garag\Documents\GitHub\OpencraftClient1\libs\substance-7.2.1.jar;C:\Users\garag\Documents\GitHub\OpencraftClient1\libs\trident-7.2.1.jar;C:\Users\garag\Documents\GitHub\OpencraftClient1\libs\slick-util.jar;C:\Users\garag\Documents\GitHub\OpencraftClient1\libs\TWL-LWJGL2.jar;C:\Users\garag\Documents\GitHub\OpencraftClient1\libs\freetype-jni.jar;C:\Users\garag\Documents\GitHub\OpencraftClient1\libs\guava-32.1.2-jre.jar
Launcher Type: SUN_STANDARD

[Global flags]
     intx CICompilerCount                          = 4                                         {product} {ergonomic}
     uint ConcGCThreads                            = 3                                         {product} {ergonomic}
     uint G1ConcRefinementThreads                  = 10                                        {product} {ergonomic}
   size_t G1HeapRegionSize                         = 4194304                                   {product} {ergonomic}
    uintx GCDrainStackTargetSize                   = 64                                        {product} {ergonomic}
   size_t InitialHeapSize                          = 532676608                                 {product} {ergonomic}
   size_t MarkStackSize                            = 4194304                                   {product} {ergonomic}
   size_t MaxHeapSize                              = 8522825728                                {product} {ergonomic}
   size_t MinHeapDeltaBytes                        = 4194304                                   {product} {ergonomic}
   size_t MinHeapSize                              = 8388608                                   {product} {ergonomic}
    uintx NonNMethodCodeHeapSize                   = 5839372                                {pd product} {ergonomic}
    uintx NonProfiledCodeHeapSize                  = 122909434                              {pd product} {ergonomic}
    uintx ProfiledCodeHeapSize                     = 122909434                              {pd product} {ergonomic}
    uintx ReservedCodeCacheSize                    = 251658240                              {pd product} {ergonomic}
     bool SegmentedCodeCache                       = true                                      {product} {ergonomic}
     bool ShowCodeDetailsInExceptionMessages       = true                                   {manageable} {command line}
   size_t SoftMaxHeapSize                          = 8522825728                             {manageable} {ergonomic}
     bool UseCompressedClassPointers               = true                           {product lp64_product} {ergonomic}
     bool UseCompressedOops                        = true                           {product lp64_product} {ergonomic}
     bool UseG1GC                                  = true                                      {product} {ergonomic}
     bool UseLargePagesIndividualAllocation        = false                                  {pd product} {ergonomic}

Logging:
Log output configuration:
 #0: stdout all=warning uptime,level,tags foldmultilines=false
 #1: stderr all=off uptime,level,tags foldmultilines=false

Environment Variables:
PATH=D:\usr\local\cell\host-win32\spu\bin;D:\usr\local\cell\host-win32\ppu\bin;D:\usr\local\cell\host-win32\sn\bin;D:\usr\local\cell\host-win32\bin;D:\usr\local\cell\host-win32\Cg\bin;C:\Program Files (x86)\SN Systems\PS3\bin;C:\Program Files (x86)\VMware\VMware Player\bin\;C:\Program Files\Common Files\Oracle\Java\javapath;C:\Windows\system32;C:\Windows;C:\Windows\System32\Wbem;C:\Windows\System32\WindowsPowerShell\v1.0\;C:\Windows\System32\OpenSSH\;C:\Program Files\dotnet\;C:\Program Files\WorldPainter;C:\Program Files\nodejs\;C:\Program Files\NASM;C:\Program Files\Git\cmd;C:\Program Files\Git LFS;C:\Program Files\Lip;C:\Users\garag\AppData\Local\Programs\Python\Python311\Scripts\;C:\Users\garag\AppData\Local\Programs\Python\Python311\;C:\Users\garag\AppData\Local\Microsoft\WindowsApps;C:\Users\garag\AppData\Local\atom\bin;C:\Users\garag\.dotnet\tools;C:\Users\garag\AppData\Roaming\npm;C:\Users\garag\AppData\Local\Programs\EmEditor;C:\Users\garag\AppData\Local\GitHubDesktop\bin;C:\ProgramData\garag\GitHubDesktop\bin
USERNAME=garag
OS=Windows_NT
PROCESSOR_IDENTIFIER=Intel64 Family 6 Model 165 Stepping 2, GenuineIntel



---------------  S Y S T E M  ---------------

OS:
 Windows 11 , 64 bit Build 22000 (10.0.22000.1516)
OS uptime: 3 days 0:26 hours

CPU: total 12 (initial active 12) (6 cores per cpu, 2 threads per core) family 6 model 165 stepping 2 microcode 0xf8, cx8, cmov, fxsr, ht, mmx, 3dnowpref, sse, sse2, sse3, ssse3, sse4.1, sse4.2, popcnt, lzcnt, tsc, tscinvbit, avx, avx2, aes, erms, clmul, bmi1, bmi2, adx, fma, vzeroupper, clflush, clflushopt

Memory: 4k page, system-wide physical 32511M (13339M free)
TotalPageFile size 34145M (AvailPageFile size 471M)
current process WorkingSet (physical memory assigned to process): 11M, peak: 11M
current process commit charge ("private bytes"): 64M, peak: 572M

vm_info: Java HotSpot(TM) 64-Bit Server VM (18.0.2+9-61) for windows-amd64 JRE (18.0.2+9-61), built on Jun  7 2022 13:09:01 by "mach5one" with MS VC++ 16.8 / 16.9 (VS2019)

END.
